2024-11-13 09:04:48,159 [INFO] Activator:176 - 


2024-11-13 09:04:48,178 [INFO] Activator:177 - !SESSION log4j initialized
2024-11-13 09:04:54,721 [INFO] LogOutputStream:77 - [STDOUT_REDIRECT] 
2024-11-13 09:04:59,398 [INFO] ApplicationProperties:184 - Using Application install path: D:\ST\STM32CubeIDE_1.16.1\STM32CubeIDE\plugins\com.st.stm32cube.common.mx_6.12.1.202409122256
2024-11-13 09:04:59,443 [INFO] DbMcusXml:78 - Set database path to: D:\ST\STM32CubeIDE_1.16.1\STM32CubeIDE\plugins\com.st.stm32cube.common.mx_6.12.1.202409122256\\db\/mcu/
2024-11-13 09:04:59,443 [INFO] ApiDb:274 - Set plugin database path to: D:\ST\STM32CubeIDE_1.16.1\STM32CubeIDE\plugins\com.st.stm32cube.common.mx_6.12.1.202409122256\\db\/plugins/boardmanager/
2024-11-13 09:04:59,444 [WARN] ApiDb:259 - Overriding images path with different value:  => D:\ST\STM32CubeIDE_1.16.1\STM32CubeIDE\plugins\com.st.stm32cube.common.mx_6.12.1.202409122256\\db\/plugins/mcufinder/images/
2024-11-13 09:04:59,522 [INFO] ApiDb:250 - Set database path to: C:\Users\Administrator\.stmcufinder\plugins\mcufinder//mcu/
2024-11-13 09:04:59,523 [INFO] DbMcusAds:125 - Set database path to: C:\Users\Administrator\.stmcufinder\plugins\mcufinder//mcu/
2024-11-13 09:04:59,525 [INFO] CrossReferenceDbSqlite:203 - Set database path to: C:\Users\Administrator\.stmcufinder\plugins\mcufinder//mcu/cs/
2024-11-13 09:04:59,694 [INFO] RulesReader:64 - Compatibility file has been processed (297 Rules)
2024-11-13 09:04:59,895 [INFO] DbMcusXml:78 - Set database path to: D:\ST\STM32CubeIDE_1.16.1\STM32CubeIDE\plugins\com.st.stm32cube.common.mx_6.12.1.202409122256\\db\/mcu/
2024-11-13 09:04:59,895 [INFO] ApiDb:274 - Set plugin database path to: D:\ST\STM32CubeIDE_1.16.1\STM32CubeIDE\plugins\com.st.stm32cube.common.mx_6.12.1.202409122256\\db\/plugins/boardmanager/
2024-11-13 09:04:59,895 [INFO] ApiDb:261 - Set plugin images path to: D:\ST\STM32CubeIDE_1.16.1\STM32CubeIDE\plugins\com.st.stm32cube.common.mx_6.12.1.202409122256\\db\/plugins/mcufinder/images/
2024-11-13 09:04:59,895 [WARN] DbFile:41 - Overriding database path with different value: C:\Users\Administrator\.stmcufinder\plugins\mcufinder/ => C:\Users\Administrator\.stmcufinder\plugins\mcufinder
2024-11-13 09:04:59,895 [INFO] ApiDb:250 - Set database path to: C:\Users\Administrator\.stmcufinder\plugins\mcufinder//mcu/
2024-11-13 09:04:59,895 [WARN] DbFile:41 - Overriding database path with different value: C:\Users\Administrator\.stmcufinder\plugins\mcufinder/ => C:\Users\Administrator\.stmcufinder\plugins\mcufinder
2024-11-13 09:04:59,895 [INFO] DbMcusAds:125 - Set database path to: C:\Users\Administrator\.stmcufinder\plugins\mcufinder//mcu/
2024-11-13 09:04:59,895 [WARN] DbFile:41 - Overriding database path with different value: C:\Users\Administrator\.stmcufinder\plugins\mcufinder/ => C:\Users\Administrator\.stmcufinder\plugins\mcufinder
2024-11-13 09:04:59,895 [WARN] DbFile:41 - Overriding database path with different value: C:\Users\Administrator\.stmcufinder\plugins\mcufinder/ => C:\Users\Administrator\.stmcufinder\plugins\mcufinder
2024-11-13 09:04:59,896 [INFO] CrossReferenceDbSqlite:203 - Set database path to: C:\Users\Administrator\.stmcufinder\plugins\mcufinder//mcu/cs/
2024-11-13 09:05:00,019 [INFO] MainPanel:268 - HeapMemory: 268435456
2024-11-13 09:05:00,391 [INFO] DbMcusXml:78 - Set database path to: D:\ST\STM32CubeIDE_1.16.1\STM32CubeIDE\plugins\com.st.stm32cube.common.mx_6.12.1.202409122256\\db\/mcu/
2024-11-13 09:05:00,391 [INFO] ApiDb:274 - Set plugin database path to: D:\ST\STM32CubeIDE_1.16.1\STM32CubeIDE\plugins\com.st.stm32cube.common.mx_6.12.1.202409122256\\db\/plugins/boardmanager/
2024-11-13 09:05:00,392 [INFO] ApiDb:261 - Set plugin images path to: D:\ST\STM32CubeIDE_1.16.1\STM32CubeIDE\plugins\com.st.stm32cube.common.mx_6.12.1.202409122256\\db\/plugins/mcufinder/images/
2024-11-13 09:05:00,393 [WARN] DbFile:41 - Overriding database path with different value: C:\Users\Administrator\.stmcufinder\plugins\mcufinder/ => C:\Users\Administrator\.stmcufinder\plugins\mcufinder
2024-11-13 09:05:00,393 [INFO] ApiDb:250 - Set database path to: C:\Users\Administrator\.stmcufinder\plugins\mcufinder//mcu/
2024-11-13 09:05:00,393 [WARN] DbFile:41 - Overriding database path with different value: C:\Users\Administrator\.stmcufinder\plugins\mcufinder/ => C:\Users\Administrator\.stmcufinder\plugins\mcufinder
2024-11-13 09:05:00,393 [INFO] DbMcusAds:125 - Set database path to: C:\Users\Administrator\.stmcufinder\plugins\mcufinder//mcu/
2024-11-13 09:05:00,393 [WARN] DbFile:41 - Overriding database path with different value: C:\Users\Administrator\.stmcufinder\plugins\mcufinder/ => C:\Users\Administrator\.stmcufinder\plugins\mcufinder
2024-11-13 09:05:00,393 [WARN] DbFile:41 - Overriding database path with different value: C:\Users\Administrator\.stmcufinder\plugins\mcufinder/ => C:\Users\Administrator\.stmcufinder\plugins\mcufinder
2024-11-13 09:05:00,393 [INFO] CrossReferenceDbSqlite:203 - Set database path to: C:\Users\Administrator\.stmcufinder\plugins\mcufinder//mcu/cs/
2024-11-13 09:05:00,428 [INFO] ApplicationProperties:184 - Using Application install path: D:\ST\STM32CubeIDE_1.16.1\STM32CubeIDE\plugins\com.st.stm32cube.common.mx_6.12.1.202409122256
2024-11-13 09:05:00,431 [INFO] PluginManage:196 - Search for loadable plugins [exclusion list=, ]
2024-11-13 09:05:00,434 [INFO] PluginManage:310 - Check plugin analytics
2024-11-13 09:05:00,811 [INFO] AnalyticsPlugin:253 - Accepted Software Licenses: 
2024-11-13 09:05:00,812 [INFO] AnalyticsPlugin:255 - Accepted CMSIS Pack Licenses: 
2024-11-13 09:05:00,812 [INFO] AnalyticsPlugin:257 - Accepted Firmware Licenses: 
2024-11-13 09:05:00,814 [INFO] PluginManage:359 - Loaded plugin analytics (category:tool,tabindex:-1)
2024-11-13 09:05:00,814 [INFO] PluginManage:310 - Check plugin cadmodel
2024-11-13 09:05:00,844 [INFO] CADModel:105 - Init CAD model plugin
2024-11-13 09:05:00,844 [INFO] PluginManage:359 - Loaded plugin cadmodel (category:power,tabindex:5)
2024-11-13 09:05:00,844 [INFO] PluginManage:310 - Check plugin clock
2024-11-13 09:05:00,863 [INFO] PluginManage:359 - Loaded plugin clock (category:base,tabindex:2)
2024-11-13 09:05:00,863 [INFO] PluginManage:310 - Check plugin ddr
2024-11-13 09:05:00,880 [INFO] PluginManage:359 - Loaded plugin ddr (category:tool,tabindex:6)
2024-11-13 09:05:00,880 [INFO] PluginManage:310 - Check plugin filemanager
2024-11-13 09:05:01,137 [INFO] PluginManage:359 - Loaded plugin filemanager (category:base,tabindex:10)
2024-11-13 09:05:01,137 [INFO] PluginManage:310 - Check plugin ipmanager
2024-11-13 09:05:01,143 [INFO] PluginManage:359 - Loaded plugin ipmanager (category:base,tabindex:5)
2024-11-13 09:05:01,143 [INFO] PluginManage:310 - Check plugin lpbam
2024-11-13 09:05:01,171 [INFO] PluginManage:359 - Loaded plugin lpbam (category:base,tabindex:0)
2024-11-13 09:05:01,171 [INFO] PluginManage:310 - Check plugin memorymap
2024-11-13 09:05:01,195 [INFO] PluginManage:359 - Loaded plugin memorymap (category:base,tabindex:4)
2024-11-13 09:05:01,195 [INFO] PluginManage:310 - Check plugin pinoutandconfiguration
2024-11-13 09:05:01,205 [INFO] PluginManage:359 - Loaded plugin pinoutandconfiguration (category:base,tabindex:1)
2024-11-13 09:05:01,205 [INFO] PluginManage:310 - Check plugin pinoutconfig
2024-11-13 09:05:01,356 [WARN] SupportedApi:132 - Cannot load RTOS API schema: s4s-elt-must-match.1: The content of 'definitions' must match (annotation?, (simpleType | complexType)?, (unique | key | keyref)*)). A problem was found starting at: attribute.
2024-11-13 09:05:01,510 [INFO] PluginManage:359 - Loaded plugin pinoutconfig (category:base,tabindex:0)
2024-11-13 09:05:01,510 [INFO] PluginManage:310 - Check plugin power
2024-11-13 09:05:01,537 [INFO] PluginManage:359 - Loaded plugin power (category:power,tabindex:4)
2024-11-13 09:05:01,537 [INFO] PluginManage:310 - Check plugin projectmanager
2024-11-13 09:05:01,550 [INFO] PluginManage:359 - Loaded plugin projectmanager (category:projectmanager,tabindex:4)
2024-11-13 09:05:01,550 [INFO] PluginManage:310 - Check plugin rif
2024-11-13 09:05:01,575 [INFO] PluginManage:359 - Loaded plugin rif (category:base,tabindex:3)
2024-11-13 09:05:01,575 [INFO] PluginManage:310 - Check plugin thirdparty
2024-11-13 09:05:01,797 [INFO] PluginManage:359 - Loaded plugin thirdparty (category:base,tabindex:-1)
2024-11-13 09:05:01,797 [WARN] IntegrityCheckThread:84 - waiting for thirdparty lock release [integrity check]
2024-11-13 09:05:01,798 [INFO] PluginManage:310 - Check plugin tools
2024-11-13 09:05:01,798 [INFO] IntegrityCheckThread:86 - entering critical section [integrity check]
2024-11-13 09:05:01,798 [INFO] ThirdPartyUpdaterWithRetryManager:70 - Updater plugin not ready yet. [1/15]
2024-11-13 09:05:01,801 [INFO] PluginManage:359 - Loaded plugin tools (category:base,tabindex:7)
2024-11-13 09:05:01,801 [INFO] PluginManage:310 - Check plugin tutovideos
2024-11-13 09:05:01,971 [INFO] PluginManage:359 - Loaded plugin tutovideos (category:base,tabindex:-1)
2024-11-13 09:05:01,972 [INFO] PluginManage:310 - Check plugin updater
2024-11-13 09:05:02,006 [INFO] PluginManage:359 - Loaded plugin updater (category:base,tabindex:12)
2024-11-13 09:05:02,006 [INFO] PluginManage:310 - Check plugin userauth
2024-11-13 09:05:02,033 [INFO] UserAuth:113 - Init User Auth plugin
2024-11-13 09:05:02,033 [INFO] PluginManage:359 - Loaded plugin userauth (category:base,tabindex:14)
2024-11-13 09:05:02,033 [INFO] PluginManage:283 - PluginManage : Loaded plugins [18]
2024-11-13 09:05:02,335 [INFO] PinOutPanel:1561 - setPackage(No Configuration,No Configuration)
2024-11-13 09:05:02,464 [INFO] CADModel:165 - CPN selected for project level
2024-11-13 09:05:02,464 [INFO] CADModel:114 - Register for checkConnection events
2024-11-13 09:05:02,502 [INFO] IPUIPlugin:80 - create IPUIPlugin
2024-11-13 09:05:02,502 [INFO] PluginManager:220 - loadIPPluginJar : add adc
2024-11-13 09:05:02,504 [INFO] IPUIPlugin:80 - create IPUIPlugin
2024-11-13 09:05:02,504 [INFO] PluginManager:220 - loadIPPluginJar : add aes
2024-11-13 09:05:02,507 [INFO] IPUIPlugin:80 - create IPUIPlugin
2024-11-13 09:05:02,507 [INFO] PluginManager:220 - loadIPPluginJar : add can
2024-11-13 09:05:02,508 [INFO] IPUIPlugin:80 - create IPUIPlugin
2024-11-13 09:05:02,508 [INFO] PluginManager:220 - loadIPPluginJar : add comp
2024-11-13 09:05:02,510 [INFO] IPUIPlugin:80 - create IPUIPlugin
2024-11-13 09:05:02,510 [INFO] PluginManager:220 - loadIPPluginJar : add cryp
2024-11-13 09:05:02,522 [INFO] IPUIPlugin:80 - create IPUIPlugin
2024-11-13 09:05:02,522 [INFO] PluginManager:220 - loadIPPluginJar : add ddr_ctrl_phy
2024-11-13 09:05:02,524 [INFO] IPUIPlugin:80 - create IPUIPlugin
2024-11-13 09:05:02,524 [INFO] PluginManager:220 - loadIPPluginJar : add dfsdm
2024-11-13 09:05:02,528 [INFO] IPUIPlugin:80 - create IPUIPlugin
2024-11-13 09:05:02,528 [INFO] PluginManager:220 - loadIPPluginJar : add dma
2024-11-13 09:05:02,531 [INFO] IPUIPlugin:80 - create IPUIPlugin
2024-11-13 09:05:02,531 [INFO] PluginManager:220 - loadIPPluginJar : add dma3
2024-11-13 09:05:02,555 [INFO] IPUIPlugin:80 - create IPUIPlugin
2024-11-13 09:05:02,555 [INFO] PluginManager:220 - loadIPPluginJar : add extmemmanager
2024-11-13 09:05:02,557 [INFO] IPUIPlugin:80 - create IPUIPlugin
2024-11-13 09:05:02,557 [INFO] PluginManager:220 - loadIPPluginJar : add fatfs
2024-11-13 09:05:02,560 [INFO] IPUIPlugin:80 - create IPUIPlugin
2024-11-13 09:05:02,560 [INFO] PluginManager:220 - loadIPPluginJar : add fmc
2024-11-13 09:05:02,565 [INFO] IPUIPlugin:80 - create IPUIPlugin
2024-11-13 09:05:02,565 [INFO] PluginManager:220 - loadIPPluginJar : add freertos
2024-11-13 09:05:02,566 [INFO] IPUIPlugin:80 - create IPUIPlugin
2024-11-13 09:05:02,566 [INFO] PluginManager:220 - loadIPPluginJar : add genericplugin
2024-11-13 09:05:02,568 [INFO] IPUIPlugin:80 - create IPUIPlugin
2024-11-13 09:05:02,568 [INFO] PluginManager:220 - loadIPPluginJar : add gfxmmu
2024-11-13 09:05:02,571 [INFO] IPUIPlugin:80 - create IPUIPlugin
2024-11-13 09:05:02,571 [INFO] PluginManager:220 - loadIPPluginJar : add gic
2024-11-13 09:05:02,574 [INFO] IPUIPlugin:80 - create IPUIPlugin
2024-11-13 09:05:02,574 [INFO] PluginManager:220 - loadIPPluginJar : add gpio
2024-11-13 09:05:02,576 [INFO] IPUIPlugin:80 - create IPUIPlugin
2024-11-13 09:05:02,576 [INFO] PluginManager:220 - loadIPPluginJar : add gtzc
2024-11-13 09:05:02,577 [INFO] IPUIPlugin:80 - create IPUIPlugin
2024-11-13 09:05:02,577 [INFO] PluginManager:220 - loadIPPluginJar : add hash
2024-11-13 09:05:02,580 [INFO] IPUIPlugin:80 - create IPUIPlugin
2024-11-13 09:05:02,580 [INFO] PluginManager:220 - loadIPPluginJar : add i2c
2024-11-13 09:05:02,581 [INFO] IPUIPlugin:80 - create IPUIPlugin
2024-11-13 09:05:02,582 [INFO] PluginManager:220 - loadIPPluginJar : add i2s
2024-11-13 09:05:02,584 [INFO] IPUIPlugin:80 - create IPUIPlugin
2024-11-13 09:05:02,584 [INFO] PluginManager:220 - loadIPPluginJar : add i3c
2024-11-13 09:05:02,586 [INFO] IPUIPlugin:80 - create IPUIPlugin
2024-11-13 09:05:02,586 [INFO] PluginManager:220 - loadIPPluginJar : add ipddr
2024-11-13 09:05:02,621 [INFO] IPUIPlugin:80 - create IPUIPlugin
2024-11-13 09:05:02,621 [INFO] PluginManager:220 - loadIPPluginJar : add linkedlist
2024-11-13 09:05:02,623 [INFO] IPUIPlugin:80 - create IPUIPlugin
2024-11-13 09:05:02,623 [INFO] PluginManager:220 - loadIPPluginJar : add lorawan
2024-11-13 09:05:02,625 [INFO] IPUIPlugin:80 - create IPUIPlugin
2024-11-13 09:05:02,625 [INFO] PluginManager:220 - loadIPPluginJar : add ltdc
2024-11-13 09:05:02,628 [INFO] IPUIPlugin:80 - create IPUIPlugin
2024-11-13 09:05:02,628 [INFO] PluginManager:220 - loadIPPluginJar : add mdma
2024-11-13 09:05:02,631 [INFO] IPUIPlugin:80 - create IPUIPlugin
2024-11-13 09:05:02,631 [INFO] PluginManager:220 - loadIPPluginJar : add nvic
2024-11-13 09:05:02,633 [INFO] IPUIPlugin:80 - create IPUIPlugin
2024-11-13 09:05:02,633 [INFO] PluginManager:220 - loadIPPluginJar : add opamp
2024-11-13 09:05:02,635 [INFO] IPUIPlugin:80 - create IPUIPlugin
2024-11-13 09:05:02,635 [INFO] PluginManager:220 - loadIPPluginJar : add openamp
2024-11-13 09:05:02,638 [INFO] IPUIPlugin:80 - create IPUIPlugin
2024-11-13 09:05:02,638 [INFO] PluginManager:220 - loadIPPluginJar : add pdm2pcm
2024-11-13 09:05:02,642 [INFO] IPUIPlugin:80 - create IPUIPlugin
2024-11-13 09:05:02,643 [INFO] PluginManager:220 - loadIPPluginJar : add plateformsettings
2024-11-13 09:05:02,645 [INFO] IPUIPlugin:80 - create IPUIPlugin
2024-11-13 09:05:02,645 [INFO] PluginManager:220 - loadIPPluginJar : add quadspi
2024-11-13 09:05:02,646 [INFO] IPUIPlugin:80 - create IPUIPlugin
2024-11-13 09:05:02,646 [INFO] PluginManager:220 - loadIPPluginJar : add radio
2024-11-13 09:05:02,650 [INFO] IPUIPlugin:80 - create IPUIPlugin
2024-11-13 09:05:02,650 [INFO] PluginManager:220 - loadIPPluginJar : add resmgrutility
2024-11-13 09:05:02,654 [INFO] IPUIPlugin:80 - create IPUIPlugin
2024-11-13 09:05:02,654 [INFO] PluginManager:220 - loadIPPluginJar : add sai
2024-11-13 09:05:02,655 [INFO] IPUIPlugin:80 - create IPUIPlugin
2024-11-13 09:05:02,655 [INFO] PluginManager:220 - loadIPPluginJar : add spi
2024-11-13 09:05:02,659 [INFO] IPUIPlugin:80 - create IPUIPlugin
2024-11-13 09:05:02,659 [INFO] PluginManager:220 - loadIPPluginJar : add stm32_wpan
2024-11-13 09:05:02,661 [INFO] IPUIPlugin:80 - create IPUIPlugin
2024-11-13 09:05:02,661 [INFO] PluginManager:220 - loadIPPluginJar : add tim
2024-11-13 09:05:02,663 [INFO] IPUIPlugin:80 - create IPUIPlugin
2024-11-13 09:05:02,663 [INFO] PluginManager:220 - loadIPPluginJar : add touchsensing
2024-11-13 09:05:02,666 [INFO] IPUIPlugin:80 - create IPUIPlugin
2024-11-13 09:05:02,666 [INFO] PluginManager:220 - loadIPPluginJar : add tracer_emb
2024-11-13 09:05:02,667 [INFO] IPUIPlugin:80 - create IPUIPlugin
2024-11-13 09:05:02,667 [INFO] PluginManager:220 - loadIPPluginJar : add ts
2024-11-13 09:05:02,669 [INFO] IPUIPlugin:80 - create IPUIPlugin
2024-11-13 09:05:02,669 [INFO] PluginManager:220 - loadIPPluginJar : add tsc
2024-11-13 09:05:02,670 [INFO] IPUIPlugin:80 - create IPUIPlugin
2024-11-13 09:05:02,671 [INFO] PluginManager:220 - loadIPPluginJar : add ucpd
2024-11-13 09:05:02,673 [INFO] IPUIPlugin:80 - create IPUIPlugin
2024-11-13 09:05:02,673 [INFO] PluginManager:220 - loadIPPluginJar : add usart
2024-11-13 09:05:02,675 [INFO] IPUIPlugin:80 - create IPUIPlugin
2024-11-13 09:05:02,675 [INFO] PluginManager:220 - loadIPPluginJar : add usbx
2024-11-13 09:05:02,804 [INFO] CADModel:165 - CPN selected for project level
2024-11-13 09:05:02,804 [INFO] CADModel:114 - Register for checkConnection events
2024-11-13 09:05:02,804 [FATAL] Updater:334 - Updater called before beeing initialized
2024-11-13 09:05:02,805 [ERROR] CADModel:125 - Updater not yet initialized, retry later 
2024-11-13 09:05:02,938 [INFO] CADModel:165 - CPN selected for project level
2024-11-13 09:05:02,938 [INFO] CADModel:114 - Register for checkConnection events
2024-11-13 09:05:02,938 [FATAL] Updater:334 - Updater called before beeing initialized
2024-11-13 09:05:02,938 [ERROR] CADModel:125 - Updater not yet initialized, retry later 
2024-11-13 09:05:02,940 [FATAL] Updater:334 - Updater called before beeing initialized
2024-11-13 09:05:03,024 [FATAL] Updater:334 - Updater called before beeing initialized
2024-11-13 09:05:03,027 [INFO] DbMcusAds:53 - JSON generation date=Fri Sep 20 21:04:38 CST 2024 (1726837478367)
2024-11-13 09:05:03,027 [FATAL] Updater:334 - Updater called before beeing initialized
2024-11-13 09:05:03,102 [WARN] DetailPanel:346 - Failed to get advertising image, set to default
2024-11-13 09:05:03,159 [FATAL] Updater:334 - Updater called before beeing initialized
2024-11-13 09:05:03,160 [FATAL] Updater:334 - Updater called before beeing initialized
2024-11-13 09:05:03,160 [FATAL] Updater:334 - Updater called before beeing initialized
2024-11-13 09:05:03,160 [WARN] DetailPanel:346 - Failed to get advertising image, set to default
2024-11-13 09:05:03,161 [FATAL] Updater:334 - Updater called before beeing initialized
2024-11-13 09:05:03,249 [ERROR] Updater:1164 - MainUpdater not yet initialized. External WinMGr cannot be set.
2024-11-13 09:05:03,252 [INFO] Updater:1100 - Updater Version found : 6.12.1
2024-11-13 09:05:03,281 [INFO] ApplicationProperties:184 - Using Application install path: D:\ST\STM32CubeIDE_1.16.1\STM32CubeIDE\plugins\com.st.stm32cube.common.mx_6.12.1.202409122256
2024-11-13 09:05:03,649 [INFO] MainUpdater:2873 - connection check result : 10
2024-11-13 09:05:03,649 [INFO] MainUpdater:290 - Updater Check For Update Now.
2024-11-13 09:05:03,649 [INFO] MicroXplorer:498 - Change Database Version : DB.6.0.121
2024-11-13 09:05:03,658 [INFO] McuFinderGlobals:63 - Set McuFinder mode to 2 (CubeIDE integrated)
2024-11-13 09:05:03,659 [INFO] UserAuth:417 - Internet connection configuration mode: 1
2024-11-13 09:05:03,745 [INFO] JxBrowserEngine:152 - Initiate JxBrowser Engine with user profile folder
2024-11-13 09:05:03,846 [INFO] CheckServerUpdateThread:120 - End of CheckServer Thread
2024-11-13 09:05:04,700 [INFO] WebApp:167 - Instantiating new browser for Auth
2024-11-13 09:05:05,035 [WARN] PackLoader:240 - Cannot read IP mode file for STMicroelectronics.FP-SNS-MOTENVWB1.1.4.0
2024-11-13 09:05:05,045 [WARN] PackLoader:240 - Cannot read IP mode file for STMicroelectronics.X-CUBE-SMBUS.2.1.0
2024-11-13 09:05:05,066 [WARN] PackLoader:240 - Cannot read IP mode file for STMicroelectronics.X-CUBE-AZRTOS-F7.1.1.0
2024-11-13 09:05:05,075 [WARN] PackLoader:240 - Cannot read IP mode file for STMicroelectronics.FP-SNS-FLIGHT1.5.0.2
2024-11-13 09:05:05,083 [WARN] PackLoader:240 - Cannot read IP mode file for STMicroelectronics.X-CUBE-DISPLAY.3.0.0
2024-11-13 09:05:05,097 [WARN] PackLoader:240 - Cannot read IP mode file for STMicroelectronics.X-CUBE-BLE1.7.0.0
2024-11-13 09:05:05,107 [WARN] PackLoader:240 - Cannot read IP mode file for STMicroelectronics.X-CUBE-BLEMGR.3.1.0
2024-11-13 09:05:05,116 [WARN] PackLoader:240 - Cannot read IP mode file for STMicroelectronics.FP-SNS-SMARTAG2.1.2.0
2024-11-13 09:05:05,125 [INFO] LogOutputStream:77 - [STDOUT_REDIRECT] 1 : Invalid condition id : UX_CORESTACK_Condition cause : null
2024-11-13 09:05:05,126 [INFO] LogOutputStream:77 - [STDOUT_REDIRECT] 1 : Invalid condition id : UX_CORESTACK_Condition cause : null
2024-11-13 09:05:05,127 [INFO] LogOutputStream:77 - [STDOUT_REDIRECT] 1 : Invalid condition id : UX_CORESTACK_Condition cause : null
2024-11-13 09:05:05,128 [INFO] LogOutputStream:77 - [STDOUT_REDIRECT] 1 : Invalid condition id : UX_CORESTACK_Condition cause : null
2024-11-13 09:05:05,129 [INFO] LogOutputStream:77 - [STDOUT_REDIRECT] 1 : Invalid condition id : UX_CORESTACK_Condition cause : null
2024-11-13 09:05:05,131 [WARN] PackLoader:240 - Cannot read IP mode file for STMicroelectronics.X-CUBE-AZRTOS-WL.2.0.0
2024-11-13 09:05:05,136 [WARN] PackLoader:240 - Cannot read IP mode file for STMicroelectronics.FP-SNS-MOTENV1.5.0.0
2024-11-13 09:05:05,149 [WARN] PackLoader:240 - Cannot read IP mode file for STMicroelectronics.X-CUBE-BLE2.3.3.0
2024-11-13 09:05:05,158 [WARN] PackLoader:240 - Cannot read IP mode file for STMicroelectronics.X-CUBE-TCPP.4.1.0
2024-11-13 09:05:05,179 [WARN] PackLoader:240 - Cannot read IP mode file for STMicroelectronics.X-CUBE-AZRTOS-G0.1.1.0
2024-11-13 09:05:05,191 [WARN] PackLoader:240 - Cannot read IP mode file for STMicroelectronics.X-CUBE-SAFEA1.1.2.2
2024-11-13 09:05:05,200 [WARN] PackLoader:240 - Cannot read IP mode file for STMicroelectronics.X-CUBE-NFC4.3.0.0
2024-11-13 09:05:05,222 [WARN] PackLoader:240 - Cannot read IP mode file for STMicroelectronics.FP-ATR-SIGFOX1.3.2.0
2024-11-13 09:05:05,239 [WARN] PackLoader:240 - Cannot read IP mode file for STMicroelectronics.X-CUBE-EEPRMA1.5.1.0
2024-11-13 09:05:05,254 [WARN] PackLoader:240 - Cannot read IP mode file for STMicroelectronics.X-CUBE-ALGOBUILD.1.4.0
2024-11-13 09:05:05,269 [WARN] PackLoader:240 - Cannot read IP mode file for STMicroelectronics.X-CUBE-AZRTOS-F4.1.1.0
2024-11-13 09:05:05,277 [WARN] PackLoader:240 - Cannot read IP mode file for STMicroelectronics.X-CUBE-FREERTOS.1.2.0
2024-11-13 09:05:05,295 [WARN] PackLoader:240 - Cannot read IP mode file for STMicroelectronics.X-CUBE-AZRTOS-L5.2.0.0
2024-11-13 09:05:05,306 [WARN] PackLoader:240 - Cannot read IP mode file for STMicroelectronics.X-CUBE-NFC6.3.1.0
2024-11-13 09:05:05,313 [WARN] PackLoader:240 - Cannot read IP mode file for STMicroelectronics.X-CUBE-NFC7.1.0.1
2024-11-13 09:05:05,332 [WARN] ConditionMgr:438 - getConditionDescription Invalid condition id : LAN8742 Phy interface Condition cause : null
2024-11-13 09:05:05,333 [WARN] PackLoader:240 - Cannot read IP mode file for STMicroelectronics.X-CUBE-AZRTOS-L4.2.0.0
2024-11-13 09:05:05,334 [WARN] ConditionMgr:1039 - genDependencies : Invalid condition id : LAN8742 Phy interface Condition cause : null
2024-11-13 09:05:05,334 [WARN] ConditionMgr:1039 - genDependencies : Invalid condition id : LAN8742 Phy interface Condition cause : null
2024-11-13 09:05:05,335 [WARN] ConditionMgr:1039 - genDependencies : Invalid condition id : LAN8742 Phy interface Condition cause : null
2024-11-13 09:05:05,346 [WARN] PackLoader:240 - Cannot read IP mode file for STMicroelectronics.X-CUBE-SFXS2LP1.4.0.0
2024-11-13 09:05:05,360 [WARN] ConditionMgr:438 - getConditionDescription Invalid condition id : UX DEVICE CLASS RTOS Condition cause : null
2024-11-13 09:05:05,360 [WARN] ConditionMgr:438 - getConditionDescription Invalid condition id : UX DEVICE CLASS RTOS Condition cause : null
2024-11-13 09:05:05,362 [WARN] PackLoader:240 - Cannot read IP mode file for STMicroelectronics.X-CUBE-AZRTOS-WB.2.0.0
2024-11-13 09:05:05,363 [WARN] ConditionMgr:1039 - genDependencies : Invalid condition id : UX DEVICE CLASS RTOS Condition cause : null
2024-11-13 09:05:05,364 [WARN] ConditionMgr:1039 - genDependencies : Invalid condition id : UX DEVICE CLASS RTOS Condition cause : null
2024-11-13 09:05:05,364 [WARN] ConditionMgr:1039 - genDependencies : Invalid condition id : UX DEVICE CLASS RTOS Condition cause : null
2024-11-13 09:05:05,364 [WARN] ConditionMgr:1039 - genDependencies : Invalid condition id : UX DEVICE CLASS RTOS Condition cause : null
2024-11-13 09:05:05,364 [WARN] ConditionMgr:1039 - genDependencies : Invalid condition id : UX DEVICE CLASS RTOS Condition cause : null
2024-11-13 09:05:05,383 [WARN] PackLoader:240 - Cannot read IP mode file for STMicroelectronics.X-CUBE-SUBG2.5.0.0
2024-11-13 09:05:05,408 [WARN] PackLoader:240 - Cannot read IP mode file for STMicroelectronics.X-CUBE-AZRTOS-G4.2.0.0
2024-11-13 09:05:05,417 [WARN] PackLoader:240 - Cannot read IP mode file for STMicroelectronics.X-CUBE-ALS.1.0.2
2024-11-13 09:05:05,439 [WARN] PackLoader:240 - Cannot read IP mode file for STMicroelectronics.X-CUBE-AZRTOS-H7RS.1.0.0
2024-11-13 09:05:05,450 [WARN] PackLoader:240 - Cannot read IP mode file for STMicroelectronics.FP-ATR-ASTRA1.2.0.0
2024-11-13 09:05:05,452 [INFO] ThirdParty:978 - Integrity check success = true
2024-11-13 09:05:05,452 [INFO] IntegrityCheckThread:100 - exiting critical section [integrity check]
2024-11-13 09:05:05,453 [INFO] IntegrityCheckThread:103 - End integrity checks thread
2024-11-13 09:05:06,067 [INFO] WebApp:448 - Apply proxy settings
2024-11-13 09:05:06,067 [INFO] WebApp:533 - Chromium requires no authentication
2024-11-13 09:05:06,078 [INFO] WebApp:476 - Direct internet connection detected
2024-11-13 09:05:06,110 [INFO] WebApp:869 - Register for checkConnection events
2024-11-13 09:05:06,110 [INFO] WebApp:448 - Apply proxy settings
2024-11-13 09:05:06,110 [INFO] WebApp:533 - Chromium requires no authentication
2024-11-13 09:05:06,110 [INFO] WebApp:476 - Direct internet connection detected
2024-11-13 09:05:06,239 [INFO] WebApp:220 - Starting web application
2024-11-13 09:05:06,239 [INFO] WebApp:578 - Web application path used D:\ST\STM32CubeIDE_1.16.1\STM32CubeIDE\plugins\com.st.stm32cube.common.mx_6.12.1.202409122256\db\plugins\mcufinder\reactClient1\index.html
2024-11-13 09:05:06,360 [INFO] UserAuth:417 - Internet connection configuration mode: 1
2024-11-13 16:24:04,086 [INFO] McuFinderGlobals:63 - Set McuFinder mode to 2 (CubeIDE integrated)
2024-11-13 16:24:04,465 [INFO] MainUpdater:2873 - connection check result : 10
2024-11-13 16:24:04,467 [INFO] MainUpdater:2873 - connection check result : 10
2024-11-13 16:24:04,628 [INFO] RulesReader:64 - Compatibility file has been processed (297 Rules)
2024-11-13 16:24:04,635 [INFO] RulesReader:64 - Compatibility file has been processed (297 Rules)
2024-11-13 16:24:04,651 [INFO] MicroXplorer:468 - Change Database Path : 
2024-11-13 16:24:04,652 [INFO] MicroXplorer:498 - Change Database Version : DB.6.0.121
2024-11-13 16:24:04,668 [WARN] ThirdParty:871 - waiting for thirdparty lock release [close project]
2024-11-13 16:24:04,669 [INFO] ThirdParty:873 - entering critical section [close project]
2024-11-13 16:24:04,670 [INFO] ThirdParty:883 - exiting critical section [close project]
2024-11-13 16:24:04,671 [INFO] PinOutPanel:1561 - setPackage(No Configuration,No Configuration)
2024-11-13 16:24:04,674 [INFO] UtilMem:75 - Begin LoadConfig() Used Memory: 275482272 Bytes (440401920)
2024-11-13 16:24:04,708 [INFO] MicroXplorer:468 - Change Database Path : C:/Users/Administrator/.stm32cubemx/databases/DB.6.0.100/db/
2024-11-13 16:24:04,708 [INFO] MicroXplorer:498 - Change Database Version : DB.6.0.100
2024-11-13 16:24:06,139 [INFO] OpenFileManager:332 - Change cursor
2024-11-13 16:24:06,206 [INFO] Mcu:2032 - Initializing MCU STM32F429I(E-G)Tx STM32F429IGTx STM32F429IGT6
2024-11-13 16:24:07,834 [INFO] Context:742 - Trying to add GPIOservice into a context  which must be forbidden
2024-11-13 16:24:08,340 [INFO] RtosManager:555 - Registered RTOS mode: class=CMSIS, group=RTOS, mode=CMSIS_V1, owner=FREERTOS
2024-11-13 16:24:08,340 [INFO] RtosManager:555 - Registered RTOS mode: class=CMSIS, group=RTOS2, mode=CMSIS_V2, owner=FREERTOS
2024-11-13 16:24:08,340 [INFO] RtosManager:555 - Registered RTOS mode: class=RTOS, group=Core, mode=CMSIS_V1, owner=FREERTOS
2024-11-13 16:24:08,340 [INFO] RtosManager:555 - Registered RTOS mode: class=RTOS, group=Core, mode=CMSIS_V2, owner=FREERTOS
2024-11-13 16:24:08,340 [WARN] ModelIntegratedComponent:184 - Missing modes for component STMicroelectronics:FreeRTOS:0.0.1:STMicroelectronics:RTOS:FreeRTOS:Core:::10.2.0:
2024-11-13 16:24:08,354 [WARN] ModelIntegratedComponent:63 - No mode defined for component null
2024-11-13 16:24:08,354 [WARN] ModelIntegratedComponent:63 - No mode defined for component null
2024-11-13 16:24:08,354 [WARN] ModelIntegratedComponent:63 - No mode defined for component null
2024-11-13 16:24:08,354 [WARN] ModelIntegratedComponent:63 - No mode defined for component null
2024-11-13 16:24:08,354 [WARN] ModelIntegratedComponent:63 - No mode defined for component null
2024-11-13 16:24:08,354 [WARN] ModelIntegratedComponent:63 - No mode defined for component null
2024-11-13 16:24:08,355 [WARN] ModelIntegratedComponent:63 - No mode defined for component null
2024-11-13 16:24:08,355 [WARN] ModelIntegratedComponent:63 - No mode defined for component null
2024-11-13 16:24:08,355 [WARN] ModelIntegratedComponent:63 - No mode defined for component null
2024-11-13 16:24:08,355 [WARN] ModelIntegratedComponent:63 - No mode defined for component null
2024-11-13 16:24:08,355 [WARN] ModelIntegratedComponent:63 - No mode defined for component null
2024-11-13 16:24:08,355 [WARN] ModelIntegratedComponent:63 - No mode defined for component null
2024-11-13 16:24:08,355 [WARN] ModelIntegratedComponent:63 - No mode defined for component null
2024-11-13 16:24:08,355 [WARN] ModelIntegratedComponent:63 - No mode defined for component null
2024-11-13 16:24:08,355 [WARN] ModelIntegratedComponent:63 - No mode defined for component null
2024-11-13 16:24:08,355 [WARN] ModelIntegratedComponent:63 - No mode defined for component null
2024-11-13 16:24:08,355 [WARN] ModelIntegratedComponent:63 - No mode defined for component null
2024-11-13 16:24:08,355 [WARN] ModelIntegratedComponent:63 - No mode defined for component null
2024-11-13 16:24:08,355 [WARN] ModelIntegratedComponent:63 - No mode defined for component null
2024-11-13 16:24:08,355 [WARN] ModelIntegratedComponent:63 - No mode defined for component null
2024-11-13 16:24:08,355 [WARN] ModelIntegratedComponent:63 - No mode defined for component null
2024-11-13 16:24:08,355 [WARN] ModelIntegratedComponent:63 - No mode defined for component null
2024-11-13 16:24:08,355 [WARN] ModelIntegratedComponent:63 - No mode defined for component null
2024-11-13 16:24:08,355 [WARN] ModelIntegratedComponent:63 - No mode defined for component null
2024-11-13 16:24:08,355 [WARN] ModelIntegratedComponent:63 - No mode defined for component null
2024-11-13 16:24:08,355 [WARN] ModelIntegratedComponent:63 - No mode defined for component null
2024-11-13 16:24:08,355 [WARN] ModelIntegratedComponent:63 - No mode defined for component null
2024-11-13 16:24:08,355 [WARN] ModelIntegratedComponent:63 - No mode defined for component null
2024-11-13 16:24:08,355 [WARN] ModelIntegratedComponent:63 - No mode defined for component null
2024-11-13 16:24:08,355 [WARN] ModelIntegratedComponent:63 - No mode defined for component null
2024-11-13 16:24:08,355 [WARN] ModelIntegratedComponent:63 - No mode defined for component null
2024-11-13 16:24:08,355 [WARN] ModelIntegratedComponent:63 - No mode defined for component null
2024-11-13 16:24:08,355 [WARN] ModelIntegratedComponent:63 - No mode defined for component null
2024-11-13 16:24:08,355 [WARN] ModelIntegratedComponent:63 - No mode defined for component null
2024-11-13 16:24:08,355 [WARN] ModelIntegratedComponent:63 - No mode defined for component null
2024-11-13 16:24:08,356 [WARN] ModelPack:524 - Component already loaded: STMicroelectronics:HAL Drivers:0.0.0:STMicroelectronics:Device:STMicro_Driver:XSPI:HAL::0.0.1:HAL_XSPI
2024-11-13 16:24:08,369 [INFO] ThirdPartyModel:298 - Start build external matchings
2024-11-13 16:24:08,421 [INFO] ThirdPartyModel:316 - End build external matchings
2024-11-13 16:24:08,948 [INFO] ApiDb:581 - Connected to CubeFinder SQLite database (C:\Users\Administrator\.stmcufinder\plugins\mcufinder\mcu\cube-finder-db.db)
2024-11-13 16:24:09,000 [INFO] ApiDb:668 - CubeFinder database Data Model version=2.1
2024-11-13 16:24:09,000 [INFO] ApiDb:669 - CubeFinder database Configuration version=3.0.39
2024-11-13 16:24:09,001 [INFO] ApiDb:670 - CubeFinder database generation date=2024-10-15 (1729006872)
2024-11-13 16:24:09,002 [INFO] ApiDb:671 - CubeFinder database FW Pack versions=[FP-ATR-ASTRA1_V2.0.0, FP-SNS-FLIGHT1_V5.0.2, FP-SNS-MOTENV1_V5.0.0, FP-SNS-MOTENVWB1_V1.4.0, FP-SNS-SMARTAG2_V1.2.0, FP-SNS-STBOX1_V2.0.0, STM32Cube_FW_C0_V1.2.0, STM32Cube_FW_F4_V1.28.1, STM32Cube_FW_F7_V1.17.2, STM32Cube_FW_G0_V1.6.2, STM32Cube_FW_G4_V1.6.0, STM32Cube_FW_H5_V1.3.0, STM32Cube_FW_H7RS_V1.1.0, STM32Cube_FW_H7_V1.11.2, STM32Cube_FW_L0_V1.12.2, STM32Cube_FW_L5_V1.5.1, STM32Cube_FW_U0_V1.1.0, STM32Cube_FW_U5_V1.6.0, STM32Cube_FW_WB0_V1.0.0, STM32Cube_FW_WBA_V1.4.1, STM32Cube_FW_WB_V1.20.0, STM32Cube_FW_WL_V1.3.0, X-CUBE-ALGOBUILD_V1.4.0, X-CUBE-ALS_V1.0.2, X-CUBE-AZRTOS-F4_V1.1.0, X-CUBE-AZRTOS-F7_V1.1.0, X-CUBE-AZRTOS-G0_V1.1.0, X-CUBE-AZRTOS-G4_V2.0.0, X-CUBE-AZRTOS-H7RS_V1.0.0, X-CUBE-AZRTOS-H7_V3.3.0, X-CUBE-AZRTOS-L4_V2.0.0, X-CUBE-AZRTOS-L5_V2.0.0, X-CUBE-AZRTOS-WB_V2.0.0, X-CUBE-AZRTOS-WL_V2.0.0, X-CUBE-BLE1_V7.0.0, X-CUBE-BLE2_V3.3.0, X-CUBE-BLEMGR_V3.1.0, X-CUBE-EEPRMA1_V5.1.0, X-CUBE-FREERTOS_V1.2.0, X-CUBE-GNSS1_V6.0.0, X-CUBE-MEMS1_V11.0.0, X-CUBE-NFC4_V3.0.0, X-CUBE-NFC7_V1.0.1, X-CUBE-SFXS2LP1_V4.0.0, X-CUBE-SUBG2_V5.0.0, X-CUBE-TOF1_V3.4.2]
2024-11-13 16:24:09,097 [INFO] DbBoardsSqlite:226 - include board P-NUCLEO-WB55-NUCLEO as a kit item of type 'Nucleo-64'
2024-11-13 16:24:09,098 [INFO] DbBoardsSqlite:226 - include board P-NUCLEO-WB55-USBDONGLE as a kit item of type 'Nucleo USB Dongle'
2024-11-13 16:24:09,099 [INFO] DbBoardsSqlite:226 - include board STEVAL-IDP005V1 as a kit item of type 'Evaluation Board'
2024-11-13 16:24:09,100 [INFO] DbBoardsSqlite:226 - include board STEVAL-IDP005V2 as a kit item of type 'Evaluation Board'
2024-11-13 16:24:09,361 [INFO] ApiDb:240 - Found 646 in-development CPN: [B-G473E-ZEST1S, B-WB1M-WPAN1, B-WL5M-SUBG1, NUCLEO-C031C6, NUCLEO-C071RB, NUCLEO-H503RB, NUCLEO-H533RE, NUCLEO-H563ZI, NUCLEO-H7S3L8, NUCLEO-U031R8, NUCLEO-U083RC, NUCLEO-U545RE-Q, NUCLEO-U5A5ZJ-Q, NUCLEO-WB05KZ, NUCLEO-WB07CC, NUCLEO-WB09KE, NUCLEO-WBA52CG, NUCLEO-WBA55CG, STEVAL-PROTEUS1, STEVAL-SMARTAG2, STEVAL-STWINBX1, STM320518-EVAL, STM32C0116-DK, STM32C011D6Y3TR, STM32C011D6Y6TR, STM32C011F4P3, STM32C011F4P6, STM32C011F4U3, STM32C011F4U6TR, STM32C011F6P3, STM32C011F6P6, STM32C011F6U3, STM32C011F6U6TR, STM32C011J4M3, STM32C011J4M6, STM32C011J6M3, STM32C011J6M6, STM32C0316-DK, STM32C031C4T3, STM32C031C4T6, STM32C031C4U3, STM32C031C4U6, STM32C031C6T3, STM32C031C6T6, STM32C031C6U3, STM32C031C6U6, STM32C031F4P3, STM32C031F4P6, STM32C031F6P3, STM32C031F6P6, STM32C031G4U3, STM32C031G4U6, STM32C031G6U3, STM32C031G6U6, STM32C031K4T3, STM32C031K4T6, STM32C031K4U3, STM32C031K4U6, STM32C031K6T3, STM32C031K6T6, STM32C031K6U3, STM32C031K6U6, STM32C071C8T6, STM32C071C8T6N, STM32C071C8U6, STM32C071C8U6N, STM32C071CBT6, STM32C071CBT6N, STM32C071CBU6, STM32C071CBU6N, STM32C071F8P6, STM32C071F8P6N, STM32C071FBP6, STM32C071FBP6N, STM32C071FBY6TR, STM32C071G8U6, STM32C071G8U6N, STM32C071GBU6, STM32C071GBU6N, STM32C071K8T6, STM32C071K8T6N, STM32C071K8U6, STM32C071K8U6N, STM32C071KBT6, STM32C071KBT6N, STM32C071KBU6, STM32C071KBU6N, STM32C071R8T6, STM32C071R8T6N, STM32C071RBI6N, STM32C071RBT6, STM32C071RBT6N, STM32G071K8TXN, STM32G071K8UXN, STM32G081GBU6N, STM32G081KBT6N, STM32G081KBUXN, STM32G0B1CCT6N, STM32G0B1KCT6, STM32G0B1NEY6TR, STM32G0B1RCT6N, STM32G0C1CCT6, STM32G0C1CCT6N, STM32G0C1CCU6N, STM32G0C1CET6N, STM32G0C1CEU6N, STM32G0C1KCT6, STM32G0C1NEY6TR, STM32G0C1RCI6N, STM32G0C1RCT6N, STM32G0C1REI6N, STM32G0C1RET6N, STM32G0C1VCI6, STM32G0C1VEI6, STM32G411C6T3, STM32G411C6T6, STM32G411C6U3, STM32G411C6U6, STM32G411C8T3, STM32G411C8T6, STM32G411C8U3, STM32G411C8U6, STM32G411CBT3, STM32G411CBT6, STM32G411CBU3, STM32G411CBU6, STM32G411K6T3, STM32G411K6T6, STM32G411K6U3, STM32G411K6U6, STM32G411K8T3, STM32G411K8T6, STM32G411K8U3, STM32G411K8U6, STM32G411KBT3, STM32G411KBT6, STM32G411KBU3, STM32G411KBU6, STM32G411M6T3, STM32G411M6T6, STM32G411M8T3, STM32G411M8T6, STM32G411MBT3, STM32G411MBT6, STM32G411R6T3, STM32G411R6T6, STM32G411R8T3, STM32G411R8T6, STM32G411RBT3, STM32G411RBT6, STM32G414CBT3, STM32G414CBT6, STM32G414CBU3, STM32G414CBU6, STM32G414CCT3, STM32G414CCT6, STM32G414CCU3, STM32G414CCU6, STM32G414MBT3, STM32G414MBT6, STM32G414MCT3, STM32G414MCT6, STM32G414RBT3, STM32G414RBT6, STM32G414RCT3, STM32G414RCT6, STM32G414VBT3, STM32G414VBT6, STM32G414VCT3, STM32G414VCT6, STM32G431CBT3Z, STM32G431RBT3Z, STM32G471CCT6, STM32G471CCU6, STM32G471CET3, STM32G471CET6, STM32G471CEU3, STM32G471CEU6, STM32G471MCT6, STM32G471MET3, STM32G471MET6, STM32G471MEY6TR, STM32G471QCT6, STM32G471QET3, STM32G471RCT6, STM32G471RET3, STM32G471RET6, STM32G471VCH6, STM32G471VCI6, STM32G471VCT6, STM32G471VEH3, STM32G471VEH6, STM32G471VEI3, STM32G471VEI6, STM32G471VET3, STM32G471VET6, STM32G473QET3Z, STM32G473RET3Z, STM32G474CCT6, STM32G491RET3Z, STM32H503CBT6, STM32H503CBU6, STM32H503EBY6TR, STM32H503KBU6, STM32H503RBT6, STM32H523CCT6, STM32H523CCU6, STM32H523CET6, STM32H523CEU6, STM32H523HEY6TR, STM32H523RCT6, STM32H523RET6, STM32H523VCI6, STM32H523VCT6, STM32H523VEI6, STM32H523VET6, STM32H523ZCJ6, STM32H523ZCT6, STM32H523ZEJ6, STM32H523ZET6, STM32H533CET6, STM32H533CEU6, STM32H533HEY6TR, STM32H533RET6, STM32H533VEI6, STM32H533VET6, STM32H533ZEJ6, STM32H533ZET6, STM32H562AGI6, STM32H562AII6, STM32H562IGK6, STM32H562IGT6, STM32H562IIK6, STM32H562IIT6, STM32H562RGT6, STM32H562RGV6, STM32H562RIT6, STM32H562RIV6, STM32H562VGT6, STM32H562VIT6, STM32H562ZGT6, STM32H562ZIT6, STM32H563AGI6, STM32H563AII3Q, STM32H563AII6, STM32H563IGK6, STM32H563IGT6, STM32H563IIK3Q, STM32H563IIK6, STM32H563IIT3Q, STM32H563IIT6, STM32H563MIY3QTR, STM32H563RGT6, STM32H563RGV6, STM32H563RIT6, STM32H563RIV6, STM32H563VGT6, STM32H563VIT3Q, STM32H563VIT6, STM32H563ZGT6, STM32H563ZIT3Q, STM32H563ZIT6, STM32H573AII3Q, STM32H573AII6, STM32H573I-DK, STM32H573IIK3Q, STM32H573IIK6, STM32H573IIT3Q, STM32H573IIT6, STM32H573MIY3QTR, STM32H573RIT6, STM32H573RIV6, STM32H573VIT3Q, STM32H573VIT6, STM32H573ZIT3Q, STM32H573ZIT6, STM32H7R3A8I6, STM32H7R3I8K6, STM32H7R3I8T6, STM32H7R3L8H6, STM32H7R3L8H6H, STM32H7R3R8V6, STM32H7R3V8H6, STM32H7R3V8T6, STM32H7R3V8Y6TR, STM32H7R3Z8J6, STM32H7R3Z8T6, STM32H7R7A8I6, STM32H7R7I8K6, STM32H7R7I8T6, STM32H7R7L8H6, STM32H7R7L8H6H, STM32H7R7Z8J6, STM32H7S3A8I6, STM32H7S3I8K6, STM32H7S3I8T6, STM32H7S3L8H6, STM32H7S3L8H6H, STM32H7S3R8V6, STM32H7S3V8H6, STM32H7S3V8T6, STM32H7S3V8Y6TR, STM32H7S3Z8J6, STM32H7S3Z8T6, STM32H7S78-DK, STM32H7S7A8I6, STM32H7S7I8K6, STM32H7S7I8T6, STM32H7S7L8H6, STM32H7S7L8H6H, STM32H7S7Z8J6, STM32L4R5QGI6STR, STM32MP131AAE3, STM32MP131AAF3, STM32MP131AAG3, STM32MP131CAE3, STM32MP131CAF3, STM32MP131CAG3, STM32MP131DAE7, STM32MP131DAF7, STM32MP131DAG7, STM32MP131FAE7, STM32MP131FAF7, STM32MP131FAG7, STM32MP133AAE3, STM32MP133AAF3, STM32MP133AAG3, STM32MP133CAE3, STM32MP133CAF3, STM32MP133CAG3, STM32MP133DAE7, STM32MP133DAF7, STM32MP133DAG7, STM32MP133FAE7, STM32MP133FAF7, STM32MP133FAG7, STM32MP135AAE3, STM32MP135AAF3, STM32MP135AAG3, STM32MP135CAE3, STM32MP135CAF3, STM32MP135CAG3, STM32MP135DAE7, STM32MP135DAF7, STM32MP135DAG7, STM32MP135F-DK, STM32MP135FAE7, STM32MP135FAF7, STM32MP135FAF7T, STM32MP135FAF7U, STM32MP135FAG7, STM32MP251AAI3, STM32MP251AAK3, STM32MP251AAL3, STM32MP251CAI3, STM32MP251CAK3, STM32MP251CAL3, STM32MP251DAI3, STM32MP251DAK3, STM32MP251DAL3, STM32MP251FAI3, STM32MP251FAK3, STM32MP251FAL3, STM32MP253AAI3, STM32MP253AAK3, STM32MP253AAL3, STM32MP253CAI3, STM32MP253CAK3, STM32MP253CAL3, STM32MP253DAI3, STM32MP253DAK3, STM32MP253DAL3, STM32MP253FAI3, STM32MP253FAK3, STM32MP253FAL3, STM32MP255AAI3, STM32MP255AAK3, STM32MP255AAL3, STM32MP255CAI3, STM32MP255CAK3, STM32MP255CAL3, STM32MP255DAI3, STM32MP255DAK3, STM32MP255DAL3, STM32MP255FAI3, STM32MP255FAK3, STM32MP255FAL3, STM32MP257AAI3, STM32MP257AAK3, STM32MP257AAL3, STM32MP257CAI3, STM32MP257CAK3, STM32MP257CAL3, STM32MP257DAI3, STM32MP257DAK3, STM32MP257DAL3, STM32MP257F-DK, STM32MP257F-EV1, STM32MP257FAI3, STM32MP257FAK3, STM32MP257FAL3, STM32U031C6T6, STM32U031C6U6, STM32U031C8T6, STM32U031C8U6, STM32U031F4P6, STM32U031F6P6, STM32U031F8P6, STM32U031G6Y6TR, STM32U031G8Y6TR, STM32U031K4U6, STM32U031K6U6, STM32U031K8U6, STM32U031R6I6, STM32U031R6T6, STM32U031R8I6, STM32U031R8T6, STM32U073C8T6, STM32U073C8U6, STM32U073CBT6, STM32U073CBU6, STM32U073CCT6, STM32U073CCU6, STM32U073H8Y6TR, STM32U073HBY6TR, STM32U073HCY6TR, STM32U073K8U6, STM32U073KBU6, STM32U073KCU6, STM32U073M8I6, STM32U073M8T6, STM32U073MBI6, STM32U073MBT6, STM32U073MCI6, STM32U073MCT6, STM32U073R8I6, STM32U073R8T6, STM32U073RBI6, STM32U073RBT6, STM32U073RCI6, STM32U073RCT6, STM32U083C-DK, STM32U083CCT6, STM32U083CCU6, STM32U083HCY6TR, STM32U083KCU6, STM32U083MCI6, STM32U083MCT6, STM32U083RCI6, STM32U083RCT6, STM32U535CBT6, STM32U535CBT6Q, STM32U535CBU6, STM32U535CBU6Q, STM32U535CCT6, STM32U535CCT6Q, STM32U535CCU6, STM32U535CCU6Q, STM32U535CET6, STM32U535CET6Q, STM32U535CEU6, STM32U535CEU6Q, STM32U535JEY6QTR, STM32U535NCY6QTR, STM32U535NEY6QTR, STM32U535RBI6, STM32U535RBI6Q, STM32U535RBT6, STM32U535RBT6Q, STM32U535RCI6, STM32U535RCI6Q, STM32U535RCT6, STM32U535RCT6Q, STM32U535REI6, STM32U535REI6Q, STM32U535RET6, STM32U535RET6Q, STM32U535VCI6, STM32U535VCI6Q, STM32U535VCT6, STM32U535VCT6Q, STM32U535VEI6, STM32U535VEI6Q, STM32U535VET6, STM32U535VET6Q, STM32U545CET6, STM32U545CET6Q, STM32U545CEU6, STM32U545CEU6Q, STM32U545JEY6QTR, STM32U545NEY6QTR, STM32U545REI6, STM32U545REI6Q, STM32U545RET6, STM32U545RET6Q, STM32U545VEI6, STM32U545VEI6Q, STM32U545VET6, STM32U545VET6Q, STM32U595AIH6, STM32U595AIH6Q, STM32U595AJH6, STM32U595AJH6Q, STM32U595QII6, STM32U595QII6Q, STM32U595QJI6, STM32U595QJI6Q, STM32U595RIT6, STM32U595RIT6Q, STM32U595RJT6, STM32U595RJT6Q, STM32U595VIT6, STM32U595VIT6Q, STM32U595VJT6, STM32U595VJT6Q, STM32U595ZIT6, STM32U595ZIT6Q, STM32U595ZIY6QTR, STM32U595ZJT6, STM32U595ZJT6Q, STM32U595ZJY6QTR, STM32U599BJY6QTR, STM32U599NIH6Q, STM32U599NJH6Q, STM32U599VIT6Q, STM32U599VJT6, STM32U599VJT6Q, STM32U599ZIT6Q, STM32U599ZIY6QTR, STM32U599ZJT6Q, STM32U599ZJY6QTR, STM32U5A5AJH6, STM32U5A5AJH6Q, STM32U5A5QII3Q , STM32U5A5QJI6, STM32U5A5QJI6Q, STM32U5A5RJT6, STM32U5A5RJT6Q, STM32U5A5VJT6, STM32U5A5VJT6Q, STM32U5A5ZJT6, STM32U5A5ZJT6Q, STM32U5A5ZJY6QTR, STM32U5A9BJY6QTR, STM32U5A9J-DK, STM32U5A9NJH6Q, STM32U5A9VJT6Q, STM32U5A9ZJT6Q, STM32U5A9ZJY6QTR, STM32U5F7VIT6, STM32U5F7VIT6Q, STM32U5F7VJT6, STM32U5F7VJT6Q, STM32U5F9BJY6QTR, STM32U5F9NJH6Q, STM32U5F9VIT6Q, STM32U5F9VJT6Q, STM32U5F9ZIJ6QTR, STM32U5F9ZIT6Q, STM32U5F9ZJJ6QTR, STM32U5F9ZJT6Q, STM32U5G7VJT6, STM32U5G7VJT6Q, STM32U5G9BJY6QTR, STM32U5G9J-DK1, STM32U5G9J-DK2, STM32U5G9NJH6Q, STM32U5G9VJT6Q, STM32U5G9ZJJ6QTR, STM32U5G9ZJT6Q, STM32WB05KZV6TR, STM32WB05KZV7TR, STM32WB05TZF6TR, STM32WB05TZF7TR, STM32WB06CCF6TR, STM32WB06CCF7TR, STM32WB06CCV6TR, STM32WB06CCV7TR, STM32WB06KCV6TR, STM32WB06KCV7TR, STM32WB07CCF6TR, STM32WB07CCF7TR, STM32WB07CCV6TR, STM32WB07CCV7TR, STM32WB07KCV6TR, STM32WB07KCV7TR, STM32WB09KEV6TR, STM32WB09KEV7TR, STM32WB09TEF6TR, STM32WB09TEF7TR, STM32WB1MMCH6, STM32WBA50KGU6, STM32WBA50KGU6TR, STM32WBA52CEU6, STM32WBA52CEU6TR, STM32WBA52CEU7, STM32WBA52CEU7TR, STM32WBA52CGU6, STM32WBA52CGU6TR, STM32WBA52CGU6U, STM32WBA52CGU7, STM32WBA52CGU7TR, STM32WBA52KEU6, STM32WBA52KEU6TR, STM32WBA52KGU6, STM32WBA52KGU6TR, STM32WBA54CEU6, STM32WBA54CEU6TR, STM32WBA54CEU7, STM32WBA54CEU7TR, STM32WBA54CGU6, STM32WBA54CGU6TR, STM32WBA54CGU7, STM32WBA54CGU7TR, STM32WBA54KEU6, STM32WBA54KEU6TR, STM32WBA54KEU7, STM32WBA54KEU7TR, STM32WBA54KGU6, STM32WBA54KGU6TR, STM32WBA54KGU7, STM32WBA54KGU7TR, STM32WBA55CEU6, STM32WBA55CEU6TR, STM32WBA55CEU7, STM32WBA55CEU7TR, STM32WBA55CGU6, STM32WBA55CGU6TR, STM32WBA55CGU6U, STM32WBA55CGU7, STM32WBA55CGU7TR, STM32WBA55G-DK1, STM32WBA55HEF6, STM32WBA55HEF7, STM32WBA55HGF6, STM32WBA55HGF7, STM32WBA55UEI6, STM32WBA55UEI6TR, STM32WBA55UEI7, STM32WBA55UEI7TR, STM32WBA55UGI6, STM32WBA55UGI6TR, STM32WBA55UGI7, STM32WBA55UGI7TR, STM32WL5MOCH6, STM32WL5MOCH6TR]
2024-11-13 16:24:09,624 [INFO] BoardInfo:889 - No configuration file found for board P-NUCLEO-WB55
2024-11-13 16:24:09,625 [INFO] DbBoards:161 - Kit is not supported: P-NUCLEO-WB55
2024-11-13 16:24:09,629 [INFO] BoardInfo:889 - No configuration file found for board STEVAL-BFA001V1B
2024-11-13 16:24:09,629 [INFO] DbBoards:161 - Kit is not supported: STEVAL-BFA001V1B
2024-11-13 16:24:09,630 [INFO] BoardInfo:889 - No configuration file found for board STEVAL-BFA001V2B
2024-11-13 16:24:09,630 [INFO] DbBoards:161 - Kit is not supported: STEVAL-BFA001V2B
2024-11-13 16:24:09,741 [INFO] DbBoards:168 - Found 201 boards, 198 are supported
2024-11-13 16:24:09,741 [INFO] DbBoards:169 - Found 201 boards, 25 of them is supported for  Bsp
2024-11-13 16:24:09,744 [INFO] ApiDb:668 - CubeFinder database Data Model version=2.1
2024-11-13 16:24:09,744 [INFO] ApiDb:669 - CubeFinder database Configuration version=3.0.39
2024-11-13 16:24:09,744 [INFO] ApiDb:670 - CubeFinder database generation date=2024-10-15 (1729006872)
2024-11-13 16:24:09,744 [INFO] ApiDb:671 - CubeFinder database FW Pack versions=[FP-ATR-ASTRA1_V2.0.0, FP-SNS-FLIGHT1_V5.0.2, FP-SNS-MOTENV1_V5.0.0, FP-SNS-MOTENVWB1_V1.4.0, FP-SNS-SMARTAG2_V1.2.0, FP-SNS-STBOX1_V2.0.0, STM32Cube_FW_C0_V1.2.0, STM32Cube_FW_F4_V1.28.1, STM32Cube_FW_F7_V1.17.2, STM32Cube_FW_G0_V1.6.2, STM32Cube_FW_G4_V1.6.0, STM32Cube_FW_H5_V1.3.0, STM32Cube_FW_H7RS_V1.1.0, STM32Cube_FW_H7_V1.11.2, STM32Cube_FW_L0_V1.12.2, STM32Cube_FW_L5_V1.5.1, STM32Cube_FW_U0_V1.1.0, STM32Cube_FW_U5_V1.6.0, STM32Cube_FW_WB0_V1.0.0, STM32Cube_FW_WBA_V1.4.1, STM32Cube_FW_WB_V1.20.0, STM32Cube_FW_WL_V1.3.0, X-CUBE-ALGOBUILD_V1.4.0, X-CUBE-ALS_V1.0.2, X-CUBE-AZRTOS-F4_V1.1.0, X-CUBE-AZRTOS-F7_V1.1.0, X-CUBE-AZRTOS-G0_V1.1.0, X-CUBE-AZRTOS-G4_V2.0.0, X-CUBE-AZRTOS-H7RS_V1.0.0, X-CUBE-AZRTOS-H7_V3.3.0, X-CUBE-AZRTOS-L4_V2.0.0, X-CUBE-AZRTOS-L5_V2.0.0, X-CUBE-AZRTOS-WB_V2.0.0, X-CUBE-AZRTOS-WL_V2.0.0, X-CUBE-BLE1_V7.0.0, X-CUBE-BLE2_V3.3.0, X-CUBE-BLEMGR_V3.1.0, X-CUBE-EEPRMA1_V5.1.0, X-CUBE-FREERTOS_V1.2.0, X-CUBE-GNSS1_V6.0.0, X-CUBE-MEMS1_V11.0.0, X-CUBE-NFC4_V3.0.0, X-CUBE-NFC7_V1.0.1, X-CUBE-SFXS2LP1_V4.0.0, X-CUBE-SUBG2_V5.0.0, X-CUBE-TOF1_V3.4.2]
2024-11-13 16:24:11,051 [INFO] ApiDb:240 - Found 646 in-development CPN: [B-G473E-ZEST1S, B-WB1M-WPAN1, B-WL5M-SUBG1, NUCLEO-C031C6, NUCLEO-C071RB, NUCLEO-H503RB, NUCLEO-H533RE, NUCLEO-H563ZI, NUCLEO-H7S3L8, NUCLEO-U031R8, NUCLEO-U083RC, NUCLEO-U545RE-Q, NUCLEO-U5A5ZJ-Q, NUCLEO-WB05KZ, NUCLEO-WB07CC, NUCLEO-WB09KE, NUCLEO-WBA52CG, NUCLEO-WBA55CG, STEVAL-PROTEUS1, STEVAL-SMARTAG2, STEVAL-STWINBX1, STM320518-EVAL, STM32C0116-DK, STM32C011D6Y3TR, STM32C011D6Y6TR, STM32C011F4P3, STM32C011F4P6, STM32C011F4U3, STM32C011F4U6TR, STM32C011F6P3, STM32C011F6P6, STM32C011F6U3, STM32C011F6U6TR, STM32C011J4M3, STM32C011J4M6, STM32C011J6M3, STM32C011J6M6, STM32C0316-DK, STM32C031C4T3, STM32C031C4T6, STM32C031C4U3, STM32C031C4U6, STM32C031C6T3, STM32C031C6T6, STM32C031C6U3, STM32C031C6U6, STM32C031F4P3, STM32C031F4P6, STM32C031F6P3, STM32C031F6P6, STM32C031G4U3, STM32C031G4U6, STM32C031G6U3, STM32C031G6U6, STM32C031K4T3, STM32C031K4T6, STM32C031K4U3, STM32C031K4U6, STM32C031K6T3, STM32C031K6T6, STM32C031K6U3, STM32C031K6U6, STM32C071C8T6, STM32C071C8T6N, STM32C071C8U6, STM32C071C8U6N, STM32C071CBT6, STM32C071CBT6N, STM32C071CBU6, STM32C071CBU6N, STM32C071F8P6, STM32C071F8P6N, STM32C071FBP6, STM32C071FBP6N, STM32C071FBY6TR, STM32C071G8U6, STM32C071G8U6N, STM32C071GBU6, STM32C071GBU6N, STM32C071K8T6, STM32C071K8T6N, STM32C071K8U6, STM32C071K8U6N, STM32C071KBT6, STM32C071KBT6N, STM32C071KBU6, STM32C071KBU6N, STM32C071R8T6, STM32C071R8T6N, STM32C071RBI6N, STM32C071RBT6, STM32C071RBT6N, STM32G071K8TXN, STM32G071K8UXN, STM32G081GBU6N, STM32G081KBT6N, STM32G081KBUXN, STM32G0B1CCT6N, STM32G0B1KCT6, STM32G0B1NEY6TR, STM32G0B1RCT6N, STM32G0C1CCT6, STM32G0C1CCT6N, STM32G0C1CCU6N, STM32G0C1CET6N, STM32G0C1CEU6N, STM32G0C1KCT6, STM32G0C1NEY6TR, STM32G0C1RCI6N, STM32G0C1RCT6N, STM32G0C1REI6N, STM32G0C1RET6N, STM32G0C1VCI6, STM32G0C1VEI6, STM32G411C6T3, STM32G411C6T6, STM32G411C6U3, STM32G411C6U6, STM32G411C8T3, STM32G411C8T6, STM32G411C8U3, STM32G411C8U6, STM32G411CBT3, STM32G411CBT6, STM32G411CBU3, STM32G411CBU6, STM32G411K6T3, STM32G411K6T6, STM32G411K6U3, STM32G411K6U6, STM32G411K8T3, STM32G411K8T6, STM32G411K8U3, STM32G411K8U6, STM32G411KBT3, STM32G411KBT6, STM32G411KBU3, STM32G411KBU6, STM32G411M6T3, STM32G411M6T6, STM32G411M8T3, STM32G411M8T6, STM32G411MBT3, STM32G411MBT6, STM32G411R6T3, STM32G411R6T6, STM32G411R8T3, STM32G411R8T6, STM32G411RBT3, STM32G411RBT6, STM32G414CBT3, STM32G414CBT6, STM32G414CBU3, STM32G414CBU6, STM32G414CCT3, STM32G414CCT6, STM32G414CCU3, STM32G414CCU6, STM32G414MBT3, STM32G414MBT6, STM32G414MCT3, STM32G414MCT6, STM32G414RBT3, STM32G414RBT6, STM32G414RCT3, STM32G414RCT6, STM32G414VBT3, STM32G414VBT6, STM32G414VCT3, STM32G414VCT6, STM32G431CBT3Z, STM32G431RBT3Z, STM32G471CCT6, STM32G471CCU6, STM32G471CET3, STM32G471CET6, STM32G471CEU3, STM32G471CEU6, STM32G471MCT6, STM32G471MET3, STM32G471MET6, STM32G471MEY6TR, STM32G471QCT6, STM32G471QET3, STM32G471RCT6, STM32G471RET3, STM32G471RET6, STM32G471VCH6, STM32G471VCI6, STM32G471VCT6, STM32G471VEH3, STM32G471VEH6, STM32G471VEI3, STM32G471VEI6, STM32G471VET3, STM32G471VET6, STM32G473QET3Z, STM32G473RET3Z, STM32G474CCT6, STM32G491RET3Z, STM32H503CBT6, STM32H503CBU6, STM32H503EBY6TR, STM32H503KBU6, STM32H503RBT6, STM32H523CCT6, STM32H523CCU6, STM32H523CET6, STM32H523CEU6, STM32H523HEY6TR, STM32H523RCT6, STM32H523RET6, STM32H523VCI6, STM32H523VCT6, STM32H523VEI6, STM32H523VET6, STM32H523ZCJ6, STM32H523ZCT6, STM32H523ZEJ6, STM32H523ZET6, STM32H533CET6, STM32H533CEU6, STM32H533HEY6TR, STM32H533RET6, STM32H533VEI6, STM32H533VET6, STM32H533ZEJ6, STM32H533ZET6, STM32H562AGI6, STM32H562AII6, STM32H562IGK6, STM32H562IGT6, STM32H562IIK6, STM32H562IIT6, STM32H562RGT6, STM32H562RGV6, STM32H562RIT6, STM32H562RIV6, STM32H562VGT6, STM32H562VIT6, STM32H562ZGT6, STM32H562ZIT6, STM32H563AGI6, STM32H563AII3Q, STM32H563AII6, STM32H563IGK6, STM32H563IGT6, STM32H563IIK3Q, STM32H563IIK6, STM32H563IIT3Q, STM32H563IIT6, STM32H563MIY3QTR, STM32H563RGT6, STM32H563RGV6, STM32H563RIT6, STM32H563RIV6, STM32H563VGT6, STM32H563VIT3Q, STM32H563VIT6, STM32H563ZGT6, STM32H563ZIT3Q, STM32H563ZIT6, STM32H573AII3Q, STM32H573AII6, STM32H573I-DK, STM32H573IIK3Q, STM32H573IIK6, STM32H573IIT3Q, STM32H573IIT6, STM32H573MIY3QTR, STM32H573RIT6, STM32H573RIV6, STM32H573VIT3Q, STM32H573VIT6, STM32H573ZIT3Q, STM32H573ZIT6, STM32H7R3A8I6, STM32H7R3I8K6, STM32H7R3I8T6, STM32H7R3L8H6, STM32H7R3L8H6H, STM32H7R3R8V6, STM32H7R3V8H6, STM32H7R3V8T6, STM32H7R3V8Y6TR, STM32H7R3Z8J6, STM32H7R3Z8T6, STM32H7R7A8I6, STM32H7R7I8K6, STM32H7R7I8T6, STM32H7R7L8H6, STM32H7R7L8H6H, STM32H7R7Z8J6, STM32H7S3A8I6, STM32H7S3I8K6, STM32H7S3I8T6, STM32H7S3L8H6, STM32H7S3L8H6H, STM32H7S3R8V6, STM32H7S3V8H6, STM32H7S3V8T6, STM32H7S3V8Y6TR, STM32H7S3Z8J6, STM32H7S3Z8T6, STM32H7S78-DK, STM32H7S7A8I6, STM32H7S7I8K6, STM32H7S7I8T6, STM32H7S7L8H6, STM32H7S7L8H6H, STM32H7S7Z8J6, STM32L4R5QGI6STR, STM32MP131AAE3, STM32MP131AAF3, STM32MP131AAG3, STM32MP131CAE3, STM32MP131CAF3, STM32MP131CAG3, STM32MP131DAE7, STM32MP131DAF7, STM32MP131DAG7, STM32MP131FAE7, STM32MP131FAF7, STM32MP131FAG7, STM32MP133AAE3, STM32MP133AAF3, STM32MP133AAG3, STM32MP133CAE3, STM32MP133CAF3, STM32MP133CAG3, STM32MP133DAE7, STM32MP133DAF7, STM32MP133DAG7, STM32MP133FAE7, STM32MP133FAF7, STM32MP133FAG7, STM32MP135AAE3, STM32MP135AAF3, STM32MP135AAG3, STM32MP135CAE3, STM32MP135CAF3, STM32MP135CAG3, STM32MP135DAE7, STM32MP135DAF7, STM32MP135DAG7, STM32MP135F-DK, STM32MP135FAE7, STM32MP135FAF7, STM32MP135FAF7T, STM32MP135FAF7U, STM32MP135FAG7, STM32MP251AAI3, STM32MP251AAK3, STM32MP251AAL3, STM32MP251CAI3, STM32MP251CAK3, STM32MP251CAL3, STM32MP251DAI3, STM32MP251DAK3, STM32MP251DAL3, STM32MP251FAI3, STM32MP251FAK3, STM32MP251FAL3, STM32MP253AAI3, STM32MP253AAK3, STM32MP253AAL3, STM32MP253CAI3, STM32MP253CAK3, STM32MP253CAL3, STM32MP253DAI3, STM32MP253DAK3, STM32MP253DAL3, STM32MP253FAI3, STM32MP253FAK3, STM32MP253FAL3, STM32MP255AAI3, STM32MP255AAK3, STM32MP255AAL3, STM32MP255CAI3, STM32MP255CAK3, STM32MP255CAL3, STM32MP255DAI3, STM32MP255DAK3, STM32MP255DAL3, STM32MP255FAI3, STM32MP255FAK3, STM32MP255FAL3, STM32MP257AAI3, STM32MP257AAK3, STM32MP257AAL3, STM32MP257CAI3, STM32MP257CAK3, STM32MP257CAL3, STM32MP257DAI3, STM32MP257DAK3, STM32MP257DAL3, STM32MP257F-DK, STM32MP257F-EV1, STM32MP257FAI3, STM32MP257FAK3, STM32MP257FAL3, STM32U031C6T6, STM32U031C6U6, STM32U031C8T6, STM32U031C8U6, STM32U031F4P6, STM32U031F6P6, STM32U031F8P6, STM32U031G6Y6TR, STM32U031G8Y6TR, STM32U031K4U6, STM32U031K6U6, STM32U031K8U6, STM32U031R6I6, STM32U031R6T6, STM32U031R8I6, STM32U031R8T6, STM32U073C8T6, STM32U073C8U6, STM32U073CBT6, STM32U073CBU6, STM32U073CCT6, STM32U073CCU6, STM32U073H8Y6TR, STM32U073HBY6TR, STM32U073HCY6TR, STM32U073K8U6, STM32U073KBU6, STM32U073KCU6, STM32U073M8I6, STM32U073M8T6, STM32U073MBI6, STM32U073MBT6, STM32U073MCI6, STM32U073MCT6, STM32U073R8I6, STM32U073R8T6, STM32U073RBI6, STM32U073RBT6, STM32U073RCI6, STM32U073RCT6, STM32U083C-DK, STM32U083CCT6, STM32U083CCU6, STM32U083HCY6TR, STM32U083KCU6, STM32U083MCI6, STM32U083MCT6, STM32U083RCI6, STM32U083RCT6, STM32U535CBT6, STM32U535CBT6Q, STM32U535CBU6, STM32U535CBU6Q, STM32U535CCT6, STM32U535CCT6Q, STM32U535CCU6, STM32U535CCU6Q, STM32U535CET6, STM32U535CET6Q, STM32U535CEU6, STM32U535CEU6Q, STM32U535JEY6QTR, STM32U535NCY6QTR, STM32U535NEY6QTR, STM32U535RBI6, STM32U535RBI6Q, STM32U535RBT6, STM32U535RBT6Q, STM32U535RCI6, STM32U535RCI6Q, STM32U535RCT6, STM32U535RCT6Q, STM32U535REI6, STM32U535REI6Q, STM32U535RET6, STM32U535RET6Q, STM32U535VCI6, STM32U535VCI6Q, STM32U535VCT6, STM32U535VCT6Q, STM32U535VEI6, STM32U535VEI6Q, STM32U535VET6, STM32U535VET6Q, STM32U545CET6, STM32U545CET6Q, STM32U545CEU6, STM32U545CEU6Q, STM32U545JEY6QTR, STM32U545NEY6QTR, STM32U545REI6, STM32U545REI6Q, STM32U545RET6, STM32U545RET6Q, STM32U545VEI6, STM32U545VEI6Q, STM32U545VET6, STM32U545VET6Q, STM32U595AIH6, STM32U595AIH6Q, STM32U595AJH6, STM32U595AJH6Q, STM32U595QII6, STM32U595QII6Q, STM32U595QJI6, STM32U595QJI6Q, STM32U595RIT6, STM32U595RIT6Q, STM32U595RJT6, STM32U595RJT6Q, STM32U595VIT6, STM32U595VIT6Q, STM32U595VJT6, STM32U595VJT6Q, STM32U595ZIT6, STM32U595ZIT6Q, STM32U595ZIY6QTR, STM32U595ZJT6, STM32U595ZJT6Q, STM32U595ZJY6QTR, STM32U599BJY6QTR, STM32U599NIH6Q, STM32U599NJH6Q, STM32U599VIT6Q, STM32U599VJT6, STM32U599VJT6Q, STM32U599ZIT6Q, STM32U599ZIY6QTR, STM32U599ZJT6Q, STM32U599ZJY6QTR, STM32U5A5AJH6, STM32U5A5AJH6Q, STM32U5A5QII3Q , STM32U5A5QJI6, STM32U5A5QJI6Q, STM32U5A5RJT6, STM32U5A5RJT6Q, STM32U5A5VJT6, STM32U5A5VJT6Q, STM32U5A5ZJT6, STM32U5A5ZJT6Q, STM32U5A5ZJY6QTR, STM32U5A9BJY6QTR, STM32U5A9J-DK, STM32U5A9NJH6Q, STM32U5A9VJT6Q, STM32U5A9ZJT6Q, STM32U5A9ZJY6QTR, STM32U5F7VIT6, STM32U5F7VIT6Q, STM32U5F7VJT6, STM32U5F7VJT6Q, STM32U5F9BJY6QTR, STM32U5F9NJH6Q, STM32U5F9VIT6Q, STM32U5F9VJT6Q, STM32U5F9ZIJ6QTR, STM32U5F9ZIT6Q, STM32U5F9ZJJ6QTR, STM32U5F9ZJT6Q, STM32U5G7VJT6, STM32U5G7VJT6Q, STM32U5G9BJY6QTR, STM32U5G9J-DK1, STM32U5G9J-DK2, STM32U5G9NJH6Q, STM32U5G9VJT6Q, STM32U5G9ZJJ6QTR, STM32U5G9ZJT6Q, STM32WB05KZV6TR, STM32WB05KZV7TR, STM32WB05TZF6TR, STM32WB05TZF7TR, STM32WB06CCF6TR, STM32WB06CCF7TR, STM32WB06CCV6TR, STM32WB06CCV7TR, STM32WB06KCV6TR, STM32WB06KCV7TR, STM32WB07CCF6TR, STM32WB07CCF7TR, STM32WB07CCV6TR, STM32WB07CCV7TR, STM32WB07KCV6TR, STM32WB07KCV7TR, STM32WB09KEV6TR, STM32WB09KEV7TR, STM32WB09TEF6TR, STM32WB09TEF7TR, STM32WB1MMCH6, STM32WBA50KGU6, STM32WBA50KGU6TR, STM32WBA52CEU6, STM32WBA52CEU6TR, STM32WBA52CEU7, STM32WBA52CEU7TR, STM32WBA52CGU6, STM32WBA52CGU6TR, STM32WBA52CGU6U, STM32WBA52CGU7, STM32WBA52CGU7TR, STM32WBA52KEU6, STM32WBA52KEU6TR, STM32WBA52KGU6, STM32WBA52KGU6TR, STM32WBA54CEU6, STM32WBA54CEU6TR, STM32WBA54CEU7, STM32WBA54CEU7TR, STM32WBA54CGU6, STM32WBA54CGU6TR, STM32WBA54CGU7, STM32WBA54CGU7TR, STM32WBA54KEU6, STM32WBA54KEU6TR, STM32WBA54KEU7, STM32WBA54KEU7TR, STM32WBA54KGU6, STM32WBA54KGU6TR, STM32WBA54KGU7, STM32WBA54KGU7TR, STM32WBA55CEU6, STM32WBA55CEU6TR, STM32WBA55CEU7, STM32WBA55CEU7TR, STM32WBA55CGU6, STM32WBA55CGU6TR, STM32WBA55CGU6U, STM32WBA55CGU7, STM32WBA55CGU7TR, STM32WBA55G-DK1, STM32WBA55HEF6, STM32WBA55HEF7, STM32WBA55HGF6, STM32WBA55HGF7, STM32WBA55UEI6, STM32WBA55UEI6TR, STM32WBA55UEI7, STM32WBA55UEI7TR, STM32WBA55UGI6, STM32WBA55UGI6TR, STM32WBA55UGI7, STM32WBA55UGI7TR, STM32WL5MOCH6, STM32WL5MOCH6TR]
2024-11-13 16:24:11,054 [INFO] DbMcus:218 - Found 4252 MCUs, 4252 are supported
2024-11-13 16:24:11,055 [INFO] ApiDb:423 - Load user favorites file C:\Users\Administrator/.stm32cubeide/favorites.mcus.txt: 0 item(s)
2024-11-13 16:24:11,055 [INFO] ApiDb:427 - User favorites MCUs=[]
2024-11-13 16:24:11,055 [INFO] DbMcus:224 - Set 0 / 0 favorites MCUs
2024-11-13 16:24:11,271 [INFO] ApiDb:423 - Load user favorites file C:\Users\Administrator/.stm32cubeide/favorites.boards.txt: 0 item(s)
2024-11-13 16:24:11,271 [INFO] ApiDb:427 - User favorites Boards=[]
2024-11-13 16:24:11,271 [INFO] DbBoards:198 - Set 0 / 0 favorites Boards
2024-11-13 16:24:11,326 [INFO] UtilMem:75 - End LoadConfig() Used Memory: 252207704 Bytes (520093696)
2024-11-13 16:24:11,420 [WARN] ThirdParty:833 - waiting for thirdparty lock release [change project]
2024-11-13 16:24:11,420 [INFO] ThirdParty:835 - entering critical section [change project]
2024-11-13 16:24:11,420 [INFO] ThirdParty:1030 - CMSIS Pack Vendor :STMicroelectronics USBPD 4.1
2024-11-13 16:24:11,420 [INFO] ThirdParty:1030 - CMSIS Pack Vendor :STMicroelectronics USB_HOST 2.0.0
2024-11-13 16:24:11,420 [INFO] ThirdParty:1030 - CMSIS Pack Vendor :STMicroelectronics FP-SNS-MOTENVWB1 1.4.0
2024-11-13 16:24:11,420 [INFO] ThirdParty:1030 - CMSIS Pack Vendor :STMicroelectronics X-CUBE-AZRTOS-F4 1.1.0
2024-11-13 16:24:11,420 [INFO] ThirdParty:1030 - CMSIS Pack Vendor :STMicroelectronics LIBJPEG 8.0.0
2024-11-13 16:24:11,420 [INFO] ThirdParty:1030 - CMSIS Pack Vendor :STMicroelectronics X-CUBE-SMBUS 2.1.0
2024-11-13 16:24:11,420 [INFO] ThirdParty:1030 - CMSIS Pack Vendor :STMicroelectronics USB_DEVICE 3.0.0
2024-11-13 16:24:11,420 [INFO] ThirdParty:1030 - CMSIS Pack Vendor :STMicroelectronics X-CUBE-TCPP 4.1.0
2024-11-13 16:24:11,420 [INFO] ThirdParty:1030 - CMSIS Pack Vendor :STMicroelectronics X-CUBE-FREERTOS 1.2.0
2024-11-13 16:24:11,420 [INFO] ThirdParty:1030 - CMSIS Pack Vendor :STMicroelectronics X-CUBE-AZRTOS-WB 2.0.0
2024-11-13 16:24:11,420 [INFO] ThirdParty:1030 - CMSIS Pack Vendor :STMicroelectronics X-CUBE-AZRTOS-F7 1.1.0
2024-11-13 16:24:11,420 [INFO] ThirdParty:1030 - CMSIS Pack Vendor :STMicroelectronics X-CUBE-AZRTOS-L5 2.0.0
2024-11-13 16:24:11,420 [INFO] ThirdParty:1030 - CMSIS Pack Vendor :STMicroelectronics USB_DEVICE 2.0.0
2024-11-13 16:24:11,421 [INFO] ThirdParty:1030 - CMSIS Pack Vendor :STMicroelectronics X-CUBE-NFC6 3.1.0
2024-11-13 16:24:11,421 [INFO] ThirdParty:1030 - CMSIS Pack Vendor :STMicroelectronics FreeRTOS 0.0.1
2024-11-13 16:24:11,421 [INFO] ThirdParty:1030 - CMSIS Pack Vendor :STMicroelectronics X-CUBE-AZRTOS-G0 1.1.0
2024-11-13 16:24:11,421 [INFO] ThirdParty:1030 - CMSIS Pack Vendor :STMicroelectronics X-CUBE-SAFEA1 1.2.2
2024-11-13 16:24:11,421 [INFO] ThirdParty:1030 - CMSIS Pack Vendor :STMicroelectronics X-CUBE-NFC4 3.0.0
2024-11-13 16:24:11,421 [INFO] ThirdParty:1030 - CMSIS Pack Vendor :STMicroelectronics X-CUBE-SUBG2 5.0.0
2024-11-13 16:24:11,421 [INFO] ThirdParty:1030 - CMSIS Pack Vendor :STMicroelectronics STM32_WPAN 1.0.0
2024-11-13 16:24:11,421 [INFO] ThirdParty:1030 - CMSIS Pack Vendor :STMicroelectronics lwIP 2.0.3
2024-11-13 16:24:11,421 [INFO] ThirdParty:1030 - CMSIS Pack Vendor :STMicroelectronics FP-SNS-FLIGHT1 5.0.2
2024-11-13 16:24:11,421 [INFO] ThirdParty:1030 - CMSIS Pack Vendor :STMicroelectronics USB_HOST 1.0.0
2024-11-13 16:24:11,421 [INFO] ThirdParty:1030 - CMSIS Pack Vendor :STMicroelectronics X-CUBE-AZRTOS-G4 2.0.0
2024-11-13 16:24:11,421 [INFO] ThirdParty:1030 - CMSIS Pack Vendor :STMicroelectronics PDM2PCM 3.1.0
2024-11-13 16:24:11,421 [INFO] ThirdParty:1030 - CMSIS Pack Vendor :STMicroelectronics PDM2PCM 3.3.0
2024-11-13 16:24:11,421 [INFO] ThirdParty:1030 - CMSIS Pack Vendor :STMicroelectronics X-CUBE-DISPLAY 3.0.0
2024-11-13 16:24:11,421 [INFO] ThirdParty:1030 - CMSIS Pack Vendor :STMicroelectronics X-CUBE-BLE1 7.0.0
2024-11-13 16:24:11,421 [INFO] ThirdParty:1030 - CMSIS Pack Vendor :STMicroelectronics FP-ATR-SIGFOX1 3.2.0
2024-11-13 16:24:11,421 [INFO] ThirdParty:1030 - CMSIS Pack Vendor :STMicroelectronics X-CUBE-EEPRMA1 5.1.0
2024-11-13 16:24:11,421 [INFO] ThirdParty:1030 - CMSIS Pack Vendor :STMicroelectronics HAL Drivers 0.0.0
2024-11-13 16:24:11,421 [INFO] ThirdParty:1030 - CMSIS Pack Vendor :STMicroelectronics MBEDTLS 2.16.2
2024-11-13 16:24:11,421 [INFO] ThirdParty:1030 - CMSIS Pack Vendor :STMicroelectronics X-CUBE-ALS 1.0.2
2024-11-13 16:24:11,421 [INFO] ThirdParty:1030 - CMSIS Pack Vendor :STMicroelectronics X-CUBE-NFC7 1.0.1
2024-11-13 16:24:11,421 [INFO] ThirdParty:1030 - CMSIS Pack Vendor :STMicroelectronics MBEDTLS 2.14.1
2024-11-13 16:24:11,421 [INFO] ThirdParty:1030 - CMSIS Pack Vendor :STMicroelectronics X-CUBE-BLEMGR 3.1.0
2024-11-13 16:24:11,421 [INFO] ThirdParty:1030 - CMSIS Pack Vendor :STMicroelectronics ThreadX 1.0.0
2024-11-13 16:24:11,421 [INFO] ThirdParty:1030 - CMSIS Pack Vendor :STMicroelectronics FP-SNS-SMARTAG2 1.2.0
2024-11-13 16:24:11,421 [INFO] ThirdParty:1030 - CMSIS Pack Vendor :STMicroelectronics X-CUBE-AZRTOS-WL 2.0.0
2024-11-13 16:24:11,421 [INFO] ThirdParty:1030 - CMSIS Pack Vendor :STMicroelectronics X-CUBE-ALGOBUILD 1.4.0
2024-11-13 16:24:11,421 [INFO] ThirdParty:1030 - CMSIS Pack Vendor :STMicroelectronics FP-SNS-MOTENV1 5.0.0
2024-11-13 16:24:11,421 [INFO] ThirdParty:1030 - CMSIS Pack Vendor :STMicroelectronics USB_DEVICE 1.0.0
2024-11-13 16:24:11,421 [INFO] ThirdParty:1030 - CMSIS Pack Vendor :STMicroelectronics X-CUBE-AZRTOS-H7RS 1.0.0
2024-11-13 16:24:11,421 [INFO] ThirdParty:1030 - CMSIS Pack Vendor :STMicroelectronics X-CUBE-AZRTOS-L4 2.0.0
2024-11-13 16:24:11,421 [INFO] ThirdParty:1030 - CMSIS Pack Vendor :STMicroelectronics ThreadX 0.0.2
2024-11-13 16:24:11,421 [INFO] ThirdParty:1030 - CMSIS Pack Vendor :STMicroelectronics FP-ATR-ASTRA1 2.0.0
2024-11-13 16:24:11,421 [INFO] ThirdParty:1030 - CMSIS Pack Vendor :STMicroelectronics lwIP 2.1.2
2024-11-13 16:24:11,421 [INFO] ThirdParty:1030 - CMSIS Pack Vendor :STMicroelectronics X-CUBE-SFXS2LP1 4.0.0
2024-11-13 16:24:11,421 [INFO] ThirdParty:1030 - CMSIS Pack Vendor :STMicroelectronics X-CUBE-BLE2 3.3.0
2024-11-13 16:24:11,421 [INFO] ThirdParty:1030 - CMSIS Pack Vendor :STMicroelectronics PDM2PCM 3.2.0
2024-11-13 16:24:11,422 [INFO] ThirdParty:841 - exiting critical section [change project]
2024-11-13 16:24:11,919 [INFO] PinOutPanel:1561 - setPackage(No Configuration,No Configuration)
2024-11-13 16:24:11,934 [INFO] PinOutPanel:1561 - setPackage(STM32F429IGTx,LQFP176)
2024-11-13 16:24:12,352 [INFO] UtilMem:75 - Before build in PCC Used Memory: 409434856 Bytes (520093696)
2024-11-13 16:24:13,241 [INFO] UtilMem:75 - After build in PCC Used Memory: 259247704 Bytes (520093696)
2024-11-13 16:24:13,271 [INFO] IPUIPlugin:80 - create IPUIPlugin
2024-11-13 16:24:13,272 [INFO] IPUIPlugin:80 - create IPUIPlugin
2024-11-13 16:24:13,272 [INFO] IPUIPlugin:80 - create IPUIPlugin
2024-11-13 16:24:13,272 [INFO] IPUIPlugin:80 - create IPUIPlugin
2024-11-13 16:24:13,272 [INFO] IPUIPlugin:80 - create IPUIPlugin
2024-11-13 16:24:13,272 [INFO] IPUIPlugin:80 - create IPUIPlugin
2024-11-13 16:24:13,272 [INFO] IPUIPlugin:80 - create IPUIPlugin
2024-11-13 16:24:13,272 [INFO] IPUIPlugin:80 - create IPUIPlugin
2024-11-13 16:24:13,272 [INFO] IPUIPlugin:80 - create IPUIPlugin
2024-11-13 16:24:13,273 [INFO] IPUIPlugin:80 - create IPUIPlugin
2024-11-13 16:24:13,273 [INFO] IPUIPlugin:80 - create IPUIPlugin
2024-11-13 16:24:13,273 [INFO] IPUIPlugin:80 - create IPUIPlugin
2024-11-13 16:24:13,273 [INFO] IPUIPlugin:80 - create IPUIPlugin
2024-11-13 16:24:13,273 [INFO] IPUIPlugin:80 - create IPUIPlugin
2024-11-13 16:24:13,273 [INFO] IPUIPlugin:80 - create IPUIPlugin
2024-11-13 16:24:13,273 [INFO] IPUIPlugin:80 - create IPUIPlugin
2024-11-13 16:24:13,273 [INFO] IPUIPlugin:80 - create IPUIPlugin
2024-11-13 16:24:13,274 [INFO] IPUIPlugin:80 - create IPUIPlugin
2024-11-13 16:24:13,274 [INFO] IPUIPlugin:80 - create IPUIPlugin
2024-11-13 16:24:13,274 [INFO] IPUIPlugin:80 - create IPUIPlugin
2024-11-13 16:24:13,274 [INFO] IPUIPlugin:80 - create IPUIPlugin
2024-11-13 16:24:13,274 [INFO] IPUIPlugin:80 - create IPUIPlugin
2024-11-13 16:24:13,274 [INFO] IPUIPlugin:80 - create IPUIPlugin
2024-11-13 16:24:13,275 [INFO] IPUIPlugin:80 - create IPUIPlugin
2024-11-13 16:24:13,275 [INFO] IPUIPlugin:80 - create IPUIPlugin
2024-11-13 16:24:13,275 [INFO] IPUIPlugin:80 - create IPUIPlugin
2024-11-13 16:24:13,275 [INFO] IPUIPlugin:80 - create IPUIPlugin
2024-11-13 16:24:13,275 [INFO] IPUIPlugin:80 - create IPUIPlugin
2024-11-13 16:24:13,275 [INFO] IPUIPlugin:80 - create IPUIPlugin
2024-11-13 16:24:13,276 [INFO] IPUIPlugin:80 - create IPUIPlugin
2024-11-13 16:24:13,276 [INFO] IPUIPlugin:80 - create IPUIPlugin
2024-11-13 16:24:13,276 [INFO] IPUIPlugin:80 - create IPUIPlugin
2024-11-13 16:24:13,276 [INFO] IPUIPlugin:80 - create IPUIPlugin
2024-11-13 16:24:13,276 [INFO] IPUIPlugin:80 - create IPUIPlugin
2024-11-13 16:24:13,277 [INFO] IPUIPlugin:80 - create IPUIPlugin
2024-11-13 16:24:13,277 [INFO] IPUIPlugin:80 - create IPUIPlugin
2024-11-13 16:24:13,277 [INFO] IPUIPlugin:80 - create IPUIPlugin
2024-11-13 16:24:13,277 [INFO] IPUIPlugin:80 - create IPUIPlugin
2024-11-13 16:24:13,277 [INFO] IPUIPlugin:80 - create IPUIPlugin
2024-11-13 16:24:13,277 [INFO] IPUIPlugin:80 - create IPUIPlugin
2024-11-13 16:24:13,278 [INFO] IPUIPlugin:80 - create IPUIPlugin
2024-11-13 16:24:13,278 [INFO] IPUIPlugin:80 - create IPUIPlugin
2024-11-13 16:24:13,278 [INFO] IPUIPlugin:80 - create IPUIPlugin
2024-11-13 16:24:13,278 [INFO] IPUIPlugin:80 - create IPUIPlugin
2024-11-13 16:24:13,278 [INFO] IPUIPlugin:80 - create IPUIPlugin
2024-11-13 16:24:13,278 [INFO] IPUIPlugin:80 - create IPUIPlugin
2024-11-13 16:24:13,279 [INFO] IPUIPlugin:80 - create IPUIPlugin
2024-11-13 16:24:13,279 [INFO] IPUIPlugin:80 - create IPUIPlugin
2024-11-13 16:24:13,279 [INFO] IPUIPlugin:80 - create IPUIPlugin
2024-11-13 16:24:13,279 [INFO] IPUIPlugin:80 - create IPUIPlugin
2024-11-13 16:24:13,279 [INFO] IPUIPlugin:80 - create IPUIPlugin
2024-11-13 16:24:13,279 [INFO] IPUIPlugin:80 - create IPUIPlugin
2024-11-13 16:24:13,280 [INFO] IPUIPlugin:80 - create IPUIPlugin
2024-11-13 16:24:13,280 [INFO] IPUIPlugin:80 - create IPUIPlugin
2024-11-13 16:24:13,280 [INFO] IPUIPlugin:80 - create IPUIPlugin
2024-11-13 16:24:13,280 [INFO] IPUIPlugin:80 - create IPUIPlugin
2024-11-13 16:24:13,280 [INFO] IPUIPlugin:80 - create IPUIPlugin
2024-11-13 16:24:13,281 [INFO] IPUIPlugin:80 - create IPUIPlugin
2024-11-13 16:24:13,281 [INFO] IPUIPlugin:80 - create IPUIPlugin
2024-11-13 16:24:13,281 [INFO] IPUIPlugin:80 - create IPUIPlugin
2024-11-13 16:24:13,281 [INFO] IPUIPlugin:80 - create IPUIPlugin
2024-11-13 16:24:13,282 [INFO] IPUIPlugin:80 - create IPUIPlugin
2024-11-13 16:24:13,284 [INFO] IPUIPlugin:80 - create IPUIPlugin
2024-11-13 16:24:13,285 [INFO] IPUIPlugin:80 - create IPUIPlugin
2024-11-13 16:24:13,286 [INFO] IPUIPlugin:80 - create IPUIPlugin
2024-11-13 16:24:13,286 [INFO] IPUIPlugin:80 - create IPUIPlugin
2024-11-13 16:24:13,424 [INFO] ApiDbMcu:508 - Load IP Config File for PDM2PCM
2024-11-13 16:24:13,697 [INFO] CADModel:165 - CPN selected for project levelSTM32F429IGT6
2024-11-13 16:24:13,697 [INFO] CADModel:114 - Register for checkConnection events
2024-11-13 16:24:13,766 [INFO] OpenFileManager:363 - Restore cursor
2024-11-13 16:25:01,338 [INFO] MainUpdater:2873 - connection check result : 10
2024-11-13 16:25:01,338 [INFO] MainUpdater:2873 - connection check result : 10
2024-11-13 16:25:01,457 [INFO] MicroXplorer:468 - Change Database Path : 
2024-11-13 16:25:01,457 [INFO] MicroXplorer:498 - Change Database Version : DB.6.0.121
2024-11-13 16:25:01,463 [ERROR] ProjectManagerView:394 - 
java.lang.NullPointerException: Cannot invoke "javax.swing.JTextField.getText()" because the return value of "java.util.List.get(int)" is null
	at com.st.microxplorer.plugins.projectmanager.gui.ProjectChoiceTab$10.caretUpdate(ProjectChoiceTab.java:2622) ~[filemanager.jar:?]
	at javax.swing.text.JTextComponent.fireCaretUpdate(JTextComponent.java:412) ~[?:?]
	at javax.swing.text.JTextComponent$MutableCaretEvent.fire(JTextComponent.java:4491) ~[?:?]
	at javax.swing.text.JTextComponent$MutableCaretEvent.stateChanged(JTextComponent.java:4513) ~[?:?]
	at javax.swing.text.DefaultCaret.fireStateChanged(DefaultCaret.java:842) ~[?:?]
	at javax.swing.text.DefaultCaret.changeCaretPosition(DefaultCaret.java:1313) ~[?:?]
	at javax.swing.text.DefaultCaret.handleSetDot(DefaultCaret.java:1212) ~[?:?]
	at javax.swing.text.DefaultCaret.setDot(DefaultCaret.java:1193) ~[?:?]
	at javax.swing.text.DefaultCaret$Handler.insertUpdate(DefaultCaret.java:1789) ~[?:?]
	at javax.swing.text.AbstractDocument.fireInsertUpdate(AbstractDocument.java:226) ~[?:?]
	at javax.swing.text.AbstractDocument.handleInsertString(AbstractDocument.java:780) ~[?:?]
	at javax.swing.text.AbstractDocument.insertString(AbstractDocument.java:739) ~[?:?]
	at javax.swing.text.PlainDocument.insertString(PlainDocument.java:131) ~[?:?]
	at javax.swing.text.AbstractDocument.replace(AbstractDocument.java:698) ~[?:?]
	at javax.swing.text.JTextComponent.setText(JTextComponent.java:1729) ~[?:?]
	at com.st.microxplorer.plugins.projectmanager.gui.ProjectChoiceTab.createHeapStackFields(ProjectChoiceTab.java:972) ~[filemanager.jar:?]
	at com.st.microxplorer.plugins.projectmanager.gui.ProjectChoiceTab.buildLinkSettingsPanel(ProjectChoiceTab.java:3597) ~[filemanager.jar:?]
	at com.st.microxplorer.plugins.projectmanager.gui.ProjectChoiceTab.defineWindowsFields(ProjectChoiceTab.java:1940) ~[filemanager.jar:?]
	at com.st.microxplorer.plugins.projectmanager.gui.ProjectChoiceTab.updateSettings(ProjectChoiceTab.java:550) ~[filemanager.jar:?]
	at com.st.microxplorer.plugins.projectmanager.gui.ProjectSettingsPanel.UpdateDialog(ProjectSettingsPanel.java:245) ~[filemanager.jar:?]
	at com.st.microxplorer.plugins.projectmanager.ProjectManagerView.propertyChange(ProjectManagerView.java:391) ~[filemanager.jar:?]
	at java.beans.PropertyChangeSupport.fire(PropertyChangeSupport.java:343) ~[?:?]
	at java.beans.PropertyChangeSupport.firePropertyChange(PropertyChangeSupport.java:335) ~[?:?]
	at java.beans.PropertyChangeSupport.firePropertyChange(PropertyChangeSupport.java:268) ~[?:?]
	at com.st.microxplorer.util.MXPropertyChangeSupport.firePropertyChange(MXPropertyChangeSupport.java:54) ~[STM32CubeMX.jar:?]
	at com.st.microxplorer.mxsystem.MxSystem.closeConfig(MxSystem.java:900) ~[STM32CubeMX.jar:?]
	at com.st.microxplorer.maingui.MainPanel.closeConfig(MainPanel.java:781) ~[STM32CubeMX.jar:?]
	at com.st.microxplorer.plugins.filemanager.engine.OpenFileManager.loadConfigurationFile(OpenFileManager.java:265) ~[filemanager.jar:?]
	at com.st.microxplorer.plugins.filemanager.engine.MainFileManager.userLoadConfig(MainFileManager.java:352) ~[filemanager.jar:?]
	at com.st.microxplorer.plugins.filemanager.engine.MainFileManager.userLoadConfig(MainFileManager.java:330) ~[filemanager.jar:?]
	at com.st.microxplorer.plugins.filemanager.FileManagerView.getSpecificTask(FileManagerView.java:246) ~[filemanager.jar:?]
	at com.st.stm32cube.common.mx.editor.CubeMxEditor.getMxTabbedPaneInstance(CubeMxEditor.java:1198) ~[com.st.stm32cube.common.mx_6.12.1.202409122256/:?]
	at com.st.stm32cube.common.mx.editor.CubeMxEditor$12$1.createSwingComponent(CubeMxEditor.java:1068) ~[com.st.stm32cube.common.mx_6.12.1.202409122256/:?]
	at com.st.stm32cube.common.mx.oss.core.awtswtbridge.EmbeddedSwingComposite.doComponentCreation(EmbeddedSwingComposite.java:492) ~[com.st.stm32cube.common.mx.oss_6.12.1.202409122256/:?]
	at com.st.stm32cube.common.mx.oss.core.awtswtbridge.EmbeddedSwingComposite$4.run(EmbeddedSwingComposite.java:291) ~[com.st.stm32cube.common.mx.oss_6.12.1.202409122256/:?]
	at com.st.stm32cube.common.mx.oss.core.awtswtbridge.AwtEnvironment$2.run(AwtEnvironment.java:166) ~[com.st.stm32cube.common.mx.oss_6.12.1.202409122256/:?]
	at java.awt.event.InvocationEvent.dispatch(InvocationEvent.java:318) ~[?:?]
	at java.awt.EventQueue.dispatchEventImpl(EventQueue.java:773) ~[?:?]
	at java.awt.EventQueue$4.run(EventQueue.java:720) ~[?:?]
	at java.awt.EventQueue$4.run(EventQueue.java:714) ~[?:?]
	at java.security.AccessController.doPrivileged(AccessController.java:399) ~[?:?]
	at java.security.ProtectionDomain$JavaSecurityAccessImpl.doIntersectionPrivilege(ProtectionDomain.java:86) ~[?:?]
	at java.awt.EventQueue.dispatchEvent(EventQueue.java:742) ~[?:?]
	at java.awt.EventDispatchThread.pumpOneEventForFilters(EventDispatchThread.java:203) ~[?:?]
	at java.awt.EventDispatchThread.pumpEventsForFilter(EventDispatchThread.java:124) ~[?:?]
	at java.awt.EventDispatchThread.pumpEventsForHierarchy(EventDispatchThread.java:113) ~[?:?]
	at java.awt.EventDispatchThread.pumpEvents(EventDispatchThread.java:109) ~[?:?]
	at java.awt.EventDispatchThread.pumpEvents(EventDispatchThread.java:101) ~[?:?]
	at java.awt.EventDispatchThread.run(EventDispatchThread.java:90) ~[?:?]
2024-11-13 16:25:01,485 [WARN] ThirdParty:871 - waiting for thirdparty lock release [close project]
2024-11-13 16:25:01,486 [INFO] ThirdParty:873 - entering critical section [close project]
2024-11-13 16:25:01,486 [INFO] ThirdParty:883 - exiting critical section [close project]
2024-11-13 16:25:01,487 [INFO] PinOutPanel:1561 - setPackage(No Configuration,No Configuration)
2024-11-13 16:25:01,506 [WARN] IpParametersView:151 - Warning: This peripheral hasn't parameters
2024-11-13 16:25:01,525 [WARN] MainPanel:284 - <html><b><center>Warning: This peripheral has no parameters to be configured<br></b></html>
2024-11-13 16:25:01,535 [INFO] UtilMem:75 - Begin LoadConfig() Used Memory: 411546384 Bytes (640679936)
2024-11-13 16:25:01,536 [INFO] MicroXplorer:468 - Change Database Path : 
2024-11-13 16:25:01,536 [INFO] MicroXplorer:498 - Change Database Version : DB.6.0.121
2024-11-13 16:25:01,536 [INFO] OpenFileManager:332 - Change cursor
2024-11-13 16:25:01,564 [INFO] Mcu:2032 - Initializing MCU STM32F072C(8-B)Tx STM32F072C8Tx STM32F072C8T6
2024-11-13 16:25:02,401 [INFO] Context:742 - Trying to add GPIOservice into a context  which must be forbidden
2024-11-13 16:25:02,623 [INFO] RtosManager:555 - Registered RTOS mode: class=CMSIS, group=RTOS, mode=CMSIS_V1, owner=FREERTOS
2024-11-13 16:25:02,623 [INFO] RtosManager:555 - Registered RTOS mode: class=CMSIS, group=RTOS2, mode=CMSIS_V2, owner=FREERTOS
2024-11-13 16:25:02,623 [INFO] RtosManager:555 - Registered RTOS mode: class=RTOS, group=Core, mode=CMSIS_V1, owner=FREERTOS
2024-11-13 16:25:02,623 [INFO] RtosManager:555 - Registered RTOS mode: class=RTOS, group=Core, mode=CMSIS_V2, owner=FREERTOS
2024-11-13 16:25:02,623 [WARN] ModelIntegratedComponent:184 - Missing modes for component STMicroelectronics:FreeRTOS:0.0.1:STMicroelectronics:RTOS:FreeRTOS:Core:::10.2.0:
2024-11-13 16:25:02,627 [WARN] ModelIntegratedComponent:63 - No mode defined for component null
2024-11-13 16:25:02,627 [WARN] ModelIntegratedComponent:63 - No mode defined for component null
2024-11-13 16:25:02,627 [WARN] ModelIntegratedComponent:63 - No mode defined for component null
2024-11-13 16:25:02,627 [WARN] ModelIntegratedComponent:63 - No mode defined for component null
2024-11-13 16:25:02,627 [WARN] ModelIntegratedComponent:63 - No mode defined for component null
2024-11-13 16:25:02,627 [WARN] ModelIntegratedComponent:63 - No mode defined for component null
2024-11-13 16:25:02,627 [WARN] ModelIntegratedComponent:63 - No mode defined for component null
2024-11-13 16:25:02,627 [WARN] ModelIntegratedComponent:63 - No mode defined for component null
2024-11-13 16:25:02,627 [WARN] ModelIntegratedComponent:63 - No mode defined for component null
2024-11-13 16:25:02,627 [WARN] ModelIntegratedComponent:63 - No mode defined for component null
2024-11-13 16:25:02,627 [WARN] ModelIntegratedComponent:63 - No mode defined for component null
2024-11-13 16:25:02,627 [WARN] ModelIntegratedComponent:63 - No mode defined for component null
2024-11-13 16:25:02,627 [WARN] ModelIntegratedComponent:63 - No mode defined for component null
2024-11-13 16:25:02,627 [WARN] ModelIntegratedComponent:63 - No mode defined for component null
2024-11-13 16:25:02,627 [WARN] ModelIntegratedComponent:63 - No mode defined for component null
2024-11-13 16:25:02,627 [WARN] ModelIntegratedComponent:63 - No mode defined for component null
2024-11-13 16:25:02,628 [WARN] ModelIntegratedComponent:63 - No mode defined for component null
2024-11-13 16:25:02,628 [WARN] ModelIntegratedComponent:63 - No mode defined for component null
2024-11-13 16:25:02,628 [WARN] ModelIntegratedComponent:63 - No mode defined for component null
2024-11-13 16:25:02,628 [WARN] ModelIntegratedComponent:63 - No mode defined for component null
2024-11-13 16:25:02,628 [WARN] ModelIntegratedComponent:63 - No mode defined for component null
2024-11-13 16:25:02,628 [WARN] ModelIntegratedComponent:63 - No mode defined for component null
2024-11-13 16:25:02,628 [WARN] ModelIntegratedComponent:63 - No mode defined for component null
2024-11-13 16:25:02,628 [WARN] ModelIntegratedComponent:63 - No mode defined for component null
2024-11-13 16:25:02,628 [WARN] ModelIntegratedComponent:63 - No mode defined for component null
2024-11-13 16:25:02,628 [WARN] ModelIntegratedComponent:63 - No mode defined for component null
2024-11-13 16:25:02,628 [WARN] ModelIntegratedComponent:63 - No mode defined for component null
2024-11-13 16:25:02,628 [WARN] ModelIntegratedComponent:63 - No mode defined for component null
2024-11-13 16:25:02,628 [WARN] ModelIntegratedComponent:63 - No mode defined for component null
2024-11-13 16:25:02,628 [WARN] ModelIntegratedComponent:63 - No mode defined for component null
2024-11-13 16:25:02,628 [WARN] ModelIntegratedComponent:63 - No mode defined for component null
2024-11-13 16:25:02,628 [WARN] ModelIntegratedComponent:63 - No mode defined for component null
2024-11-13 16:25:02,628 [WARN] ModelIntegratedComponent:63 - No mode defined for component null
2024-11-13 16:25:02,628 [WARN] ModelIntegratedComponent:63 - No mode defined for component null
2024-11-13 16:25:02,628 [WARN] ModelIntegratedComponent:63 - No mode defined for component null
2024-11-13 16:25:02,628 [WARN] ModelPack:524 - Component already loaded: STMicroelectronics:HAL Drivers:0.0.0:STMicroelectronics:Device:STMicro_Driver:XSPI:HAL::0.0.1:HAL_XSPI
2024-11-13 16:25:02,636 [INFO] ThirdPartyModel:298 - Start build external matchings
2024-11-13 16:25:02,661 [INFO] ThirdPartyModel:316 - End build external matchings
2024-11-13 16:25:02,666 [INFO] ImportTextPane:205 - (OptionalMessage_ERROR) IP (RCC) : Invalid parameter (FamilyName)
2024-11-13 16:25:02,666 [INFO] ImportTextPane:205 - (OptionalMessage_ERROR) IP (RCC) : Invalid parameter (HSICECFreq_Value)
2024-11-13 16:25:02,954 [INFO] UtilMem:75 - End LoadConfig() Used Memory: 288366728 Bytes (640679936)
2024-11-13 16:25:03,124 [WARN] ThirdParty:833 - waiting for thirdparty lock release [change project]
2024-11-13 16:25:03,124 [INFO] ThirdParty:835 - entering critical section [change project]
2024-11-13 16:25:03,124 [INFO] ThirdParty:1030 - CMSIS Pack Vendor :STMicroelectronics USBPD 4.1
2024-11-13 16:25:03,124 [INFO] ThirdParty:1030 - CMSIS Pack Vendor :STMicroelectronics USB_HOST 2.0.0
2024-11-13 16:25:03,124 [INFO] ThirdParty:1030 - CMSIS Pack Vendor :STMicroelectronics FP-SNS-MOTENVWB1 1.4.0
2024-11-13 16:25:03,124 [INFO] ThirdParty:1030 - CMSIS Pack Vendor :STMicroelectronics X-CUBE-AZRTOS-F4 1.1.0
2024-11-13 16:25:03,124 [INFO] ThirdParty:1030 - CMSIS Pack Vendor :STMicroelectronics LIBJPEG 8.0.0
2024-11-13 16:25:03,124 [INFO] ThirdParty:1030 - CMSIS Pack Vendor :STMicroelectronics X-CUBE-SMBUS 2.1.0
2024-11-13 16:25:03,124 [INFO] ThirdParty:1030 - CMSIS Pack Vendor :STMicroelectronics USB_DEVICE 3.0.0
2024-11-13 16:25:03,124 [INFO] ThirdParty:1030 - CMSIS Pack Vendor :STMicroelectronics X-CUBE-TCPP 4.1.0
2024-11-13 16:25:03,124 [INFO] ThirdParty:1030 - CMSIS Pack Vendor :STMicroelectronics X-CUBE-FREERTOS 1.2.0
2024-11-13 16:25:03,124 [INFO] ThirdParty:1030 - CMSIS Pack Vendor :STMicroelectronics X-CUBE-AZRTOS-WB 2.0.0
2024-11-13 16:25:03,124 [INFO] ThirdParty:1030 - CMSIS Pack Vendor :STMicroelectronics X-CUBE-AZRTOS-F7 1.1.0
2024-11-13 16:25:03,124 [INFO] ThirdParty:1030 - CMSIS Pack Vendor :STMicroelectronics X-CUBE-AZRTOS-L5 2.0.0
2024-11-13 16:25:03,124 [INFO] ThirdParty:1030 - CMSIS Pack Vendor :STMicroelectronics USB_DEVICE 2.0.0
2024-11-13 16:25:03,124 [INFO] ThirdParty:1030 - CMSIS Pack Vendor :STMicroelectronics X-CUBE-NFC6 3.1.0
2024-11-13 16:25:03,124 [INFO] ThirdParty:1030 - CMSIS Pack Vendor :STMicroelectronics FreeRTOS 0.0.1
2024-11-13 16:25:03,124 [INFO] ThirdParty:1030 - CMSIS Pack Vendor :STMicroelectronics X-CUBE-AZRTOS-G0 1.1.0
2024-11-13 16:25:03,124 [INFO] ThirdParty:1030 - CMSIS Pack Vendor :STMicroelectronics X-CUBE-SAFEA1 1.2.2
2024-11-13 16:25:03,124 [INFO] ThirdParty:1030 - CMSIS Pack Vendor :STMicroelectronics X-CUBE-NFC4 3.0.0
2024-11-13 16:25:03,124 [INFO] ThirdParty:1030 - CMSIS Pack Vendor :STMicroelectronics X-CUBE-SUBG2 5.0.0
2024-11-13 16:25:03,124 [INFO] ThirdParty:1030 - CMSIS Pack Vendor :STMicroelectronics STM32_WPAN 1.0.0
2024-11-13 16:25:03,124 [INFO] ThirdParty:1030 - CMSIS Pack Vendor :STMicroelectronics lwIP 2.0.3
2024-11-13 16:25:03,124 [INFO] ThirdParty:1030 - CMSIS Pack Vendor :STMicroelectronics FP-SNS-FLIGHT1 5.0.2
2024-11-13 16:25:03,124 [INFO] ThirdParty:1030 - CMSIS Pack Vendor :STMicroelectronics USB_HOST 1.0.0
2024-11-13 16:25:03,125 [INFO] ThirdParty:1030 - CMSIS Pack Vendor :STMicroelectronics X-CUBE-AZRTOS-G4 2.0.0
2024-11-13 16:25:03,125 [INFO] ThirdParty:1030 - CMSIS Pack Vendor :STMicroelectronics PDM2PCM 3.1.0
2024-11-13 16:25:03,125 [INFO] ThirdParty:1030 - CMSIS Pack Vendor :STMicroelectronics PDM2PCM 3.3.0
2024-11-13 16:25:03,125 [INFO] ThirdParty:1030 - CMSIS Pack Vendor :STMicroelectronics X-CUBE-DISPLAY 3.0.0
2024-11-13 16:25:03,125 [INFO] ThirdParty:1030 - CMSIS Pack Vendor :STMicroelectronics X-CUBE-BLE1 7.0.0
2024-11-13 16:25:03,125 [INFO] ThirdParty:1030 - CMSIS Pack Vendor :STMicroelectronics FP-ATR-SIGFOX1 3.2.0
2024-11-13 16:25:03,125 [INFO] ThirdParty:1030 - CMSIS Pack Vendor :STMicroelectronics X-CUBE-EEPRMA1 5.1.0
2024-11-13 16:25:03,125 [INFO] ThirdParty:1030 - CMSIS Pack Vendor :STMicroelectronics HAL Drivers 0.0.0
2024-11-13 16:25:03,125 [INFO] ThirdParty:1030 - CMSIS Pack Vendor :STMicroelectronics MBEDTLS 2.16.2
2024-11-13 16:25:03,125 [INFO] ThirdParty:1030 - CMSIS Pack Vendor :STMicroelectronics X-CUBE-ALS 1.0.2
2024-11-13 16:25:03,125 [INFO] ThirdParty:1030 - CMSIS Pack Vendor :STMicroelectronics X-CUBE-NFC7 1.0.1
2024-11-13 16:25:03,125 [INFO] ThirdParty:1030 - CMSIS Pack Vendor :STMicroelectronics MBEDTLS 2.14.1
2024-11-13 16:25:03,125 [INFO] ThirdParty:1030 - CMSIS Pack Vendor :STMicroelectronics X-CUBE-BLEMGR 3.1.0
2024-11-13 16:25:03,125 [INFO] ThirdParty:1030 - CMSIS Pack Vendor :STMicroelectronics ThreadX 1.0.0
2024-11-13 16:25:03,125 [INFO] ThirdParty:1030 - CMSIS Pack Vendor :STMicroelectronics FP-SNS-SMARTAG2 1.2.0
2024-11-13 16:25:03,125 [INFO] ThirdParty:1030 - CMSIS Pack Vendor :STMicroelectronics X-CUBE-AZRTOS-WL 2.0.0
2024-11-13 16:25:03,125 [INFO] ThirdParty:1030 - CMSIS Pack Vendor :STMicroelectronics X-CUBE-ALGOBUILD 1.4.0
2024-11-13 16:25:03,125 [INFO] ThirdParty:1030 - CMSIS Pack Vendor :STMicroelectronics FP-SNS-MOTENV1 5.0.0
2024-11-13 16:25:03,125 [INFO] ThirdParty:1030 - CMSIS Pack Vendor :STMicroelectronics USB_DEVICE 1.0.0
2024-11-13 16:25:03,125 [INFO] ThirdParty:1030 - CMSIS Pack Vendor :STMicroelectronics X-CUBE-AZRTOS-H7RS 1.0.0
2024-11-13 16:25:03,125 [INFO] ThirdParty:1030 - CMSIS Pack Vendor :STMicroelectronics X-CUBE-AZRTOS-L4 2.0.0
2024-11-13 16:25:03,125 [INFO] ThirdParty:1030 - CMSIS Pack Vendor :STMicroelectronics ThreadX 0.0.2
2024-11-13 16:25:03,125 [INFO] ThirdParty:1030 - CMSIS Pack Vendor :STMicroelectronics FP-ATR-ASTRA1 2.0.0
2024-11-13 16:25:03,125 [INFO] ThirdParty:1030 - CMSIS Pack Vendor :STMicroelectronics lwIP 2.1.2
2024-11-13 16:25:03,125 [INFO] ThirdParty:1030 - CMSIS Pack Vendor :STMicroelectronics X-CUBE-SFXS2LP1 4.0.0
2024-11-13 16:25:03,125 [INFO] ThirdParty:1030 - CMSIS Pack Vendor :STMicroelectronics X-CUBE-BLE2 3.3.0
2024-11-13 16:25:03,125 [INFO] ThirdParty:1030 - CMSIS Pack Vendor :STMicroelectronics PDM2PCM 3.2.0
2024-11-13 16:25:03,125 [INFO] ThirdParty:841 - exiting critical section [change project]
2024-11-13 16:25:03,224 [INFO] PinOutPanel:1561 - setPackage(No Configuration,No Configuration)
2024-11-13 16:25:03,225 [INFO] PinOutPanel:1561 - setPackage(STM32F072C8Tx,LQFP48)
2024-11-13 16:25:03,677 [INFO] UtilMem:75 - Before build in PCC Used Memory: 229979704 Bytes (713031680)
2024-11-13 16:25:03,913 [INFO] UtilMem:75 - After build in PCC Used Memory: 274019912 Bytes (713031680)
2024-11-13 16:25:03,929 [INFO] IPUIPlugin:80 - create IPUIPlugin
2024-11-13 16:25:03,929 [INFO] IPUIPlugin:80 - create IPUIPlugin
2024-11-13 16:25:03,929 [INFO] IPUIPlugin:80 - create IPUIPlugin
2024-11-13 16:25:03,929 [INFO] IPUIPlugin:80 - create IPUIPlugin
2024-11-13 16:25:03,929 [INFO] IPUIPlugin:80 - create IPUIPlugin
2024-11-13 16:25:03,930 [INFO] IPUIPlugin:80 - create IPUIPlugin
2024-11-13 16:25:03,930 [INFO] IPUIPlugin:80 - create IPUIPlugin
2024-11-13 16:25:03,930 [INFO] IPUIPlugin:80 - create IPUIPlugin
2024-11-13 16:25:03,930 [INFO] IPUIPlugin:80 - create IPUIPlugin
2024-11-13 16:25:03,930 [INFO] IPUIPlugin:80 - create IPUIPlugin
2024-11-13 16:25:03,930 [INFO] IPUIPlugin:80 - create IPUIPlugin
2024-11-13 16:25:03,930 [INFO] IPUIPlugin:80 - create IPUIPlugin
2024-11-13 16:25:03,930 [INFO] IPUIPlugin:80 - create IPUIPlugin
2024-11-13 16:25:03,930 [INFO] IPUIPlugin:80 - create IPUIPlugin
2024-11-13 16:25:03,930 [INFO] IPUIPlugin:80 - create IPUIPlugin
2024-11-13 16:25:03,930 [INFO] IPUIPlugin:80 - create IPUIPlugin
2024-11-13 16:25:03,931 [INFO] IPUIPlugin:80 - create IPUIPlugin
2024-11-13 16:25:03,931 [INFO] IPUIPlugin:80 - create IPUIPlugin
2024-11-13 16:25:03,931 [INFO] IPUIPlugin:80 - create IPUIPlugin
2024-11-13 16:25:03,931 [INFO] IPUIPlugin:80 - create IPUIPlugin
2024-11-13 16:25:03,931 [INFO] IPUIPlugin:80 - create IPUIPlugin
2024-11-13 16:25:03,931 [INFO] IPUIPlugin:80 - create IPUIPlugin
2024-11-13 16:25:03,931 [INFO] IPUIPlugin:80 - create IPUIPlugin
2024-11-13 16:25:03,931 [INFO] IPUIPlugin:80 - create IPUIPlugin
2024-11-13 16:25:03,932 [INFO] IPUIPlugin:80 - create IPUIPlugin
2024-11-13 16:25:03,933 [INFO] IPUIPlugin:80 - create IPUIPlugin
2024-11-13 16:25:03,933 [INFO] IPUIPlugin:80 - create IPUIPlugin
2024-11-13 16:25:03,933 [INFO] IPUIPlugin:80 - create IPUIPlugin
2024-11-13 16:25:03,933 [INFO] IPUIPlugin:80 - create IPUIPlugin
2024-11-13 16:25:03,934 [INFO] IPUIPlugin:80 - create IPUIPlugin
2024-11-13 16:25:03,934 [INFO] IPUIPlugin:80 - create IPUIPlugin
2024-11-13 16:25:03,934 [INFO] IPUIPlugin:80 - create IPUIPlugin
2024-11-13 16:25:03,934 [INFO] IPUIPlugin:80 - create IPUIPlugin
2024-11-13 16:25:03,935 [INFO] IPUIPlugin:80 - create IPUIPlugin
2024-11-13 16:25:03,935 [INFO] IPUIPlugin:80 - create IPUIPlugin
2024-11-13 16:25:03,935 [INFO] IPUIPlugin:80 - create IPUIPlugin
2024-11-13 16:25:03,935 [INFO] IPUIPlugin:80 - create IPUIPlugin
2024-11-13 16:25:03,936 [INFO] IPUIPlugin:80 - create IPUIPlugin
2024-11-13 16:25:03,936 [INFO] IPUIPlugin:80 - create IPUIPlugin
2024-11-13 16:25:03,936 [INFO] IPUIPlugin:80 - create IPUIPlugin
2024-11-13 16:25:03,936 [INFO] IPUIPlugin:80 - create IPUIPlugin
2024-11-13 16:25:04,002 [INFO] CADModel:165 - CPN selected for project levelSTM32F072C8T6
2024-11-13 16:25:04,003 [INFO] CADModel:114 - Register for checkConnection events
2024-11-13 16:25:04,066 [INFO] OpenFileManager:363 - Restore cursor
2024-11-13 18:34:31,497 [ERROR] LogOutputStream:75 - [STDERR_REDIRECT] 
