2024-11-15 09:17:48,146 [INFO] Activator:176 - 


2024-11-15 09:17:48,173 [INFO] Activator:177 - !SESSION log4j initialized
2024-11-15 09:17:55,758 [INFO] LogOutputStream:77 - [STDOUT_REDIRECT] 
2024-11-15 09:18:01,611 [INFO] ApplicationProperties:184 - Using Application install path: D:\ST\STM32CubeIDE_1.16.1\STM32CubeIDE\plugins\com.st.stm32cube.common.mx_6.12.1.202409122256
2024-11-15 09:18:01,752 [INFO] DbMcusXml:78 - Set database path to: D:\ST\STM32CubeIDE_1.16.1\STM32CubeIDE\plugins\com.st.stm32cube.common.mx_6.12.1.202409122256\\db\/mcu/
2024-11-15 09:18:01,752 [INFO] ApiDb:274 - Set plugin database path to: D:\ST\STM32CubeIDE_1.16.1\STM32CubeIDE\plugins\com.st.stm32cube.common.mx_6.12.1.202409122256\\db\/plugins/boardmanager/
2024-11-15 09:18:01,771 [WARN] ApiDb:259 - Overriding images path with different value:  => D:\ST\STM32CubeIDE_1.16.1\STM32CubeIDE\plugins\com.st.stm32cube.common.mx_6.12.1.202409122256\\db\/plugins/mcufinder/images/
2024-11-15 09:18:01,912 [INFO] ApiDb:250 - Set database path to: C:\Users\Administrator\.stmcufinder\plugins\mcufinder//mcu/
2024-11-15 09:18:01,912 [INFO] DbMcusAds:125 - Set database path to: C:\Users\Administrator\.stmcufinder\plugins\mcufinder//mcu/
2024-11-15 09:18:01,934 [INFO] CrossReferenceDbSqlite:203 - Set database path to: C:\Users\Administrator\.stmcufinder\plugins\mcufinder//mcu/cs/
2024-11-15 09:18:02,282 [INFO] RulesReader:64 - Compatibility file has been processed (297 Rules)
2024-11-15 09:18:02,661 [INFO] DbMcusXml:78 - Set database path to: D:\ST\STM32CubeIDE_1.16.1\STM32CubeIDE\plugins\com.st.stm32cube.common.mx_6.12.1.202409122256\\db\/mcu/
2024-11-15 09:18:02,661 [INFO] ApiDb:274 - Set plugin database path to: D:\ST\STM32CubeIDE_1.16.1\STM32CubeIDE\plugins\com.st.stm32cube.common.mx_6.12.1.202409122256\\db\/plugins/boardmanager/
2024-11-15 09:18:02,661 [INFO] ApiDb:261 - Set plugin images path to: D:\ST\STM32CubeIDE_1.16.1\STM32CubeIDE\plugins\com.st.stm32cube.common.mx_6.12.1.202409122256\\db\/plugins/mcufinder/images/
2024-11-15 09:18:02,662 [WARN] DbFile:41 - Overriding database path with different value: C:\Users\Administrator\.stmcufinder\plugins\mcufinder/ => C:\Users\Administrator\.stmcufinder\plugins\mcufinder
2024-11-15 09:18:02,662 [INFO] ApiDb:250 - Set database path to: C:\Users\Administrator\.stmcufinder\plugins\mcufinder//mcu/
2024-11-15 09:18:02,662 [WARN] DbFile:41 - Overriding database path with different value: C:\Users\Administrator\.stmcufinder\plugins\mcufinder/ => C:\Users\Administrator\.stmcufinder\plugins\mcufinder
2024-11-15 09:18:02,662 [INFO] DbMcusAds:125 - Set database path to: C:\Users\Administrator\.stmcufinder\plugins\mcufinder//mcu/
2024-11-15 09:18:02,662 [WARN] DbFile:41 - Overriding database path with different value: C:\Users\Administrator\.stmcufinder\plugins\mcufinder/ => C:\Users\Administrator\.stmcufinder\plugins\mcufinder
2024-11-15 09:18:02,662 [WARN] DbFile:41 - Overriding database path with different value: C:\Users\Administrator\.stmcufinder\plugins\mcufinder/ => C:\Users\Administrator\.stmcufinder\plugins\mcufinder
2024-11-15 09:18:02,662 [INFO] CrossReferenceDbSqlite:203 - Set database path to: C:\Users\Administrator\.stmcufinder\plugins\mcufinder//mcu/cs/
2024-11-15 09:18:03,028 [INFO] MainPanel:268 - HeapMemory: 268435456
2024-11-15 09:18:03,432 [INFO] DbMcusXml:78 - Set database path to: D:\ST\STM32CubeIDE_1.16.1\STM32CubeIDE\plugins\com.st.stm32cube.common.mx_6.12.1.202409122256\\db\/mcu/
2024-11-15 09:18:03,432 [INFO] ApiDb:274 - Set plugin database path to: D:\ST\STM32CubeIDE_1.16.1\STM32CubeIDE\plugins\com.st.stm32cube.common.mx_6.12.1.202409122256\\db\/plugins/boardmanager/
2024-11-15 09:18:03,432 [INFO] ApiDb:261 - Set plugin images path to: D:\ST\STM32CubeIDE_1.16.1\STM32CubeIDE\plugins\com.st.stm32cube.common.mx_6.12.1.202409122256\\db\/plugins/mcufinder/images/
2024-11-15 09:18:03,433 [WARN] DbFile:41 - Overriding database path with different value: C:\Users\Administrator\.stmcufinder\plugins\mcufinder/ => C:\Users\Administrator\.stmcufinder\plugins\mcufinder
2024-11-15 09:18:03,433 [INFO] ApiDb:250 - Set database path to: C:\Users\Administrator\.stmcufinder\plugins\mcufinder//mcu/
2024-11-15 09:18:03,433 [WARN] DbFile:41 - Overriding database path with different value: C:\Users\Administrator\.stmcufinder\plugins\mcufinder/ => C:\Users\Administrator\.stmcufinder\plugins\mcufinder
2024-11-15 09:18:03,433 [INFO] DbMcusAds:125 - Set database path to: C:\Users\Administrator\.stmcufinder\plugins\mcufinder//mcu/
2024-11-15 09:18:03,433 [WARN] DbFile:41 - Overriding database path with different value: C:\Users\Administrator\.stmcufinder\plugins\mcufinder/ => C:\Users\Administrator\.stmcufinder\plugins\mcufinder
2024-11-15 09:18:03,433 [WARN] DbFile:41 - Overriding database path with different value: C:\Users\Administrator\.stmcufinder\plugins\mcufinder/ => C:\Users\Administrator\.stmcufinder\plugins\mcufinder
2024-11-15 09:18:03,433 [INFO] CrossReferenceDbSqlite:203 - Set database path to: C:\Users\Administrator\.stmcufinder\plugins\mcufinder//mcu/cs/
2024-11-15 09:18:03,499 [INFO] ApplicationProperties:184 - Using Application install path: D:\ST\STM32CubeIDE_1.16.1\STM32CubeIDE\plugins\com.st.stm32cube.common.mx_6.12.1.202409122256
2024-11-15 09:18:03,504 [INFO] PluginManage:196 - Search for loadable plugins [exclusion list=, ]
2024-11-15 09:18:03,508 [INFO] PluginManage:310 - Check plugin analytics
2024-11-15 09:18:03,887 [INFO] AnalyticsPlugin:253 - Accepted Software Licenses: 
2024-11-15 09:18:03,888 [INFO] AnalyticsPlugin:255 - Accepted CMSIS Pack Licenses: 
2024-11-15 09:18:03,888 [INFO] AnalyticsPlugin:257 - Accepted Firmware Licenses: 
2024-11-15 09:18:03,893 [INFO] PluginManage:359 - Loaded plugin analytics (category:tool,tabindex:-1)
2024-11-15 09:18:03,894 [INFO] PluginManage:310 - Check plugin cadmodel
2024-11-15 09:18:03,953 [INFO] CADModel:105 - Init CAD model plugin
2024-11-15 09:18:03,953 [INFO] PluginManage:359 - Loaded plugin cadmodel (category:power,tabindex:5)
2024-11-15 09:18:03,954 [INFO] PluginManage:310 - Check plugin clock
2024-11-15 09:18:03,986 [INFO] PluginManage:359 - Loaded plugin clock (category:base,tabindex:2)
2024-11-15 09:18:03,987 [INFO] PluginManage:310 - Check plugin ddr
2024-11-15 09:18:04,006 [INFO] PluginManage:359 - Loaded plugin ddr (category:tool,tabindex:6)
2024-11-15 09:18:04,007 [INFO] PluginManage:310 - Check plugin filemanager
2024-11-15 09:18:04,508 [INFO] PluginManage:359 - Loaded plugin filemanager (category:base,tabindex:10)
2024-11-15 09:18:04,508 [INFO] PluginManage:310 - Check plugin ipmanager
2024-11-15 09:18:04,529 [INFO] PluginManage:359 - Loaded plugin ipmanager (category:base,tabindex:5)
2024-11-15 09:18:04,530 [INFO] PluginManage:310 - Check plugin lpbam
2024-11-15 09:18:04,566 [INFO] PluginManage:359 - Loaded plugin lpbam (category:base,tabindex:0)
2024-11-15 09:18:04,566 [INFO] PluginManage:310 - Check plugin memorymap
2024-11-15 09:18:04,607 [INFO] PluginManage:359 - Loaded plugin memorymap (category:base,tabindex:4)
2024-11-15 09:18:04,607 [INFO] PluginManage:310 - Check plugin pinoutandconfiguration
2024-11-15 09:18:04,674 [INFO] PluginManage:359 - Loaded plugin pinoutandconfiguration (category:base,tabindex:1)
2024-11-15 09:18:04,674 [INFO] PluginManage:310 - Check plugin pinoutconfig
2024-11-15 09:18:04,857 [WARN] SupportedApi:132 - Cannot load RTOS API schema: s4s-elt-must-match.1: The content of 'definitions' must match (annotation?, (simpleType | complexType)?, (unique | key | keyref)*)). A problem was found starting at: attribute.
2024-11-15 09:18:05,220 [INFO] PluginManage:359 - Loaded plugin pinoutconfig (category:base,tabindex:0)
2024-11-15 09:18:05,221 [INFO] PluginManage:310 - Check plugin power
2024-11-15 09:18:05,267 [INFO] PluginManage:359 - Loaded plugin power (category:power,tabindex:4)
2024-11-15 09:18:05,268 [INFO] PluginManage:310 - Check plugin projectmanager
2024-11-15 09:18:05,295 [INFO] PluginManage:359 - Loaded plugin projectmanager (category:projectmanager,tabindex:4)
2024-11-15 09:18:05,295 [INFO] PluginManage:310 - Check plugin rif
2024-11-15 09:18:05,305 [INFO] PluginManage:359 - Loaded plugin rif (category:base,tabindex:3)
2024-11-15 09:18:05,306 [INFO] PluginManage:310 - Check plugin thirdparty
2024-11-15 09:18:05,630 [WARN] IntegrityCheckThread:84 - waiting for thirdparty lock release [integrity check]
2024-11-15 09:18:05,630 [INFO] IntegrityCheckThread:86 - entering critical section [integrity check]
2024-11-15 09:18:05,630 [INFO] PluginManage:359 - Loaded plugin thirdparty (category:base,tabindex:-1)
2024-11-15 09:18:05,631 [INFO] PluginManage:310 - Check plugin tools
2024-11-15 09:18:05,631 [INFO] ThirdPartyUpdaterWithRetryManager:70 - Updater plugin not ready yet. [1/15]
2024-11-15 09:18:05,636 [INFO] PluginManage:359 - Loaded plugin tools (category:base,tabindex:7)
2024-11-15 09:18:05,637 [INFO] PluginManage:310 - Check plugin tutovideos
2024-11-15 09:18:05,886 [INFO] PluginManage:359 - Loaded plugin tutovideos (category:base,tabindex:-1)
2024-11-15 09:18:05,887 [INFO] PluginManage:310 - Check plugin updater
2024-11-15 09:18:05,918 [INFO] PluginManage:359 - Loaded plugin updater (category:base,tabindex:12)
2024-11-15 09:18:05,919 [INFO] PluginManage:310 - Check plugin userauth
2024-11-15 09:18:05,943 [INFO] UserAuth:113 - Init User Auth plugin
2024-11-15 09:18:05,943 [INFO] PluginManage:359 - Loaded plugin userauth (category:base,tabindex:14)
2024-11-15 09:18:05,944 [INFO] PluginManage:283 - PluginManage : Loaded plugins [18]
2024-11-15 09:18:06,328 [INFO] PinOutPanel:1561 - setPackage(No Configuration,No Configuration)
2024-11-15 09:18:06,481 [INFO] CADModel:165 - CPN selected for project level
2024-11-15 09:18:06,481 [INFO] CADModel:114 - Register for checkConnection events
2024-11-15 09:18:06,529 [INFO] IPUIPlugin:80 - create IPUIPlugin
2024-11-15 09:18:06,530 [INFO] PluginManager:220 - loadIPPluginJar : add adc
2024-11-15 09:18:06,537 [INFO] IPUIPlugin:80 - create IPUIPlugin
2024-11-15 09:18:06,537 [INFO] PluginManager:220 - loadIPPluginJar : add aes
2024-11-15 09:18:06,543 [INFO] IPUIPlugin:80 - create IPUIPlugin
2024-11-15 09:18:06,544 [INFO] PluginManager:220 - loadIPPluginJar : add can
2024-11-15 09:18:06,548 [INFO] IPUIPlugin:80 - create IPUIPlugin
2024-11-15 09:18:06,549 [INFO] PluginManager:220 - loadIPPluginJar : add comp
2024-11-15 09:18:06,556 [INFO] IPUIPlugin:80 - create IPUIPlugin
2024-11-15 09:18:06,557 [INFO] PluginManager:220 - loadIPPluginJar : add cryp
2024-11-15 09:18:06,576 [INFO] IPUIPlugin:80 - create IPUIPlugin
2024-11-15 09:18:06,577 [INFO] PluginManager:220 - loadIPPluginJar : add ddr_ctrl_phy
2024-11-15 09:18:06,581 [INFO] IPUIPlugin:80 - create IPUIPlugin
2024-11-15 09:18:06,581 [INFO] PluginManager:220 - loadIPPluginJar : add dfsdm
2024-11-15 09:18:06,590 [INFO] IPUIPlugin:80 - create IPUIPlugin
2024-11-15 09:18:06,591 [INFO] PluginManager:220 - loadIPPluginJar : add dma
2024-11-15 09:18:06,595 [INFO] IPUIPlugin:80 - create IPUIPlugin
2024-11-15 09:18:06,595 [INFO] PluginManager:220 - loadIPPluginJar : add dma3
2024-11-15 09:18:06,598 [INFO] IPUIPlugin:80 - create IPUIPlugin
2024-11-15 09:18:06,600 [INFO] PluginManager:220 - loadIPPluginJar : add extmemmanager
2024-11-15 09:18:06,602 [INFO] IPUIPlugin:80 - create IPUIPlugin
2024-11-15 09:18:06,603 [INFO] PluginManager:220 - loadIPPluginJar : add fatfs
2024-11-15 09:18:06,613 [INFO] IPUIPlugin:80 - create IPUIPlugin
2024-11-15 09:18:06,613 [INFO] PluginManager:220 - loadIPPluginJar : add fmc
2024-11-15 09:18:06,632 [INFO] IPUIPlugin:80 - create IPUIPlugin
2024-11-15 09:18:06,632 [INFO] PluginManager:220 - loadIPPluginJar : add freertos
2024-11-15 09:18:06,637 [INFO] IPUIPlugin:80 - create IPUIPlugin
2024-11-15 09:18:06,637 [INFO] PluginManager:220 - loadIPPluginJar : add genericplugin
2024-11-15 09:18:06,640 [INFO] IPUIPlugin:80 - create IPUIPlugin
2024-11-15 09:18:06,640 [INFO] PluginManager:220 - loadIPPluginJar : add gfxmmu
2024-11-15 09:18:06,646 [INFO] IPUIPlugin:80 - create IPUIPlugin
2024-11-15 09:18:06,646 [INFO] PluginManager:220 - loadIPPluginJar : add gic
2024-11-15 09:18:06,650 [INFO] IPUIPlugin:80 - create IPUIPlugin
2024-11-15 09:18:06,650 [INFO] PluginManager:220 - loadIPPluginJar : add gpio
2024-11-15 09:18:06,655 [INFO] IPUIPlugin:80 - create IPUIPlugin
2024-11-15 09:18:06,655 [INFO] PluginManager:220 - loadIPPluginJar : add gtzc
2024-11-15 09:18:06,659 [INFO] IPUIPlugin:80 - create IPUIPlugin
2024-11-15 09:18:06,659 [INFO] PluginManager:220 - loadIPPluginJar : add hash
2024-11-15 09:18:06,663 [INFO] IPUIPlugin:80 - create IPUIPlugin
2024-11-15 09:18:06,663 [INFO] PluginManager:220 - loadIPPluginJar : add i2c
2024-11-15 09:18:06,671 [INFO] IPUIPlugin:80 - create IPUIPlugin
2024-11-15 09:18:06,671 [INFO] PluginManager:220 - loadIPPluginJar : add i2s
2024-11-15 09:18:06,675 [INFO] IPUIPlugin:80 - create IPUIPlugin
2024-11-15 09:18:06,675 [INFO] PluginManager:220 - loadIPPluginJar : add i3c
2024-11-15 09:18:06,679 [INFO] IPUIPlugin:80 - create IPUIPlugin
2024-11-15 09:18:06,679 [INFO] PluginManager:220 - loadIPPluginJar : add ipddr
2024-11-15 09:18:06,695 [INFO] IPUIPlugin:80 - create IPUIPlugin
2024-11-15 09:18:06,695 [INFO] PluginManager:220 - loadIPPluginJar : add linkedlist
2024-11-15 09:18:06,699 [INFO] IPUIPlugin:80 - create IPUIPlugin
2024-11-15 09:18:06,699 [INFO] PluginManager:220 - loadIPPluginJar : add lorawan
2024-11-15 09:18:06,703 [INFO] IPUIPlugin:80 - create IPUIPlugin
2024-11-15 09:18:06,703 [INFO] PluginManager:220 - loadIPPluginJar : add ltdc
2024-11-15 09:18:06,713 [INFO] IPUIPlugin:80 - create IPUIPlugin
2024-11-15 09:18:06,713 [INFO] PluginManager:220 - loadIPPluginJar : add mdma
2024-11-15 09:18:06,719 [INFO] IPUIPlugin:80 - create IPUIPlugin
2024-11-15 09:18:06,719 [INFO] PluginManager:220 - loadIPPluginJar : add nvic
2024-11-15 09:18:06,723 [INFO] IPUIPlugin:80 - create IPUIPlugin
2024-11-15 09:18:06,723 [INFO] PluginManager:220 - loadIPPluginJar : add opamp
2024-11-15 09:18:06,726 [INFO] IPUIPlugin:80 - create IPUIPlugin
2024-11-15 09:18:06,726 [INFO] PluginManager:220 - loadIPPluginJar : add openamp
2024-11-15 09:18:06,730 [INFO] IPUIPlugin:80 - create IPUIPlugin
2024-11-15 09:18:06,730 [INFO] PluginManager:220 - loadIPPluginJar : add pdm2pcm
2024-11-15 09:18:06,736 [INFO] IPUIPlugin:80 - create IPUIPlugin
2024-11-15 09:18:06,738 [INFO] PluginManager:220 - loadIPPluginJar : add plateformsettings
2024-11-15 09:18:06,741 [INFO] IPUIPlugin:80 - create IPUIPlugin
2024-11-15 09:18:06,741 [INFO] PluginManager:220 - loadIPPluginJar : add quadspi
2024-11-15 09:18:06,743 [INFO] IPUIPlugin:80 - create IPUIPlugin
2024-11-15 09:18:06,743 [INFO] PluginManager:220 - loadIPPluginJar : add radio
2024-11-15 09:18:06,747 [INFO] IPUIPlugin:80 - create IPUIPlugin
2024-11-15 09:18:06,747 [INFO] PluginManager:220 - loadIPPluginJar : add resmgrutility
2024-11-15 09:18:06,751 [INFO] IPUIPlugin:80 - create IPUIPlugin
2024-11-15 09:18:06,751 [INFO] PluginManager:220 - loadIPPluginJar : add sai
2024-11-15 09:18:06,755 [INFO] IPUIPlugin:80 - create IPUIPlugin
2024-11-15 09:18:06,755 [INFO] PluginManager:220 - loadIPPluginJar : add spi
2024-11-15 09:18:06,765 [INFO] IPUIPlugin:80 - create IPUIPlugin
2024-11-15 09:18:06,765 [INFO] PluginManager:220 - loadIPPluginJar : add stm32_wpan
2024-11-15 09:18:06,767 [INFO] IPUIPlugin:80 - create IPUIPlugin
2024-11-15 09:18:06,768 [INFO] PluginManager:220 - loadIPPluginJar : add tim
2024-11-15 09:18:06,773 [INFO] IPUIPlugin:80 - create IPUIPlugin
2024-11-15 09:18:06,773 [INFO] PluginManager:220 - loadIPPluginJar : add touchsensing
2024-11-15 09:18:06,777 [INFO] IPUIPlugin:80 - create IPUIPlugin
2024-11-15 09:18:06,777 [INFO] PluginManager:220 - loadIPPluginJar : add tracer_emb
2024-11-15 09:18:06,780 [INFO] IPUIPlugin:80 - create IPUIPlugin
2024-11-15 09:18:06,780 [INFO] PluginManager:220 - loadIPPluginJar : add ts
2024-11-15 09:18:06,784 [INFO] IPUIPlugin:80 - create IPUIPlugin
2024-11-15 09:18:06,784 [INFO] PluginManager:220 - loadIPPluginJar : add tsc
2024-11-15 09:18:06,788 [INFO] IPUIPlugin:80 - create IPUIPlugin
2024-11-15 09:18:06,788 [INFO] PluginManager:220 - loadIPPluginJar : add ucpd
2024-11-15 09:18:06,792 [INFO] IPUIPlugin:80 - create IPUIPlugin
2024-11-15 09:18:06,792 [INFO] PluginManager:220 - loadIPPluginJar : add usart
2024-11-15 09:18:06,797 [INFO] IPUIPlugin:80 - create IPUIPlugin
2024-11-15 09:18:06,798 [INFO] PluginManager:220 - loadIPPluginJar : add usbx
2024-11-15 09:18:06,927 [INFO] CADModel:165 - CPN selected for project level
2024-11-15 09:18:06,927 [INFO] CADModel:114 - Register for checkConnection events
2024-11-15 09:18:06,927 [FATAL] Updater:334 - Updater called before beeing initialized
2024-11-15 09:18:06,927 [ERROR] CADModel:125 - Updater not yet initialized, retry later 
2024-11-15 09:18:07,725 [INFO] CADModel:165 - CPN selected for project level
2024-11-15 09:18:07,725 [INFO] CADModel:114 - Register for checkConnection events
2024-11-15 09:18:07,725 [FATAL] Updater:334 - Updater called before beeing initialized
2024-11-15 09:18:07,725 [ERROR] CADModel:125 - Updater not yet initialized, retry later 
2024-11-15 09:18:07,728 [FATAL] Updater:334 - Updater called before beeing initialized
2024-11-15 09:18:07,854 [FATAL] Updater:334 - Updater called before beeing initialized
2024-11-15 09:18:07,857 [INFO] DbMcusAds:53 - JSON generation date=Fri Sep 20 21:04:38 CST 2024 (1726837478367)
2024-11-15 09:18:07,857 [FATAL] Updater:334 - Updater called before beeing initialized
2024-11-15 09:18:08,216 [WARN] DetailPanel:346 - Failed to get advertising image, set to default
2024-11-15 09:18:08,292 [FATAL] Updater:334 - Updater called before beeing initialized
2024-11-15 09:18:08,293 [FATAL] Updater:334 - Updater called before beeing initialized
2024-11-15 09:18:08,293 [FATAL] Updater:334 - Updater called before beeing initialized
2024-11-15 09:18:08,294 [WARN] DetailPanel:346 - Failed to get advertising image, set to default
2024-11-15 09:18:08,294 [FATAL] Updater:334 - Updater called before beeing initialized
2024-11-15 09:18:08,397 [ERROR] Updater:1164 - MainUpdater not yet initialized. External WinMGr cannot be set.
2024-11-15 09:18:08,425 [INFO] Updater:1100 - Updater Version found : 6.12.1
2024-11-15 09:18:08,511 [INFO] ApplicationProperties:184 - Using Application install path: D:\ST\STM32CubeIDE_1.16.1\STM32CubeIDE\plugins\com.st.stm32cube.common.mx_6.12.1.202409122256
2024-11-15 09:18:08,632 [INFO] ThirdPartyUpdaterWithRetryManager:70 - Updater plugin not ready yet. [2/15]
2024-11-15 09:18:09,286 [INFO] MainUpdater:2873 - connection check result : 10
2024-11-15 09:18:09,287 [INFO] MainUpdater:290 - Updater Check For Update Now.
2024-11-15 09:18:09,287 [INFO] MicroXplorer:498 - Change Database Version : DB.6.0.121
2024-11-15 09:18:09,294 [INFO] McuFinderGlobals:63 - Set McuFinder mode to 2 (CubeIDE integrated)
2024-11-15 09:18:09,306 [INFO] UserAuth:417 - Internet connection configuration mode: 1
2024-11-15 09:18:09,413 [INFO] JxBrowserEngine:152 - Initiate JxBrowser Engine with user profile folder
2024-11-15 09:18:09,500 [INFO] CheckServerUpdateThread:120 - End of CheckServer Thread
2024-11-15 09:18:11,094 [INFO] WebApp:167 - Instantiating new browser for Auth
2024-11-15 09:18:11,958 [WARN] PackLoader:240 - Cannot read IP mode file for STMicroelectronics.FP-SNS-MOTENVWB1.1.4.0
2024-11-15 09:18:11,973 [WARN] PackLoader:240 - Cannot read IP mode file for STMicroelectronics.X-CUBE-SMBUS.2.1.0
2024-11-15 09:18:12,027 [WARN] PackLoader:240 - Cannot read IP mode file for STMicroelectronics.X-CUBE-AZRTOS-F7.1.1.0
2024-11-15 09:18:12,041 [WARN] PackLoader:240 - Cannot read IP mode file for STMicroelectronics.FP-SNS-FLIGHT1.5.0.2
2024-11-15 09:18:12,069 [WARN] PackLoader:240 - Cannot read IP mode file for STMicroelectronics.X-CUBE-DISPLAY.3.0.0
2024-11-15 09:18:12,090 [WARN] PackLoader:240 - Cannot read IP mode file for STMicroelectronics.X-CUBE-BLE1.7.0.0
2024-11-15 09:18:12,115 [WARN] PackLoader:240 - Cannot read IP mode file for STMicroelectronics.X-CUBE-BLEMGR.3.1.0
2024-11-15 09:18:12,133 [WARN] PackLoader:240 - Cannot read IP mode file for STMicroelectronics.FP-SNS-SMARTAG2.1.2.0
2024-11-15 09:18:12,163 [INFO] LogOutputStream:77 - [STDOUT_REDIRECT] 1 : Invalid condition id : UX_CORESTACK_Condition cause : null
2024-11-15 09:18:12,164 [INFO] LogOutputStream:77 - [STDOUT_REDIRECT] 1 : Invalid condition id : UX_CORESTACK_Condition cause : null
2024-11-15 09:18:12,164 [INFO] LogOutputStream:77 - [STDOUT_REDIRECT] 1 : Invalid condition id : UX_CORESTACK_Condition cause : null
2024-11-15 09:18:12,165 [INFO] LogOutputStream:77 - [STDOUT_REDIRECT] 1 : Invalid condition id : UX_CORESTACK_Condition cause : null
2024-11-15 09:18:12,166 [INFO] LogOutputStream:77 - [STDOUT_REDIRECT] 1 : Invalid condition id : UX_CORESTACK_Condition cause : null
2024-11-15 09:18:12,167 [WARN] PackLoader:240 - Cannot read IP mode file for STMicroelectronics.X-CUBE-AZRTOS-WL.2.0.0
2024-11-15 09:18:12,186 [WARN] PackLoader:240 - Cannot read IP mode file for STMicroelectronics.FP-SNS-MOTENV1.5.0.0
2024-11-15 09:18:12,209 [WARN] PackLoader:240 - Cannot read IP mode file for STMicroelectronics.X-CUBE-BLE2.3.3.0
2024-11-15 09:18:12,226 [WARN] PackLoader:240 - Cannot read IP mode file for STMicroelectronics.X-CUBE-TCPP.4.1.0
2024-11-15 09:18:12,239 [WARN] PackLoader:240 - Cannot read IP mode file for STMicroelectronics.X-CUBE-AZRTOS-G0.1.1.0
2024-11-15 09:18:12,261 [WARN] PackLoader:240 - Cannot read IP mode file for STMicroelectronics.X-CUBE-SAFEA1.1.2.2
2024-11-15 09:18:12,283 [WARN] PackLoader:240 - Cannot read IP mode file for STMicroelectronics.X-CUBE-NFC4.3.0.0
2024-11-15 09:18:12,312 [WARN] PackLoader:240 - Cannot read IP mode file for STMicroelectronics.FP-ATR-SIGFOX1.3.2.0
2024-11-15 09:18:12,339 [WARN] PackLoader:240 - Cannot read IP mode file for STMicroelectronics.X-CUBE-EEPRMA1.5.1.0
2024-11-15 09:18:12,346 [WARN] PackLoader:240 - Cannot read IP mode file for STMicroelectronics.X-CUBE-ALGOBUILD.1.4.0
2024-11-15 09:18:12,359 [WARN] PackLoader:240 - Cannot read IP mode file for STMicroelectronics.X-CUBE-AZRTOS-F4.1.1.0
2024-11-15 09:18:12,369 [WARN] PackLoader:240 - Cannot read IP mode file for STMicroelectronics.X-CUBE-FREERTOS.1.2.0
2024-11-15 09:18:12,381 [WARN] PackLoader:240 - Cannot read IP mode file for STMicroelectronics.X-CUBE-AZRTOS-L5.2.0.0
2024-11-15 09:18:12,388 [WARN] PackLoader:240 - Cannot read IP mode file for STMicroelectronics.X-CUBE-NFC6.3.1.0
2024-11-15 09:18:12,395 [WARN] PackLoader:240 - Cannot read IP mode file for STMicroelectronics.X-CUBE-NFC7.1.0.1
2024-11-15 09:18:12,406 [WARN] ConditionMgr:438 - getConditionDescription Invalid condition id : LAN8742 Phy interface Condition cause : null
2024-11-15 09:18:12,406 [WARN] PackLoader:240 - Cannot read IP mode file for STMicroelectronics.X-CUBE-AZRTOS-L4.2.0.0
2024-11-15 09:18:12,407 [WARN] ConditionMgr:1039 - genDependencies : Invalid condition id : LAN8742 Phy interface Condition cause : null
2024-11-15 09:18:12,407 [WARN] ConditionMgr:1039 - genDependencies : Invalid condition id : LAN8742 Phy interface Condition cause : null
2024-11-15 09:18:12,407 [WARN] ConditionMgr:1039 - genDependencies : Invalid condition id : LAN8742 Phy interface Condition cause : null
2024-11-15 09:18:12,426 [WARN] PackLoader:240 - Cannot read IP mode file for STMicroelectronics.X-CUBE-SFXS2LP1.4.0.0
2024-11-15 09:18:12,435 [WARN] ConditionMgr:438 - getConditionDescription Invalid condition id : UX DEVICE CLASS RTOS Condition cause : null
2024-11-15 09:18:12,436 [WARN] ConditionMgr:438 - getConditionDescription Invalid condition id : UX DEVICE CLASS RTOS Condition cause : null
2024-11-15 09:18:12,437 [WARN] PackLoader:240 - Cannot read IP mode file for STMicroelectronics.X-CUBE-AZRTOS-WB.2.0.0
2024-11-15 09:18:12,438 [WARN] ConditionMgr:1039 - genDependencies : Invalid condition id : UX DEVICE CLASS RTOS Condition cause : null
2024-11-15 09:18:12,438 [WARN] ConditionMgr:1039 - genDependencies : Invalid condition id : UX DEVICE CLASS RTOS Condition cause : null
2024-11-15 09:18:12,438 [WARN] ConditionMgr:1039 - genDependencies : Invalid condition id : UX DEVICE CLASS RTOS Condition cause : null
2024-11-15 09:18:12,439 [WARN] ConditionMgr:1039 - genDependencies : Invalid condition id : UX DEVICE CLASS RTOS Condition cause : null
2024-11-15 09:18:12,439 [WARN] ConditionMgr:1039 - genDependencies : Invalid condition id : UX DEVICE CLASS RTOS Condition cause : null
2024-11-15 09:18:12,460 [WARN] PackLoader:240 - Cannot read IP mode file for STMicroelectronics.X-CUBE-SUBG2.5.0.0
2024-11-15 09:18:12,489 [WARN] PackLoader:240 - Cannot read IP mode file for STMicroelectronics.X-CUBE-AZRTOS-G4.2.0.0
2024-11-15 09:18:12,497 [WARN] PackLoader:240 - Cannot read IP mode file for STMicroelectronics.X-CUBE-ALS.1.0.2
2024-11-15 09:18:12,511 [WARN] PackLoader:240 - Cannot read IP mode file for STMicroelectronics.X-CUBE-AZRTOS-H7RS.1.0.0
2024-11-15 09:18:12,516 [WARN] PackLoader:240 - Cannot read IP mode file for STMicroelectronics.FP-ATR-ASTRA1.2.0.0
2024-11-15 09:18:12,517 [INFO] ThirdParty:978 - Integrity check success = true
2024-11-15 09:18:12,517 [INFO] IntegrityCheckThread:100 - exiting critical section [integrity check]
2024-11-15 09:18:12,517 [INFO] IntegrityCheckThread:103 - End integrity checks thread
2024-11-15 09:18:13,365 [INFO] WebApp:448 - Apply proxy settings
2024-11-15 09:18:13,366 [INFO] WebApp:533 - Chromium requires no authentication
2024-11-15 09:18:13,377 [INFO] WebApp:476 - Direct internet connection detected
2024-11-15 09:18:13,514 [INFO] WebApp:869 - Register for checkConnection events
2024-11-15 09:18:13,514 [INFO] WebApp:448 - Apply proxy settings
2024-11-15 09:18:13,514 [INFO] WebApp:533 - Chromium requires no authentication
2024-11-15 09:18:13,515 [INFO] WebApp:476 - Direct internet connection detected
2024-11-15 09:18:14,292 [INFO] WebApp:220 - Starting web application
2024-11-15 09:18:14,292 [INFO] WebApp:578 - Web application path used D:\ST\STM32CubeIDE_1.16.1\STM32CubeIDE\plugins\com.st.stm32cube.common.mx_6.12.1.202409122256\db\plugins\mcufinder\reactClient1\index.html
2024-11-15 09:18:14,478 [INFO] UserAuth:417 - Internet connection configuration mode: 1
2024-11-15 09:47:39,421 [ERROR] ConfigurationRetriever:142 - IOException on connection: Read timed out
2024-11-15 20:24:51,008 [INFO] Activator:176 - 


2024-11-15 20:24:51,009 [INFO] Activator:177 - !SESSION log4j initialized
2024-11-15 20:24:55,857 [INFO] LogOutputStream:77 - [STDOUT_REDIRECT] 
2024-11-15 20:25:01,983 [INFO] ApplicationProperties:184 - Using Application install path: D:\ST\STM32CubeIDE_1.16.1\STM32CubeIDE\plugins\com.st.stm32cube.common.mx_6.12.1.202409122256
2024-11-15 20:25:02,012 [INFO] DbMcusXml:78 - Set database path to: D:\ST\STM32CubeIDE_1.16.1\STM32CubeIDE\plugins\com.st.stm32cube.common.mx_6.12.1.202409122256\\db\/mcu/
2024-11-15 20:25:02,012 [INFO] ApiDb:274 - Set plugin database path to: D:\ST\STM32CubeIDE_1.16.1\STM32CubeIDE\plugins\com.st.stm32cube.common.mx_6.12.1.202409122256\\db\/plugins/boardmanager/
2024-11-15 20:25:02,013 [WARN] ApiDb:259 - Overriding images path with different value:  => D:\ST\STM32CubeIDE_1.16.1\STM32CubeIDE\plugins\com.st.stm32cube.common.mx_6.12.1.202409122256\\db\/plugins/mcufinder/images/
2024-11-15 20:25:02,018 [INFO] ApiDb:250 - Set database path to: C:\Users\Administrator\.stmcufinder\plugins\mcufinder//mcu/
2024-11-15 20:25:02,019 [INFO] DbMcusAds:125 - Set database path to: C:\Users\Administrator\.stmcufinder\plugins\mcufinder//mcu/
2024-11-15 20:25:02,022 [INFO] CrossReferenceDbSqlite:203 - Set database path to: C:\Users\Administrator\.stmcufinder\plugins\mcufinder//mcu/cs/
2024-11-15 20:25:02,136 [INFO] RulesReader:64 - Compatibility file has been processed (297 Rules)
2024-11-15 20:25:02,243 [INFO] DbMcusXml:78 - Set database path to: D:\ST\STM32CubeIDE_1.16.1\STM32CubeIDE\plugins\com.st.stm32cube.common.mx_6.12.1.202409122256\\db\/mcu/
2024-11-15 20:25:02,243 [INFO] ApiDb:274 - Set plugin database path to: D:\ST\STM32CubeIDE_1.16.1\STM32CubeIDE\plugins\com.st.stm32cube.common.mx_6.12.1.202409122256\\db\/plugins/boardmanager/
2024-11-15 20:25:02,244 [INFO] ApiDb:261 - Set plugin images path to: D:\ST\STM32CubeIDE_1.16.1\STM32CubeIDE\plugins\com.st.stm32cube.common.mx_6.12.1.202409122256\\db\/plugins/mcufinder/images/
2024-11-15 20:25:02,244 [WARN] DbFile:41 - Overriding database path with different value: C:\Users\Administrator\.stmcufinder\plugins\mcufinder/ => C:\Users\Administrator\.stmcufinder\plugins\mcufinder
2024-11-15 20:25:02,244 [INFO] ApiDb:250 - Set database path to: C:\Users\Administrator\.stmcufinder\plugins\mcufinder//mcu/
2024-11-15 20:25:02,244 [WARN] DbFile:41 - Overriding database path with different value: C:\Users\Administrator\.stmcufinder\plugins\mcufinder/ => C:\Users\Administrator\.stmcufinder\plugins\mcufinder
2024-11-15 20:25:02,245 [INFO] DbMcusAds:125 - Set database path to: C:\Users\Administrator\.stmcufinder\plugins\mcufinder//mcu/
2024-11-15 20:25:02,245 [WARN] DbFile:41 - Overriding database path with different value: C:\Users\Administrator\.stmcufinder\plugins\mcufinder/ => C:\Users\Administrator\.stmcufinder\plugins\mcufinder
2024-11-15 20:25:02,245 [WARN] DbFile:41 - Overriding database path with different value: C:\Users\Administrator\.stmcufinder\plugins\mcufinder/ => C:\Users\Administrator\.stmcufinder\plugins\mcufinder
2024-11-15 20:25:02,245 [INFO] CrossReferenceDbSqlite:203 - Set database path to: C:\Users\Administrator\.stmcufinder\plugins\mcufinder//mcu/cs/
2024-11-15 20:25:02,325 [INFO] MainPanel:268 - HeapMemory: 274726912
2024-11-15 20:25:02,425 [INFO] DbMcusXml:78 - Set database path to: D:\ST\STM32CubeIDE_1.16.1\STM32CubeIDE\plugins\com.st.stm32cube.common.mx_6.12.1.202409122256\\db\/mcu/
2024-11-15 20:25:02,426 [INFO] ApiDb:274 - Set plugin database path to: D:\ST\STM32CubeIDE_1.16.1\STM32CubeIDE\plugins\com.st.stm32cube.common.mx_6.12.1.202409122256\\db\/plugins/boardmanager/
2024-11-15 20:25:02,426 [INFO] ApiDb:261 - Set plugin images path to: D:\ST\STM32CubeIDE_1.16.1\STM32CubeIDE\plugins\com.st.stm32cube.common.mx_6.12.1.202409122256\\db\/plugins/mcufinder/images/
2024-11-15 20:25:02,426 [WARN] DbFile:41 - Overriding database path with different value: C:\Users\Administrator\.stmcufinder\plugins\mcufinder/ => C:\Users\Administrator\.stmcufinder\plugins\mcufinder
2024-11-15 20:25:02,426 [INFO] ApiDb:250 - Set database path to: C:\Users\Administrator\.stmcufinder\plugins\mcufinder//mcu/
2024-11-15 20:25:02,427 [WARN] DbFile:41 - Overriding database path with different value: C:\Users\Administrator\.stmcufinder\plugins\mcufinder/ => C:\Users\Administrator\.stmcufinder\plugins\mcufinder
2024-11-15 20:25:02,427 [INFO] DbMcusAds:125 - Set database path to: C:\Users\Administrator\.stmcufinder\plugins\mcufinder//mcu/
2024-11-15 20:25:02,427 [WARN] DbFile:41 - Overriding database path with different value: C:\Users\Administrator\.stmcufinder\plugins\mcufinder/ => C:\Users\Administrator\.stmcufinder\plugins\mcufinder
2024-11-15 20:25:02,427 [WARN] DbFile:41 - Overriding database path with different value: C:\Users\Administrator\.stmcufinder\plugins\mcufinder/ => C:\Users\Administrator\.stmcufinder\plugins\mcufinder
2024-11-15 20:25:02,427 [INFO] CrossReferenceDbSqlite:203 - Set database path to: C:\Users\Administrator\.stmcufinder\plugins\mcufinder//mcu/cs/
2024-11-15 20:25:02,448 [INFO] ApplicationProperties:184 - Using Application install path: D:\ST\STM32CubeIDE_1.16.1\STM32CubeIDE\plugins\com.st.stm32cube.common.mx_6.12.1.202409122256
2024-11-15 20:25:02,454 [INFO] PluginManage:196 - Search for loadable plugins [exclusion list=, ]
2024-11-15 20:25:02,457 [INFO] PluginManage:310 - Check plugin analytics
2024-11-15 20:25:02,701 [INFO] AnalyticsPlugin:253 - Accepted Software Licenses: 
2024-11-15 20:25:02,702 [INFO] AnalyticsPlugin:255 - Accepted CMSIS Pack Licenses: 
2024-11-15 20:25:02,702 [INFO] AnalyticsPlugin:257 - Accepted Firmware Licenses: 
2024-11-15 20:25:02,705 [INFO] PluginManage:359 - Loaded plugin analytics (category:tool,tabindex:-1)
2024-11-15 20:25:02,706 [INFO] PluginManage:310 - Check plugin cadmodel
2024-11-15 20:25:02,713 [INFO] CADModel:105 - Init CAD model plugin
2024-11-15 20:25:02,713 [INFO] PluginManage:359 - Loaded plugin cadmodel (category:power,tabindex:5)
2024-11-15 20:25:02,713 [INFO] PluginManage:310 - Check plugin clock
2024-11-15 20:25:02,729 [INFO] PluginManage:359 - Loaded plugin clock (category:base,tabindex:2)
2024-11-15 20:25:02,730 [INFO] PluginManage:310 - Check plugin ddr
2024-11-15 20:25:02,734 [INFO] PluginManage:359 - Loaded plugin ddr (category:tool,tabindex:6)
2024-11-15 20:25:02,734 [INFO] PluginManage:310 - Check plugin filemanager
2024-11-15 20:25:02,984 [INFO] PluginManage:359 - Loaded plugin filemanager (category:base,tabindex:10)
2024-11-15 20:25:02,984 [INFO] PluginManage:310 - Check plugin ipmanager
2024-11-15 20:25:02,995 [INFO] PluginManage:359 - Loaded plugin ipmanager (category:base,tabindex:5)
2024-11-15 20:25:02,996 [INFO] PluginManage:310 - Check plugin lpbam
2024-11-15 20:25:03,016 [INFO] PluginManage:359 - Loaded plugin lpbam (category:base,tabindex:0)
2024-11-15 20:25:03,016 [INFO] PluginManage:310 - Check plugin memorymap
2024-11-15 20:25:03,039 [INFO] PluginManage:359 - Loaded plugin memorymap (category:base,tabindex:4)
2024-11-15 20:25:03,039 [INFO] PluginManage:310 - Check plugin pinoutandconfiguration
2024-11-15 20:25:03,063 [INFO] PluginManage:359 - Loaded plugin pinoutandconfiguration (category:base,tabindex:1)
2024-11-15 20:25:03,064 [INFO] PluginManage:310 - Check plugin pinoutconfig
2024-11-15 20:25:03,217 [WARN] SupportedApi:132 - Cannot load RTOS API schema: s4s-elt-must-match.1: The content of 'definitions' must match (annotation?, (simpleType | complexType)?, (unique | key | keyref)*)). A problem was found starting at: attribute.
2024-11-15 20:25:03,388 [INFO] PluginManage:359 - Loaded plugin pinoutconfig (category:base,tabindex:0)
2024-11-15 20:25:03,389 [INFO] PluginManage:310 - Check plugin power
2024-11-15 20:25:03,403 [INFO] PluginManage:359 - Loaded plugin power (category:power,tabindex:4)
2024-11-15 20:25:03,404 [INFO] PluginManage:310 - Check plugin projectmanager
2024-11-15 20:25:03,427 [INFO] PluginManage:359 - Loaded plugin projectmanager (category:projectmanager,tabindex:4)
2024-11-15 20:25:03,428 [INFO] PluginManage:310 - Check plugin rif
2024-11-15 20:25:03,440 [INFO] PluginManage:359 - Loaded plugin rif (category:base,tabindex:3)
2024-11-15 20:25:03,441 [INFO] PluginManage:310 - Check plugin thirdparty
2024-11-15 20:25:03,544 [WARN] IntegrityCheckThread:84 - waiting for thirdparty lock release [integrity check]
2024-11-15 20:25:03,544 [INFO] IntegrityCheckThread:86 - entering critical section [integrity check]
2024-11-15 20:25:03,544 [INFO] PluginManage:359 - Loaded plugin thirdparty (category:base,tabindex:-1)
2024-11-15 20:25:03,544 [INFO] PluginManage:310 - Check plugin tools
2024-11-15 20:25:03,545 [INFO] ThirdPartyUpdaterWithRetryManager:70 - Updater plugin not ready yet. [1/15]
2024-11-15 20:25:03,547 [INFO] PluginManage:359 - Loaded plugin tools (category:base,tabindex:7)
2024-11-15 20:25:03,548 [INFO] PluginManage:310 - Check plugin tutovideos
2024-11-15 20:25:03,661 [INFO] PluginManage:359 - Loaded plugin tutovideos (category:base,tabindex:-1)
2024-11-15 20:25:03,661 [INFO] PluginManage:310 - Check plugin updater
2024-11-15 20:25:03,677 [INFO] PluginManage:359 - Loaded plugin updater (category:base,tabindex:12)
2024-11-15 20:25:03,678 [INFO] PluginManage:310 - Check plugin userauth
2024-11-15 20:25:03,684 [INFO] UserAuth:113 - Init User Auth plugin
2024-11-15 20:25:03,684 [INFO] PluginManage:359 - Loaded plugin userauth (category:base,tabindex:14)
2024-11-15 20:25:03,684 [INFO] PluginManage:283 - PluginManage : Loaded plugins [18]
2024-11-15 20:25:03,865 [INFO] PinOutPanel:1561 - setPackage(No Configuration,No Configuration)
2024-11-15 20:25:03,961 [INFO] CADModel:165 - CPN selected for project level
2024-11-15 20:25:03,961 [INFO] CADModel:114 - Register for checkConnection events
2024-11-15 20:25:03,973 [INFO] IPUIPlugin:80 - create IPUIPlugin
2024-11-15 20:25:03,974 [INFO] PluginManager:220 - loadIPPluginJar : add adc
2024-11-15 20:25:03,977 [INFO] IPUIPlugin:80 - create IPUIPlugin
2024-11-15 20:25:03,978 [INFO] PluginManager:220 - loadIPPluginJar : add aes
2024-11-15 20:25:03,981 [INFO] IPUIPlugin:80 - create IPUIPlugin
2024-11-15 20:25:03,981 [INFO] PluginManager:220 - loadIPPluginJar : add can
2024-11-15 20:25:03,983 [INFO] IPUIPlugin:80 - create IPUIPlugin
2024-11-15 20:25:03,983 [INFO] PluginManager:220 - loadIPPluginJar : add comp
2024-11-15 20:25:03,985 [INFO] IPUIPlugin:80 - create IPUIPlugin
2024-11-15 20:25:03,985 [INFO] PluginManager:220 - loadIPPluginJar : add cryp
2024-11-15 20:25:03,987 [INFO] IPUIPlugin:80 - create IPUIPlugin
2024-11-15 20:25:03,987 [INFO] PluginManager:220 - loadIPPluginJar : add ddr_ctrl_phy
2024-11-15 20:25:03,990 [INFO] IPUIPlugin:80 - create IPUIPlugin
2024-11-15 20:25:03,990 [INFO] PluginManager:220 - loadIPPluginJar : add dfsdm
2024-11-15 20:25:03,998 [INFO] IPUIPlugin:80 - create IPUIPlugin
2024-11-15 20:25:03,998 [INFO] PluginManager:220 - loadIPPluginJar : add dma
2024-11-15 20:25:04,001 [INFO] IPUIPlugin:80 - create IPUIPlugin
2024-11-15 20:25:04,001 [INFO] PluginManager:220 - loadIPPluginJar : add dma3
2024-11-15 20:25:04,005 [INFO] IPUIPlugin:80 - create IPUIPlugin
2024-11-15 20:25:04,005 [INFO] PluginManager:220 - loadIPPluginJar : add extmemmanager
2024-11-15 20:25:04,008 [INFO] IPUIPlugin:80 - create IPUIPlugin
2024-11-15 20:25:04,008 [INFO] PluginManager:220 - loadIPPluginJar : add fatfs
2024-11-15 20:25:04,015 [INFO] IPUIPlugin:80 - create IPUIPlugin
2024-11-15 20:25:04,015 [INFO] PluginManager:220 - loadIPPluginJar : add fmc
2024-11-15 20:25:04,022 [INFO] IPUIPlugin:80 - create IPUIPlugin
2024-11-15 20:25:04,023 [INFO] PluginManager:220 - loadIPPluginJar : add freertos
2024-11-15 20:25:04,025 [INFO] IPUIPlugin:80 - create IPUIPlugin
2024-11-15 20:25:04,025 [INFO] PluginManager:220 - loadIPPluginJar : add genericplugin
2024-11-15 20:25:04,027 [INFO] IPUIPlugin:80 - create IPUIPlugin
2024-11-15 20:25:04,028 [INFO] PluginManager:220 - loadIPPluginJar : add gfxmmu
2024-11-15 20:25:04,033 [INFO] IPUIPlugin:80 - create IPUIPlugin
2024-11-15 20:25:04,033 [INFO] PluginManager:220 - loadIPPluginJar : add gic
2024-11-15 20:25:04,037 [INFO] IPUIPlugin:80 - create IPUIPlugin
2024-11-15 20:25:04,037 [INFO] PluginManager:220 - loadIPPluginJar : add gpio
2024-11-15 20:25:04,040 [INFO] IPUIPlugin:80 - create IPUIPlugin
2024-11-15 20:25:04,040 [INFO] PluginManager:220 - loadIPPluginJar : add gtzc
2024-11-15 20:25:04,042 [INFO] IPUIPlugin:80 - create IPUIPlugin
2024-11-15 20:25:04,042 [INFO] PluginManager:220 - loadIPPluginJar : add hash
2024-11-15 20:25:04,046 [INFO] IPUIPlugin:80 - create IPUIPlugin
2024-11-15 20:25:04,046 [INFO] PluginManager:220 - loadIPPluginJar : add i2c
2024-11-15 20:25:04,049 [INFO] IPUIPlugin:80 - create IPUIPlugin
2024-11-15 20:25:04,050 [INFO] PluginManager:220 - loadIPPluginJar : add i2s
2024-11-15 20:25:04,054 [INFO] IPUIPlugin:80 - create IPUIPlugin
2024-11-15 20:25:04,054 [INFO] PluginManager:220 - loadIPPluginJar : add i3c
2024-11-15 20:25:04,057 [INFO] IPUIPlugin:80 - create IPUIPlugin
2024-11-15 20:25:04,058 [INFO] PluginManager:220 - loadIPPluginJar : add ipddr
2024-11-15 20:25:04,065 [INFO] IPUIPlugin:80 - create IPUIPlugin
2024-11-15 20:25:04,065 [INFO] PluginManager:220 - loadIPPluginJar : add linkedlist
2024-11-15 20:25:04,069 [INFO] IPUIPlugin:80 - create IPUIPlugin
2024-11-15 20:25:04,069 [INFO] PluginManager:220 - loadIPPluginJar : add lorawan
2024-11-15 20:25:04,070 [INFO] IPUIPlugin:80 - create IPUIPlugin
2024-11-15 20:25:04,071 [INFO] PluginManager:220 - loadIPPluginJar : add ltdc
2024-11-15 20:25:04,075 [INFO] IPUIPlugin:80 - create IPUIPlugin
2024-11-15 20:25:04,075 [INFO] PluginManager:220 - loadIPPluginJar : add mdma
2024-11-15 20:25:04,081 [INFO] IPUIPlugin:80 - create IPUIPlugin
2024-11-15 20:25:04,081 [INFO] PluginManager:220 - loadIPPluginJar : add nvic
2024-11-15 20:25:04,085 [INFO] IPUIPlugin:80 - create IPUIPlugin
2024-11-15 20:25:04,085 [INFO] PluginManager:220 - loadIPPluginJar : add opamp
2024-11-15 20:25:04,088 [INFO] IPUIPlugin:80 - create IPUIPlugin
2024-11-15 20:25:04,088 [INFO] PluginManager:220 - loadIPPluginJar : add openamp
2024-11-15 20:25:04,092 [INFO] IPUIPlugin:80 - create IPUIPlugin
2024-11-15 20:25:04,092 [INFO] PluginManager:220 - loadIPPluginJar : add pdm2pcm
2024-11-15 20:25:04,099 [INFO] IPUIPlugin:80 - create IPUIPlugin
2024-11-15 20:25:04,101 [INFO] PluginManager:220 - loadIPPluginJar : add plateformsettings
2024-11-15 20:25:04,103 [INFO] IPUIPlugin:80 - create IPUIPlugin
2024-11-15 20:25:04,103 [INFO] PluginManager:220 - loadIPPluginJar : add quadspi
2024-11-15 20:25:04,104 [INFO] IPUIPlugin:80 - create IPUIPlugin
2024-11-15 20:25:04,105 [INFO] PluginManager:220 - loadIPPluginJar : add radio
2024-11-15 20:25:04,119 [INFO] IPUIPlugin:80 - create IPUIPlugin
2024-11-15 20:25:04,119 [INFO] PluginManager:220 - loadIPPluginJar : add resmgrutility
2024-11-15 20:25:04,122 [INFO] IPUIPlugin:80 - create IPUIPlugin
2024-11-15 20:25:04,122 [INFO] PluginManager:220 - loadIPPluginJar : add sai
2024-11-15 20:25:04,125 [INFO] IPUIPlugin:80 - create IPUIPlugin
2024-11-15 20:25:04,125 [INFO] PluginManager:220 - loadIPPluginJar : add spi
2024-11-15 20:25:04,133 [INFO] IPUIPlugin:80 - create IPUIPlugin
2024-11-15 20:25:04,133 [INFO] PluginManager:220 - loadIPPluginJar : add stm32_wpan
2024-11-15 20:25:04,135 [INFO] IPUIPlugin:80 - create IPUIPlugin
2024-11-15 20:25:04,136 [INFO] PluginManager:220 - loadIPPluginJar : add tim
2024-11-15 20:25:04,141 [INFO] IPUIPlugin:80 - create IPUIPlugin
2024-11-15 20:25:04,141 [INFO] PluginManager:220 - loadIPPluginJar : add touchsensing
2024-11-15 20:25:04,145 [INFO] IPUIPlugin:80 - create IPUIPlugin
2024-11-15 20:25:04,145 [INFO] PluginManager:220 - loadIPPluginJar : add tracer_emb
2024-11-15 20:25:04,149 [INFO] IPUIPlugin:80 - create IPUIPlugin
2024-11-15 20:25:04,150 [INFO] PluginManager:220 - loadIPPluginJar : add ts
2024-11-15 20:25:04,153 [INFO] IPUIPlugin:80 - create IPUIPlugin
2024-11-15 20:25:04,153 [INFO] PluginManager:220 - loadIPPluginJar : add tsc
2024-11-15 20:25:04,157 [INFO] IPUIPlugin:80 - create IPUIPlugin
2024-11-15 20:25:04,157 [INFO] PluginManager:220 - loadIPPluginJar : add ucpd
2024-11-15 20:25:04,162 [INFO] IPUIPlugin:80 - create IPUIPlugin
2024-11-15 20:25:04,162 [INFO] PluginManager:220 - loadIPPluginJar : add usart
2024-11-15 20:25:04,168 [INFO] IPUIPlugin:80 - create IPUIPlugin
2024-11-15 20:25:04,169 [INFO] PluginManager:220 - loadIPPluginJar : add usbx
2024-11-15 20:25:04,343 [INFO] CADModel:165 - CPN selected for project level
2024-11-15 20:25:04,344 [INFO] CADModel:114 - Register for checkConnection events
2024-11-15 20:25:04,344 [FATAL] Updater:334 - Updater called before beeing initialized
2024-11-15 20:25:04,345 [ERROR] CADModel:125 - Updater not yet initialized, retry later 
2024-11-15 20:25:04,610 [INFO] CADModel:165 - CPN selected for project level
2024-11-15 20:25:04,611 [INFO] CADModel:114 - Register for checkConnection events
2024-11-15 20:25:04,611 [FATAL] Updater:334 - Updater called before beeing initialized
2024-11-15 20:25:04,611 [ERROR] CADModel:125 - Updater not yet initialized, retry later 
2024-11-15 20:25:04,618 [FATAL] Updater:334 - Updater called before beeing initialized
2024-11-15 20:25:04,783 [FATAL] Updater:334 - Updater called before beeing initialized
2024-11-15 20:25:04,792 [INFO] DbMcusAds:53 - JSON generation date=Fri Sep 20 21:04:38 CST 2024 (1726837478367)
2024-11-15 20:25:04,793 [FATAL] Updater:334 - Updater called before beeing initialized
2024-11-15 20:25:04,840 [WARN] DetailPanel:346 - Failed to get advertising image, set to default
2024-11-15 20:25:04,919 [FATAL] Updater:334 - Updater called before beeing initialized
2024-11-15 20:25:04,923 [FATAL] Updater:334 - Updater called before beeing initialized
2024-11-15 20:25:04,923 [FATAL] Updater:334 - Updater called before beeing initialized
2024-11-15 20:25:04,923 [WARN] DetailPanel:346 - Failed to get advertising image, set to default
2024-11-15 20:25:04,924 [FATAL] Updater:334 - Updater called before beeing initialized
2024-11-15 20:25:04,990 [ERROR] Updater:1164 - MainUpdater not yet initialized. External WinMGr cannot be set.
2024-11-15 20:25:04,996 [INFO] Updater:1100 - Updater Version found : 6.12.1
2024-11-15 20:25:05,014 [INFO] ApplicationProperties:184 - Using Application install path: D:\ST\STM32CubeIDE_1.16.1\STM32CubeIDE\plugins\com.st.stm32cube.common.mx_6.12.1.202409122256
2024-11-15 20:25:05,668 [INFO] MainUpdater:2873 - connection check result : 10
2024-11-15 20:25:05,669 [INFO] MainUpdater:290 - Updater Check For Update Now.
2024-11-15 20:25:05,669 [INFO] MicroXplorer:498 - Change Database Version : DB.6.0.121
2024-11-15 20:25:05,682 [INFO] McuFinderGlobals:63 - Set McuFinder mode to 2 (CubeIDE integrated)
2024-11-15 20:25:05,683 [INFO] UserAuth:417 - Internet connection configuration mode: 1
2024-11-15 20:25:05,711 [INFO] JxBrowserEngine:152 - Initiate JxBrowser Engine with user profile folder
2024-11-15 20:25:05,846 [INFO] CheckServerUpdateThread:120 - End of CheckServer Thread
2024-11-15 20:25:06,571 [ERROR] JxBrowserEngine:70 - Can't initiate JxBrowser engine com.teamdev.jxbrowser.engine.ChromiumProcessStartupFailureException: Process exit code: -1073740940
2024-11-15 20:25:06,574 [INFO] UserAuth:417 - Internet connection configuration mode: 1
2024-11-15 20:25:06,726 [WARN] PackLoader:240 - Cannot read IP mode file for STMicroelectronics.FP-SNS-MOTENVWB1.1.4.0
2024-11-15 20:25:06,743 [WARN] PackLoader:240 - Cannot read IP mode file for STMicroelectronics.X-CUBE-SMBUS.2.1.0
2024-11-15 20:25:06,774 [WARN] PackLoader:240 - Cannot read IP mode file for STMicroelectronics.X-CUBE-AZRTOS-F7.1.1.0
2024-11-15 20:25:06,787 [WARN] PackLoader:240 - Cannot read IP mode file for STMicroelectronics.FP-SNS-FLIGHT1.5.0.2
2024-11-15 20:25:06,797 [WARN] PackLoader:240 - Cannot read IP mode file for STMicroelectronics.X-CUBE-DISPLAY.3.0.0
2024-11-15 20:25:06,809 [WARN] PackLoader:240 - Cannot read IP mode file for STMicroelectronics.X-CUBE-BLE1.7.0.0
2024-11-15 20:25:06,821 [WARN] PackLoader:240 - Cannot read IP mode file for STMicroelectronics.X-CUBE-BLEMGR.3.1.0
2024-11-15 20:25:06,831 [WARN] PackLoader:240 - Cannot read IP mode file for STMicroelectronics.FP-SNS-SMARTAG2.1.2.0
2024-11-15 20:25:06,841 [INFO] LogOutputStream:77 - [STDOUT_REDIRECT] 1 : Invalid condition id : UX_CORESTACK_Condition cause : null
2024-11-15 20:25:06,842 [INFO] LogOutputStream:77 - [STDOUT_REDIRECT] 1 : Invalid condition id : UX_CORESTACK_Condition cause : null
2024-11-15 20:25:06,844 [INFO] LogOutputStream:77 - [STDOUT_REDIRECT] 1 : Invalid condition id : UX_CORESTACK_Condition cause : null
2024-11-15 20:25:06,845 [INFO] LogOutputStream:77 - [STDOUT_REDIRECT] 1 : Invalid condition id : UX_CORESTACK_Condition cause : null
2024-11-15 20:25:06,847 [INFO] LogOutputStream:77 - [STDOUT_REDIRECT] 1 : Invalid condition id : UX_CORESTACK_Condition cause : null
2024-11-15 20:25:06,849 [WARN] PackLoader:240 - Cannot read IP mode file for STMicroelectronics.X-CUBE-AZRTOS-WL.2.0.0
2024-11-15 20:25:06,855 [WARN] PackLoader:240 - Cannot read IP mode file for STMicroelectronics.FP-SNS-MOTENV1.5.0.0
2024-11-15 20:25:06,862 [WARN] PackLoader:240 - Cannot read IP mode file for STMicroelectronics.X-CUBE-BLE2.3.3.0
2024-11-15 20:25:06,868 [WARN] PackLoader:240 - Cannot read IP mode file for STMicroelectronics.X-CUBE-TCPP.4.1.0
2024-11-15 20:25:06,882 [WARN] PackLoader:240 - Cannot read IP mode file for STMicroelectronics.X-CUBE-AZRTOS-G0.1.1.0
2024-11-15 20:25:06,890 [WARN] PackLoader:240 - Cannot read IP mode file for STMicroelectronics.X-CUBE-SAFEA1.1.2.2
2024-11-15 20:25:06,896 [WARN] PackLoader:240 - Cannot read IP mode file for STMicroelectronics.X-CUBE-NFC4.3.0.0
2024-11-15 20:25:06,901 [WARN] PackLoader:240 - Cannot read IP mode file for STMicroelectronics.FP-ATR-SIGFOX1.3.2.0
2024-11-15 20:25:06,922 [WARN] PackLoader:240 - Cannot read IP mode file for STMicroelectronics.X-CUBE-EEPRMA1.5.1.0
2024-11-15 20:25:06,936 [WARN] PackLoader:240 - Cannot read IP mode file for STMicroelectronics.X-CUBE-ALGOBUILD.1.4.0
2024-11-15 20:25:06,954 [WARN] PackLoader:240 - Cannot read IP mode file for STMicroelectronics.X-CUBE-AZRTOS-F4.1.1.0
2024-11-15 20:25:06,964 [WARN] PackLoader:240 - Cannot read IP mode file for STMicroelectronics.X-CUBE-FREERTOS.1.2.0
2024-11-15 20:25:06,984 [WARN] PackLoader:240 - Cannot read IP mode file for STMicroelectronics.X-CUBE-AZRTOS-L5.2.0.0
2024-11-15 20:25:06,997 [WARN] PackLoader:240 - Cannot read IP mode file for STMicroelectronics.X-CUBE-NFC6.3.1.0
2024-11-15 20:25:07,006 [WARN] PackLoader:240 - Cannot read IP mode file for STMicroelectronics.X-CUBE-NFC7.1.0.1
2024-11-15 20:25:07,022 [WARN] ConditionMgr:438 - getConditionDescription Invalid condition id : LAN8742 Phy interface Condition cause : null
2024-11-15 20:25:07,022 [WARN] PackLoader:240 - Cannot read IP mode file for STMicroelectronics.X-CUBE-AZRTOS-L4.2.0.0
2024-11-15 20:25:07,024 [WARN] ConditionMgr:1039 - genDependencies : Invalid condition id : LAN8742 Phy interface Condition cause : null
2024-11-15 20:25:07,024 [WARN] ConditionMgr:1039 - genDependencies : Invalid condition id : LAN8742 Phy interface Condition cause : null
2024-11-15 20:25:07,025 [WARN] ConditionMgr:1039 - genDependencies : Invalid condition id : LAN8742 Phy interface Condition cause : null
2024-11-15 20:25:07,034 [WARN] PackLoader:240 - Cannot read IP mode file for STMicroelectronics.X-CUBE-SFXS2LP1.4.0.0
2024-11-15 20:25:07,049 [WARN] ConditionMgr:438 - getConditionDescription Invalid condition id : UX DEVICE CLASS RTOS Condition cause : null
2024-11-15 20:25:07,050 [WARN] ConditionMgr:438 - getConditionDescription Invalid condition id : UX DEVICE CLASS RTOS Condition cause : null
2024-11-15 20:25:07,053 [WARN] PackLoader:240 - Cannot read IP mode file for STMicroelectronics.X-CUBE-AZRTOS-WB.2.0.0
2024-11-15 20:25:07,054 [WARN] ConditionMgr:1039 - genDependencies : Invalid condition id : UX DEVICE CLASS RTOS Condition cause : null
2024-11-15 20:25:07,054 [WARN] ConditionMgr:1039 - genDependencies : Invalid condition id : UX DEVICE CLASS RTOS Condition cause : null
2024-11-15 20:25:07,055 [WARN] ConditionMgr:1039 - genDependencies : Invalid condition id : UX DEVICE CLASS RTOS Condition cause : null
2024-11-15 20:25:07,055 [WARN] ConditionMgr:1039 - genDependencies : Invalid condition id : UX DEVICE CLASS RTOS Condition cause : null
2024-11-15 20:25:07,055 [WARN] ConditionMgr:1039 - genDependencies : Invalid condition id : UX DEVICE CLASS RTOS Condition cause : null
2024-11-15 20:25:07,068 [WARN] PackLoader:240 - Cannot read IP mode file for STMicroelectronics.X-CUBE-SUBG2.5.0.0
2024-11-15 20:25:07,089 [WARN] PackLoader:240 - Cannot read IP mode file for STMicroelectronics.X-CUBE-AZRTOS-G4.2.0.0
2024-11-15 20:25:07,100 [WARN] PackLoader:240 - Cannot read IP mode file for STMicroelectronics.X-CUBE-ALS.1.0.2
2024-11-15 20:25:07,118 [WARN] PackLoader:240 - Cannot read IP mode file for STMicroelectronics.X-CUBE-AZRTOS-H7RS.1.0.0
2024-11-15 20:25:07,126 [WARN] PackLoader:240 - Cannot read IP mode file for STMicroelectronics.FP-ATR-ASTRA1.2.0.0
2024-11-15 20:25:07,128 [INFO] ThirdParty:978 - Integrity check success = true
2024-11-15 20:25:07,129 [INFO] IntegrityCheckThread:100 - exiting critical section [integrity check]
2024-11-15 20:25:07,129 [INFO] IntegrityCheckThread:103 - End integrity checks thread
2024-11-15 20:29:53,934 [ERROR] LogOutputStream:75 - [STDERR_REDIRECT] 
2024-11-15 20:58:03,821 [INFO] Activator:176 - 


2024-11-15 20:58:03,822 [INFO] Activator:177 - !SESSION log4j initialized
2024-11-15 20:58:07,861 [INFO] LogOutputStream:77 - [STDOUT_REDIRECT] 
2024-11-15 20:58:09,690 [INFO] ApplicationProperties:184 - Using Application install path: D:\ST\STM32CubeIDE_1.16.1\STM32CubeIDE\plugins\com.st.stm32cube.common.mx_6.12.1.202409122256
2024-11-15 20:58:09,739 [INFO] DbMcusXml:78 - Set database path to: D:\ST\STM32CubeIDE_1.16.1\STM32CubeIDE\plugins\com.st.stm32cube.common.mx_6.12.1.202409122256\\db\/mcu/
2024-11-15 20:58:09,740 [INFO] ApiDb:274 - Set plugin database path to: D:\ST\STM32CubeIDE_1.16.1\STM32CubeIDE\plugins\com.st.stm32cube.common.mx_6.12.1.202409122256\\db\/plugins/boardmanager/
2024-11-15 20:58:09,741 [WARN] ApiDb:259 - Overriding images path with different value:  => D:\ST\STM32CubeIDE_1.16.1\STM32CubeIDE\plugins\com.st.stm32cube.common.mx_6.12.1.202409122256\\db\/plugins/mcufinder/images/
2024-11-15 20:58:09,752 [INFO] ApiDb:250 - Set database path to: C:\Users\Administrator\.stmcufinder\plugins\mcufinder//mcu/
2024-11-15 20:58:09,755 [INFO] DbMcusAds:125 - Set database path to: C:\Users\Administrator\.stmcufinder\plugins\mcufinder//mcu/
2024-11-15 20:58:09,760 [INFO] CrossReferenceDbSqlite:203 - Set database path to: C:\Users\Administrator\.stmcufinder\plugins\mcufinder//mcu/cs/
2024-11-15 20:58:09,998 [INFO] RulesReader:64 - Compatibility file has been processed (297 Rules)
2024-11-15 20:58:10,135 [INFO] DbMcusXml:78 - Set database path to: D:\ST\STM32CubeIDE_1.16.1\STM32CubeIDE\plugins\com.st.stm32cube.common.mx_6.12.1.202409122256\\db\/mcu/
2024-11-15 20:58:10,135 [INFO] ApiDb:274 - Set plugin database path to: D:\ST\STM32CubeIDE_1.16.1\STM32CubeIDE\plugins\com.st.stm32cube.common.mx_6.12.1.202409122256\\db\/plugins/boardmanager/
2024-11-15 20:58:10,135 [INFO] ApiDb:261 - Set plugin images path to: D:\ST\STM32CubeIDE_1.16.1\STM32CubeIDE\plugins\com.st.stm32cube.common.mx_6.12.1.202409122256\\db\/plugins/mcufinder/images/
2024-11-15 20:58:10,136 [WARN] DbFile:41 - Overriding database path with different value: C:\Users\Administrator\.stmcufinder\plugins\mcufinder/ => C:\Users\Administrator\.stmcufinder\plugins\mcufinder
2024-11-15 20:58:10,136 [INFO] ApiDb:250 - Set database path to: C:\Users\Administrator\.stmcufinder\plugins\mcufinder//mcu/
2024-11-15 20:58:10,136 [WARN] DbFile:41 - Overriding database path with different value: C:\Users\Administrator\.stmcufinder\plugins\mcufinder/ => C:\Users\Administrator\.stmcufinder\plugins\mcufinder
2024-11-15 20:58:10,136 [INFO] DbMcusAds:125 - Set database path to: C:\Users\Administrator\.stmcufinder\plugins\mcufinder//mcu/
2024-11-15 20:58:10,136 [WARN] DbFile:41 - Overriding database path with different value: C:\Users\Administrator\.stmcufinder\plugins\mcufinder/ => C:\Users\Administrator\.stmcufinder\plugins\mcufinder
2024-11-15 20:58:10,136 [WARN] DbFile:41 - Overriding database path with different value: C:\Users\Administrator\.stmcufinder\plugins\mcufinder/ => C:\Users\Administrator\.stmcufinder\plugins\mcufinder
2024-11-15 20:58:10,136 [INFO] CrossReferenceDbSqlite:203 - Set database path to: C:\Users\Administrator\.stmcufinder\plugins\mcufinder//mcu/cs/
2024-11-15 20:58:10,267 [INFO] MainPanel:268 - HeapMemory: 268435456
2024-11-15 20:58:10,450 [INFO] DbMcusXml:78 - Set database path to: D:\ST\STM32CubeIDE_1.16.1\STM32CubeIDE\plugins\com.st.stm32cube.common.mx_6.12.1.202409122256\\db\/mcu/
2024-11-15 20:58:10,450 [INFO] ApiDb:274 - Set plugin database path to: D:\ST\STM32CubeIDE_1.16.1\STM32CubeIDE\plugins\com.st.stm32cube.common.mx_6.12.1.202409122256\\db\/plugins/boardmanager/
2024-11-15 20:58:10,450 [INFO] ApiDb:261 - Set plugin images path to: D:\ST\STM32CubeIDE_1.16.1\STM32CubeIDE\plugins\com.st.stm32cube.common.mx_6.12.1.202409122256\\db\/plugins/mcufinder/images/
2024-11-15 20:58:10,451 [WARN] DbFile:41 - Overriding database path with different value: C:\Users\Administrator\.stmcufinder\plugins\mcufinder/ => C:\Users\Administrator\.stmcufinder\plugins\mcufinder
2024-11-15 20:58:10,451 [INFO] ApiDb:250 - Set database path to: C:\Users\Administrator\.stmcufinder\plugins\mcufinder//mcu/
2024-11-15 20:58:10,451 [WARN] DbFile:41 - Overriding database path with different value: C:\Users\Administrator\.stmcufinder\plugins\mcufinder/ => C:\Users\Administrator\.stmcufinder\plugins\mcufinder
2024-11-15 20:58:10,451 [INFO] DbMcusAds:125 - Set database path to: C:\Users\Administrator\.stmcufinder\plugins\mcufinder//mcu/
2024-11-15 20:58:10,451 [WARN] DbFile:41 - Overriding database path with different value: C:\Users\Administrator\.stmcufinder\plugins\mcufinder/ => C:\Users\Administrator\.stmcufinder\plugins\mcufinder
2024-11-15 20:58:10,451 [WARN] DbFile:41 - Overriding database path with different value: C:\Users\Administrator\.stmcufinder\plugins\mcufinder/ => C:\Users\Administrator\.stmcufinder\plugins\mcufinder
2024-11-15 20:58:10,451 [INFO] CrossReferenceDbSqlite:203 - Set database path to: C:\Users\Administrator\.stmcufinder\plugins\mcufinder//mcu/cs/
2024-11-15 20:58:10,493 [INFO] ApplicationProperties:184 - Using Application install path: D:\ST\STM32CubeIDE_1.16.1\STM32CubeIDE\plugins\com.st.stm32cube.common.mx_6.12.1.202409122256
2024-11-15 20:58:10,497 [INFO] PluginManage:196 - Search for loadable plugins [exclusion list=, ]
2024-11-15 20:58:10,501 [INFO] PluginManage:310 - Check plugin analytics
2024-11-15 20:58:10,840 [INFO] AnalyticsPlugin:253 - Accepted Software Licenses: 
2024-11-15 20:58:10,841 [INFO] AnalyticsPlugin:255 - Accepted CMSIS Pack Licenses: 
2024-11-15 20:58:10,841 [INFO] AnalyticsPlugin:257 - Accepted Firmware Licenses: 
2024-11-15 20:58:10,844 [INFO] PluginManage:359 - Loaded plugin analytics (category:tool,tabindex:-1)
2024-11-15 20:58:10,845 [INFO] PluginManage:310 - Check plugin cadmodel
2024-11-15 20:58:10,854 [INFO] CADModel:105 - Init CAD model plugin
2024-11-15 20:58:10,855 [INFO] PluginManage:359 - Loaded plugin cadmodel (category:power,tabindex:5)
2024-11-15 20:58:10,855 [INFO] PluginManage:310 - Check plugin clock
2024-11-15 20:58:10,876 [INFO] PluginManage:359 - Loaded plugin clock (category:base,tabindex:2)
2024-11-15 20:58:10,876 [INFO] PluginManage:310 - Check plugin ddr
2024-11-15 20:58:10,881 [INFO] PluginManage:359 - Loaded plugin ddr (category:tool,tabindex:6)
2024-11-15 20:58:10,882 [INFO] PluginManage:310 - Check plugin filemanager
2024-11-15 20:58:11,209 [INFO] PluginManage:359 - Loaded plugin filemanager (category:base,tabindex:10)
2024-11-15 20:58:11,210 [INFO] PluginManage:310 - Check plugin ipmanager
2024-11-15 20:58:11,223 [INFO] PluginManage:359 - Loaded plugin ipmanager (category:base,tabindex:5)
2024-11-15 20:58:11,224 [INFO] PluginManage:310 - Check plugin lpbam
2024-11-15 20:58:11,244 [INFO] PluginManage:359 - Loaded plugin lpbam (category:base,tabindex:0)
2024-11-15 20:58:11,245 [INFO] PluginManage:310 - Check plugin memorymap
2024-11-15 20:58:11,272 [INFO] PluginManage:359 - Loaded plugin memorymap (category:base,tabindex:4)
2024-11-15 20:58:11,272 [INFO] PluginManage:310 - Check plugin pinoutandconfiguration
2024-11-15 20:58:11,288 [INFO] PluginManage:359 - Loaded plugin pinoutandconfiguration (category:base,tabindex:1)
2024-11-15 20:58:11,289 [INFO] PluginManage:310 - Check plugin pinoutconfig
2024-11-15 20:58:11,467 [WARN] SupportedApi:132 - Cannot load RTOS API schema: s4s-elt-must-match.1: The content of 'definitions' must match (annotation?, (simpleType | complexType)?, (unique | key | keyref)*)). A problem was found starting at: attribute.
2024-11-15 20:58:11,755 [INFO] PluginManage:359 - Loaded plugin pinoutconfig (category:base,tabindex:0)
2024-11-15 20:58:11,755 [INFO] PluginManage:310 - Check plugin power
2024-11-15 20:58:11,770 [INFO] PluginManage:359 - Loaded plugin power (category:power,tabindex:4)
2024-11-15 20:58:11,771 [INFO] PluginManage:310 - Check plugin projectmanager
2024-11-15 20:58:11,802 [INFO] PluginManage:359 - Loaded plugin projectmanager (category:projectmanager,tabindex:4)
2024-11-15 20:58:11,802 [INFO] PluginManage:310 - Check plugin rif
2024-11-15 20:58:11,811 [INFO] PluginManage:359 - Loaded plugin rif (category:base,tabindex:3)
2024-11-15 20:58:11,812 [INFO] PluginManage:310 - Check plugin thirdparty
2024-11-15 20:58:12,072 [INFO] PluginManage:359 - Loaded plugin thirdparty (category:base,tabindex:-1)
2024-11-15 20:58:12,072 [INFO] PluginManage:310 - Check plugin tools
2024-11-15 20:58:12,072 [WARN] IntegrityCheckThread:84 - waiting for thirdparty lock release [integrity check]
2024-11-15 20:58:12,073 [INFO] IntegrityCheckThread:86 - entering critical section [integrity check]
2024-11-15 20:58:12,073 [INFO] ThirdPartyUpdaterWithRetryManager:70 - Updater plugin not ready yet. [1/15]
2024-11-15 20:58:12,078 [INFO] PluginManage:359 - Loaded plugin tools (category:base,tabindex:7)
2024-11-15 20:58:12,079 [INFO] PluginManage:310 - Check plugin tutovideos
2024-11-15 20:58:12,420 [INFO] PluginManage:359 - Loaded plugin tutovideos (category:base,tabindex:-1)
2024-11-15 20:58:12,420 [INFO] PluginManage:310 - Check plugin updater
2024-11-15 20:58:12,443 [INFO] PluginManage:359 - Loaded plugin updater (category:base,tabindex:12)
2024-11-15 20:58:12,443 [INFO] PluginManage:310 - Check plugin userauth
2024-11-15 20:58:12,452 [INFO] UserAuth:113 - Init User Auth plugin
2024-11-15 20:58:12,452 [INFO] PluginManage:359 - Loaded plugin userauth (category:base,tabindex:14)
2024-11-15 20:58:12,453 [INFO] PluginManage:283 - PluginManage : Loaded plugins [18]
2024-11-15 20:58:12,732 [INFO] PinOutPanel:1561 - setPackage(No Configuration,No Configuration)
2024-11-15 20:58:12,802 [INFO] CADModel:165 - CPN selected for project level
2024-11-15 20:58:12,802 [INFO] CADModel:114 - Register for checkConnection events
2024-11-15 20:58:12,814 [INFO] IPUIPlugin:80 - create IPUIPlugin
2024-11-15 20:58:12,814 [INFO] PluginManager:220 - loadIPPluginJar : add adc
2024-11-15 20:58:12,817 [INFO] IPUIPlugin:80 - create IPUIPlugin
2024-11-15 20:58:12,817 [INFO] PluginManager:220 - loadIPPluginJar : add aes
2024-11-15 20:58:12,819 [INFO] IPUIPlugin:80 - create IPUIPlugin
2024-11-15 20:58:12,819 [INFO] PluginManager:220 - loadIPPluginJar : add can
2024-11-15 20:58:12,821 [INFO] IPUIPlugin:80 - create IPUIPlugin
2024-11-15 20:58:12,821 [INFO] PluginManager:220 - loadIPPluginJar : add comp
2024-11-15 20:58:12,823 [INFO] IPUIPlugin:80 - create IPUIPlugin
2024-11-15 20:58:12,823 [INFO] PluginManager:220 - loadIPPluginJar : add cryp
2024-11-15 20:58:12,824 [INFO] IPUIPlugin:80 - create IPUIPlugin
2024-11-15 20:58:12,824 [INFO] PluginManager:220 - loadIPPluginJar : add ddr_ctrl_phy
2024-11-15 20:58:12,825 [INFO] IPUIPlugin:80 - create IPUIPlugin
2024-11-15 20:58:12,826 [INFO] PluginManager:220 - loadIPPluginJar : add dfsdm
2024-11-15 20:58:12,829 [INFO] IPUIPlugin:80 - create IPUIPlugin
2024-11-15 20:58:12,829 [INFO] PluginManager:220 - loadIPPluginJar : add dma
2024-11-15 20:58:12,831 [INFO] IPUIPlugin:80 - create IPUIPlugin
2024-11-15 20:58:12,831 [INFO] PluginManager:220 - loadIPPluginJar : add dma3
2024-11-15 20:58:12,832 [INFO] IPUIPlugin:80 - create IPUIPlugin
2024-11-15 20:58:12,832 [INFO] PluginManager:220 - loadIPPluginJar : add extmemmanager
2024-11-15 20:58:12,833 [INFO] IPUIPlugin:80 - create IPUIPlugin
2024-11-15 20:58:12,833 [INFO] PluginManager:220 - loadIPPluginJar : add fatfs
2024-11-15 20:58:12,836 [INFO] IPUIPlugin:80 - create IPUIPlugin
2024-11-15 20:58:12,836 [INFO] PluginManager:220 - loadIPPluginJar : add fmc
2024-11-15 20:58:12,839 [INFO] IPUIPlugin:80 - create IPUIPlugin
2024-11-15 20:58:12,839 [INFO] PluginManager:220 - loadIPPluginJar : add freertos
2024-11-15 20:58:12,840 [INFO] IPUIPlugin:80 - create IPUIPlugin
2024-11-15 20:58:12,840 [INFO] PluginManager:220 - loadIPPluginJar : add genericplugin
2024-11-15 20:58:12,841 [INFO] IPUIPlugin:80 - create IPUIPlugin
2024-11-15 20:58:12,841 [INFO] PluginManager:220 - loadIPPluginJar : add gfxmmu
2024-11-15 20:58:12,844 [INFO] IPUIPlugin:80 - create IPUIPlugin
2024-11-15 20:58:12,844 [INFO] PluginManager:220 - loadIPPluginJar : add gic
2024-11-15 20:58:12,846 [INFO] IPUIPlugin:80 - create IPUIPlugin
2024-11-15 20:58:12,847 [INFO] PluginManager:220 - loadIPPluginJar : add gpio
2024-11-15 20:58:12,848 [INFO] IPUIPlugin:80 - create IPUIPlugin
2024-11-15 20:58:12,848 [INFO] PluginManager:220 - loadIPPluginJar : add gtzc
2024-11-15 20:58:12,850 [INFO] IPUIPlugin:80 - create IPUIPlugin
2024-11-15 20:58:12,850 [INFO] PluginManager:220 - loadIPPluginJar : add hash
2024-11-15 20:58:12,851 [INFO] IPUIPlugin:80 - create IPUIPlugin
2024-11-15 20:58:12,851 [INFO] PluginManager:220 - loadIPPluginJar : add i2c
2024-11-15 20:58:12,853 [INFO] IPUIPlugin:80 - create IPUIPlugin
2024-11-15 20:58:12,853 [INFO] PluginManager:220 - loadIPPluginJar : add i2s
2024-11-15 20:58:12,854 [INFO] IPUIPlugin:80 - create IPUIPlugin
2024-11-15 20:58:12,854 [INFO] PluginManager:220 - loadIPPluginJar : add i3c
2024-11-15 20:58:12,856 [INFO] IPUIPlugin:80 - create IPUIPlugin
2024-11-15 20:58:12,857 [INFO] PluginManager:220 - loadIPPluginJar : add ipddr
2024-11-15 20:58:12,860 [INFO] IPUIPlugin:80 - create IPUIPlugin
2024-11-15 20:58:12,861 [INFO] PluginManager:220 - loadIPPluginJar : add linkedlist
2024-11-15 20:58:12,863 [INFO] IPUIPlugin:80 - create IPUIPlugin
2024-11-15 20:58:12,864 [INFO] PluginManager:220 - loadIPPluginJar : add lorawan
2024-11-15 20:58:12,864 [INFO] IPUIPlugin:80 - create IPUIPlugin
2024-11-15 20:58:12,864 [INFO] PluginManager:220 - loadIPPluginJar : add ltdc
2024-11-15 20:58:12,868 [INFO] IPUIPlugin:80 - create IPUIPlugin
2024-11-15 20:58:12,868 [INFO] PluginManager:220 - loadIPPluginJar : add mdma
2024-11-15 20:58:12,870 [INFO] IPUIPlugin:80 - create IPUIPlugin
2024-11-15 20:58:12,870 [INFO] PluginManager:220 - loadIPPluginJar : add nvic
2024-11-15 20:58:12,871 [INFO] IPUIPlugin:80 - create IPUIPlugin
2024-11-15 20:58:12,871 [INFO] PluginManager:220 - loadIPPluginJar : add opamp
2024-11-15 20:58:12,873 [INFO] IPUIPlugin:80 - create IPUIPlugin
2024-11-15 20:58:12,873 [INFO] PluginManager:220 - loadIPPluginJar : add openamp
2024-11-15 20:58:12,875 [INFO] IPUIPlugin:80 - create IPUIPlugin
2024-11-15 20:58:12,875 [INFO] PluginManager:220 - loadIPPluginJar : add pdm2pcm
2024-11-15 20:58:12,879 [INFO] IPUIPlugin:80 - create IPUIPlugin
2024-11-15 20:58:12,880 [INFO] PluginManager:220 - loadIPPluginJar : add plateformsettings
2024-11-15 20:58:12,881 [INFO] IPUIPlugin:80 - create IPUIPlugin
2024-11-15 20:58:12,881 [INFO] PluginManager:220 - loadIPPluginJar : add quadspi
2024-11-15 20:58:12,882 [INFO] IPUIPlugin:80 - create IPUIPlugin
2024-11-15 20:58:12,883 [INFO] PluginManager:220 - loadIPPluginJar : add radio
2024-11-15 20:58:12,885 [INFO] IPUIPlugin:80 - create IPUIPlugin
2024-11-15 20:58:12,885 [INFO] PluginManager:220 - loadIPPluginJar : add resmgrutility
2024-11-15 20:58:12,887 [INFO] IPUIPlugin:80 - create IPUIPlugin
2024-11-15 20:58:12,887 [INFO] PluginManager:220 - loadIPPluginJar : add sai
2024-11-15 20:58:12,888 [INFO] IPUIPlugin:80 - create IPUIPlugin
2024-11-15 20:58:12,888 [INFO] PluginManager:220 - loadIPPluginJar : add spi
2024-11-15 20:58:12,891 [INFO] IPUIPlugin:80 - create IPUIPlugin
2024-11-15 20:58:12,891 [INFO] PluginManager:220 - loadIPPluginJar : add stm32_wpan
2024-11-15 20:58:12,892 [INFO] IPUIPlugin:80 - create IPUIPlugin
2024-11-15 20:58:12,892 [INFO] PluginManager:220 - loadIPPluginJar : add tim
2024-11-15 20:58:12,894 [INFO] IPUIPlugin:80 - create IPUIPlugin
2024-11-15 20:58:12,894 [INFO] PluginManager:220 - loadIPPluginJar : add touchsensing
2024-11-15 20:58:12,896 [INFO] IPUIPlugin:80 - create IPUIPlugin
2024-11-15 20:58:12,896 [INFO] PluginManager:220 - loadIPPluginJar : add tracer_emb
2024-11-15 20:58:12,897 [INFO] IPUIPlugin:80 - create IPUIPlugin
2024-11-15 20:58:12,897 [INFO] PluginManager:220 - loadIPPluginJar : add ts
2024-11-15 20:58:12,898 [INFO] IPUIPlugin:80 - create IPUIPlugin
2024-11-15 20:58:12,898 [INFO] PluginManager:220 - loadIPPluginJar : add tsc
2024-11-15 20:58:12,899 [INFO] IPUIPlugin:80 - create IPUIPlugin
2024-11-15 20:58:12,899 [INFO] PluginManager:220 - loadIPPluginJar : add ucpd
2024-11-15 20:58:12,900 [INFO] IPUIPlugin:80 - create IPUIPlugin
2024-11-15 20:58:12,900 [INFO] PluginManager:220 - loadIPPluginJar : add usart
2024-11-15 20:58:12,902 [INFO] IPUIPlugin:80 - create IPUIPlugin
2024-11-15 20:58:12,902 [INFO] PluginManager:220 - loadIPPluginJar : add usbx
2024-11-15 20:58:13,020 [INFO] CADModel:165 - CPN selected for project level
2024-11-15 20:58:13,020 [INFO] CADModel:114 - Register for checkConnection events
2024-11-15 20:58:13,021 [FATAL] Updater:334 - Updater called before beeing initialized
2024-11-15 20:58:13,021 [ERROR] CADModel:125 - Updater not yet initialized, retry later 
2024-11-15 20:58:13,111 [INFO] CADModel:165 - CPN selected for project level
2024-11-15 20:58:13,111 [INFO] CADModel:114 - Register for checkConnection events
2024-11-15 20:58:13,111 [FATAL] Updater:334 - Updater called before beeing initialized
2024-11-15 20:58:13,111 [ERROR] CADModel:125 - Updater not yet initialized, retry later 
2024-11-15 20:58:13,113 [FATAL] Updater:334 - Updater called before beeing initialized
2024-11-15 20:58:13,205 [FATAL] Updater:334 - Updater called before beeing initialized
2024-11-15 20:58:13,209 [INFO] DbMcusAds:53 - JSON generation date=Fri Sep 20 21:04:38 CST 2024 (1726837478367)
2024-11-15 20:58:13,209 [FATAL] Updater:334 - Updater called before beeing initialized
2024-11-15 20:58:13,235 [WARN] DetailPanel:346 - Failed to get advertising image, set to default
2024-11-15 20:58:13,293 [FATAL] Updater:334 - Updater called before beeing initialized
2024-11-15 20:58:13,294 [FATAL] Updater:334 - Updater called before beeing initialized
2024-11-15 20:58:13,294 [FATAL] Updater:334 - Updater called before beeing initialized
2024-11-15 20:58:13,294 [WARN] DetailPanel:346 - Failed to get advertising image, set to default
2024-11-15 20:58:13,295 [FATAL] Updater:334 - Updater called before beeing initialized
2024-11-15 20:58:13,325 [ERROR] Updater:1164 - MainUpdater not yet initialized. External WinMGr cannot be set.
2024-11-15 20:58:13,328 [INFO] Updater:1100 - Updater Version found : 6.12.1
2024-11-15 20:58:13,340 [INFO] ApplicationProperties:184 - Using Application install path: D:\ST\STM32CubeIDE_1.16.1\STM32CubeIDE\plugins\com.st.stm32cube.common.mx_6.12.1.202409122256
2024-11-15 20:58:13,819 [INFO] MainUpdater:2873 - connection check result : 10
2024-11-15 20:58:13,819 [INFO] MainUpdater:290 - Updater Check For Update Now.
2024-11-15 20:58:13,819 [INFO] MicroXplorer:498 - Change Database Version : DB.6.0.121
2024-11-15 20:58:13,824 [INFO] McuFinderGlobals:63 - Set McuFinder mode to 2 (CubeIDE integrated)
2024-11-15 20:58:13,824 [INFO] UserAuth:417 - Internet connection configuration mode: 1
2024-11-15 20:58:13,851 [INFO] JxBrowserEngine:152 - Initiate JxBrowser Engine with user profile folder
2024-11-15 20:58:13,983 [INFO] CheckServerUpdateThread:120 - End of CheckServer Thread
2024-11-15 20:58:14,454 [INFO] WebApp:167 - Instantiating new browser for Auth
2024-11-15 20:58:14,926 [INFO] WebApp:448 - Apply proxy settings
2024-11-15 20:58:14,926 [INFO] WebApp:533 - Chromium requires no authentication
2024-11-15 20:58:14,932 [INFO] WebApp:476 - Direct internet connection detected
2024-11-15 20:58:14,948 [INFO] WebApp:869 - Register for checkConnection events
2024-11-15 20:58:14,949 [INFO] WebApp:448 - Apply proxy settings
2024-11-15 20:58:14,949 [INFO] WebApp:533 - Chromium requires no authentication
2024-11-15 20:58:14,949 [INFO] WebApp:476 - Direct internet connection detected
2024-11-15 20:58:15,054 [INFO] WebApp:220 - Starting web application
2024-11-15 20:58:15,058 [INFO] WebApp:578 - Web application path used D:\ST\STM32CubeIDE_1.16.1\STM32CubeIDE\plugins\com.st.stm32cube.common.mx_6.12.1.202409122256\db\plugins\mcufinder\reactClient1\index.html
2024-11-15 20:58:15,121 [INFO] UserAuth:417 - Internet connection configuration mode: 1
2024-11-15 20:58:15,218 [WARN] PackLoader:240 - Cannot read IP mode file for STMicroelectronics.FP-SNS-MOTENVWB1.1.4.0
2024-11-15 20:58:15,230 [WARN] PackLoader:240 - Cannot read IP mode file for STMicroelectronics.X-CUBE-SMBUS.2.1.0
2024-11-15 20:58:15,258 [WARN] PackLoader:240 - Cannot read IP mode file for STMicroelectronics.X-CUBE-AZRTOS-F7.1.1.0
2024-11-15 20:58:15,266 [WARN] PackLoader:240 - Cannot read IP mode file for STMicroelectronics.FP-SNS-FLIGHT1.5.0.2
2024-11-15 20:58:15,274 [WARN] PackLoader:240 - Cannot read IP mode file for STMicroelectronics.X-CUBE-DISPLAY.3.0.0
2024-11-15 20:58:15,289 [WARN] PackLoader:240 - Cannot read IP mode file for STMicroelectronics.X-CUBE-BLE1.7.0.0
2024-11-15 20:58:15,298 [WARN] PackLoader:240 - Cannot read IP mode file for STMicroelectronics.X-CUBE-BLEMGR.3.1.0
2024-11-15 20:58:15,305 [WARN] PackLoader:240 - Cannot read IP mode file for STMicroelectronics.FP-SNS-SMARTAG2.1.2.0
2024-11-15 20:58:15,313 [INFO] LogOutputStream:77 - [STDOUT_REDIRECT] 1 : Invalid condition id : UX_CORESTACK_Condition cause : null
2024-11-15 20:58:15,313 [INFO] LogOutputStream:77 - [STDOUT_REDIRECT] 1 : Invalid condition id : UX_CORESTACK_Condition cause : null
2024-11-15 20:58:15,314 [INFO] LogOutputStream:77 - [STDOUT_REDIRECT] 1 : Invalid condition id : UX_CORESTACK_Condition cause : null
2024-11-15 20:58:15,316 [INFO] LogOutputStream:77 - [STDOUT_REDIRECT] 1 : Invalid condition id : UX_CORESTACK_Condition cause : null
2024-11-15 20:58:15,317 [INFO] LogOutputStream:77 - [STDOUT_REDIRECT] 1 : Invalid condition id : UX_CORESTACK_Condition cause : null
2024-11-15 20:58:15,319 [WARN] PackLoader:240 - Cannot read IP mode file for STMicroelectronics.X-CUBE-AZRTOS-WL.2.0.0
2024-11-15 20:58:15,324 [WARN] PackLoader:240 - Cannot read IP mode file for STMicroelectronics.FP-SNS-MOTENV1.5.0.0
2024-11-15 20:58:15,330 [WARN] PackLoader:240 - Cannot read IP mode file for STMicroelectronics.X-CUBE-BLE2.3.3.0
2024-11-15 20:58:15,336 [WARN] PackLoader:240 - Cannot read IP mode file for STMicroelectronics.X-CUBE-TCPP.4.1.0
2024-11-15 20:58:15,351 [WARN] PackLoader:240 - Cannot read IP mode file for STMicroelectronics.X-CUBE-AZRTOS-G0.1.1.0
2024-11-15 20:58:15,360 [WARN] PackLoader:240 - Cannot read IP mode file for STMicroelectronics.X-CUBE-SAFEA1.1.2.2
2024-11-15 20:58:15,365 [WARN] PackLoader:240 - Cannot read IP mode file for STMicroelectronics.X-CUBE-NFC4.3.0.0
2024-11-15 20:58:15,371 [WARN] PackLoader:240 - Cannot read IP mode file for STMicroelectronics.FP-ATR-SIGFOX1.3.2.0
2024-11-15 20:58:15,376 [WARN] PackLoader:240 - Cannot read IP mode file for STMicroelectronics.X-CUBE-EEPRMA1.5.1.0
2024-11-15 20:58:15,386 [WARN] PackLoader:240 - Cannot read IP mode file for STMicroelectronics.X-CUBE-ALGOBUILD.1.4.0
2024-11-15 20:58:15,409 [WARN] PackLoader:240 - Cannot read IP mode file for STMicroelectronics.X-CUBE-AZRTOS-F4.1.1.0
2024-11-15 20:58:15,420 [WARN] PackLoader:240 - Cannot read IP mode file for STMicroelectronics.X-CUBE-FREERTOS.1.2.0
2024-11-15 20:58:15,436 [WARN] PackLoader:240 - Cannot read IP mode file for STMicroelectronics.X-CUBE-AZRTOS-L5.2.0.0
2024-11-15 20:58:15,446 [WARN] PackLoader:240 - Cannot read IP mode file for STMicroelectronics.X-CUBE-NFC6.3.1.0
2024-11-15 20:58:15,452 [WARN] PackLoader:240 - Cannot read IP mode file for STMicroelectronics.X-CUBE-NFC7.1.0.1
2024-11-15 20:58:15,466 [WARN] ConditionMgr:438 - getConditionDescription Invalid condition id : LAN8742 Phy interface Condition cause : null
2024-11-15 20:58:15,467 [WARN] PackLoader:240 - Cannot read IP mode file for STMicroelectronics.X-CUBE-AZRTOS-L4.2.0.0
2024-11-15 20:58:15,468 [WARN] ConditionMgr:1039 - genDependencies : Invalid condition id : LAN8742 Phy interface Condition cause : null
2024-11-15 20:58:15,469 [WARN] ConditionMgr:1039 - genDependencies : Invalid condition id : LAN8742 Phy interface Condition cause : null
2024-11-15 20:58:15,469 [WARN] ConditionMgr:1039 - genDependencies : Invalid condition id : LAN8742 Phy interface Condition cause : null
2024-11-15 20:58:15,477 [WARN] PackLoader:240 - Cannot read IP mode file for STMicroelectronics.X-CUBE-SFXS2LP1.4.0.0
2024-11-15 20:58:15,490 [WARN] ConditionMgr:438 - getConditionDescription Invalid condition id : UX DEVICE CLASS RTOS Condition cause : null
2024-11-15 20:58:15,491 [WARN] ConditionMgr:438 - getConditionDescription Invalid condition id : UX DEVICE CLASS RTOS Condition cause : null
2024-11-15 20:58:15,492 [WARN] PackLoader:240 - Cannot read IP mode file for STMicroelectronics.X-CUBE-AZRTOS-WB.2.0.0
2024-11-15 20:58:15,493 [WARN] ConditionMgr:1039 - genDependencies : Invalid condition id : UX DEVICE CLASS RTOS Condition cause : null
2024-11-15 20:58:15,493 [WARN] ConditionMgr:1039 - genDependencies : Invalid condition id : UX DEVICE CLASS RTOS Condition cause : null
2024-11-15 20:58:15,493 [WARN] ConditionMgr:1039 - genDependencies : Invalid condition id : UX DEVICE CLASS RTOS Condition cause : null
2024-11-15 20:58:15,493 [WARN] ConditionMgr:1039 - genDependencies : Invalid condition id : UX DEVICE CLASS RTOS Condition cause : null
2024-11-15 20:58:15,493 [WARN] ConditionMgr:1039 - genDependencies : Invalid condition id : UX DEVICE CLASS RTOS Condition cause : null
2024-11-15 20:58:15,502 [WARN] PackLoader:240 - Cannot read IP mode file for STMicroelectronics.X-CUBE-SUBG2.5.0.0
2024-11-15 20:58:15,515 [WARN] PackLoader:240 - Cannot read IP mode file for STMicroelectronics.X-CUBE-AZRTOS-G4.2.0.0
2024-11-15 20:58:15,521 [WARN] PackLoader:240 - Cannot read IP mode file for STMicroelectronics.X-CUBE-ALS.1.0.2
2024-11-15 20:58:15,544 [WARN] PackLoader:240 - Cannot read IP mode file for STMicroelectronics.X-CUBE-AZRTOS-H7RS.1.0.0
2024-11-15 20:58:15,557 [WARN] PackLoader:240 - Cannot read IP mode file for STMicroelectronics.FP-ATR-ASTRA1.2.0.0
2024-11-15 20:58:15,559 [INFO] ThirdParty:978 - Integrity check success = true
2024-11-15 20:58:15,559 [INFO] IntegrityCheckThread:100 - exiting critical section [integrity check]
2024-11-15 20:58:15,560 [INFO] IntegrityCheckThread:103 - End integrity checks thread
2024-11-15 22:02:24,353 [ERROR] LogOutputStream:75 - [STDERR_REDIRECT] 
