2024-11-19 10:48:38,360 [INFO] Activator:176 - 


2024-11-19 10:48:38,370 [INFO] Activator:177 - !SESSION log4j initialized
2024-11-19 10:48:46,758 [INFO] LogOutputStream:77 - [STDOUT_REDIRECT] 
2024-11-19 10:48:51,108 [INFO] ApplicationProperties:184 - Using Application install path: D:\ST\STM32CubeIDE_1.16.1\STM32CubeIDE\plugins\com.st.stm32cube.common.mx_6.12.1.202409122256
2024-11-19 10:48:51,154 [INFO] DbMcusXml:78 - Set database path to: D:\ST\STM32CubeIDE_1.16.1\STM32CubeIDE\plugins\com.st.stm32cube.common.mx_6.12.1.202409122256\\db\/mcu/
2024-11-19 10:48:51,154 [INFO] ApiDb:274 - Set plugin database path to: D:\ST\STM32CubeIDE_1.16.1\STM32CubeIDE\plugins\com.st.stm32cube.common.mx_6.12.1.202409122256\\db\/plugins/boardmanager/
2024-11-19 10:48:51,155 [WARN] ApiDb:259 - Overriding images path with different value:  => D:\ST\STM32CubeIDE_1.16.1\STM32CubeIDE\plugins\com.st.stm32cube.common.mx_6.12.1.202409122256\\db\/plugins/mcufinder/images/
2024-11-19 10:48:51,232 [INFO] ApiDb:250 - Set database path to: C:\Users\Administrator\.stmcufinder\plugins\mcufinder//mcu/
2024-11-19 10:48:51,233 [INFO] DbMcusAds:125 - Set database path to: C:\Users\Administrator\.stmcufinder\plugins\mcufinder//mcu/
2024-11-19 10:48:51,235 [INFO] CrossReferenceDbSqlite:203 - Set database path to: C:\Users\Administrator\.stmcufinder\plugins\mcufinder//mcu/cs/
2024-11-19 10:48:51,362 [INFO] RulesReader:64 - Compatibility file has been processed (297 Rules)
2024-11-19 10:48:51,543 [INFO] DbMcusXml:78 - Set database path to: D:\ST\STM32CubeIDE_1.16.1\STM32CubeIDE\plugins\com.st.stm32cube.common.mx_6.12.1.202409122256\\db\/mcu/
2024-11-19 10:48:51,543 [INFO] ApiDb:274 - Set plugin database path to: D:\ST\STM32CubeIDE_1.16.1\STM32CubeIDE\plugins\com.st.stm32cube.common.mx_6.12.1.202409122256\\db\/plugins/boardmanager/
2024-11-19 10:48:51,544 [INFO] ApiDb:261 - Set plugin images path to: D:\ST\STM32CubeIDE_1.16.1\STM32CubeIDE\plugins\com.st.stm32cube.common.mx_6.12.1.202409122256\\db\/plugins/mcufinder/images/
2024-11-19 10:48:51,544 [WARN] DbFile:41 - Overriding database path with different value: C:\Users\Administrator\.stmcufinder\plugins\mcufinder/ => C:\Users\Administrator\.stmcufinder\plugins\mcufinder
2024-11-19 10:48:51,544 [INFO] ApiDb:250 - Set database path to: C:\Users\Administrator\.stmcufinder\plugins\mcufinder//mcu/
2024-11-19 10:48:51,544 [WARN] DbFile:41 - Overriding database path with different value: C:\Users\Administrator\.stmcufinder\plugins\mcufinder/ => C:\Users\Administrator\.stmcufinder\plugins\mcufinder
2024-11-19 10:48:51,544 [INFO] DbMcusAds:125 - Set database path to: C:\Users\Administrator\.stmcufinder\plugins\mcufinder//mcu/
2024-11-19 10:48:51,544 [WARN] DbFile:41 - Overriding database path with different value: C:\Users\Administrator\.stmcufinder\plugins\mcufinder/ => C:\Users\Administrator\.stmcufinder\plugins\mcufinder
2024-11-19 10:48:51,544 [WARN] DbFile:41 - Overriding database path with different value: C:\Users\Administrator\.stmcufinder\plugins\mcufinder/ => C:\Users\Administrator\.stmcufinder\plugins\mcufinder
2024-11-19 10:48:51,544 [INFO] CrossReferenceDbSqlite:203 - Set database path to: C:\Users\Administrator\.stmcufinder\plugins\mcufinder//mcu/cs/
2024-11-19 10:48:51,666 [INFO] MainPanel:268 - HeapMemory: 268435456
2024-11-19 10:48:51,861 [INFO] DbMcusXml:78 - Set database path to: D:\ST\STM32CubeIDE_1.16.1\STM32CubeIDE\plugins\com.st.stm32cube.common.mx_6.12.1.202409122256\\db\/mcu/
2024-11-19 10:48:51,861 [INFO] ApiDb:274 - Set plugin database path to: D:\ST\STM32CubeIDE_1.16.1\STM32CubeIDE\plugins\com.st.stm32cube.common.mx_6.12.1.202409122256\\db\/plugins/boardmanager/
2024-11-19 10:48:51,861 [INFO] ApiDb:261 - Set plugin images path to: D:\ST\STM32CubeIDE_1.16.1\STM32CubeIDE\plugins\com.st.stm32cube.common.mx_6.12.1.202409122256\\db\/plugins/mcufinder/images/
2024-11-19 10:48:51,861 [WARN] DbFile:41 - Overriding database path with different value: C:\Users\Administrator\.stmcufinder\plugins\mcufinder/ => C:\Users\Administrator\.stmcufinder\plugins\mcufinder
2024-11-19 10:48:51,861 [INFO] ApiDb:250 - Set database path to: C:\Users\Administrator\.stmcufinder\plugins\mcufinder//mcu/
2024-11-19 10:48:51,861 [WARN] DbFile:41 - Overriding database path with different value: C:\Users\Administrator\.stmcufinder\plugins\mcufinder/ => C:\Users\Administrator\.stmcufinder\plugins\mcufinder
2024-11-19 10:48:51,862 [INFO] DbMcusAds:125 - Set database path to: C:\Users\Administrator\.stmcufinder\plugins\mcufinder//mcu/
2024-11-19 10:48:51,862 [WARN] DbFile:41 - Overriding database path with different value: C:\Users\Administrator\.stmcufinder\plugins\mcufinder/ => C:\Users\Administrator\.stmcufinder\plugins\mcufinder
2024-11-19 10:48:51,862 [WARN] DbFile:41 - Overriding database path with different value: C:\Users\Administrator\.stmcufinder\plugins\mcufinder/ => C:\Users\Administrator\.stmcufinder\plugins\mcufinder
2024-11-19 10:48:51,862 [INFO] CrossReferenceDbSqlite:203 - Set database path to: C:\Users\Administrator\.stmcufinder\plugins\mcufinder//mcu/cs/
2024-11-19 10:48:51,902 [INFO] ApplicationProperties:184 - Using Application install path: D:\ST\STM32CubeIDE_1.16.1\STM32CubeIDE\plugins\com.st.stm32cube.common.mx_6.12.1.202409122256
2024-11-19 10:48:51,904 [INFO] PluginManage:196 - Search for loadable plugins [exclusion list=, ]
2024-11-19 10:48:51,906 [INFO] PluginManage:310 - Check plugin analytics
2024-11-19 10:48:52,140 [INFO] AnalyticsPlugin:253 - Accepted Software Licenses: 
2024-11-19 10:48:52,141 [INFO] AnalyticsPlugin:255 - Accepted CMSIS Pack Licenses: 
2024-11-19 10:48:52,141 [INFO] AnalyticsPlugin:257 - Accepted Firmware Licenses: 
2024-11-19 10:48:52,142 [INFO] PluginManage:359 - Loaded plugin analytics (category:tool,tabindex:-1)
2024-11-19 10:48:52,143 [INFO] PluginManage:310 - Check plugin cadmodel
2024-11-19 10:48:52,172 [INFO] CADModel:105 - Init CAD model plugin
2024-11-19 10:48:52,172 [INFO] PluginManage:359 - Loaded plugin cadmodel (category:power,tabindex:5)
2024-11-19 10:48:52,172 [INFO] PluginManage:310 - Check plugin clock
2024-11-19 10:48:52,209 [INFO] PluginManage:359 - Loaded plugin clock (category:base,tabindex:2)
2024-11-19 10:48:52,209 [INFO] PluginManage:310 - Check plugin ddr
2024-11-19 10:48:52,237 [INFO] PluginManage:359 - Loaded plugin ddr (category:tool,tabindex:6)
2024-11-19 10:48:52,237 [INFO] PluginManage:310 - Check plugin filemanager
2024-11-19 10:48:52,549 [INFO] PluginManage:359 - Loaded plugin filemanager (category:base,tabindex:10)
2024-11-19 10:48:52,550 [INFO] PluginManage:310 - Check plugin ipmanager
2024-11-19 10:48:52,568 [INFO] PluginManage:359 - Loaded plugin ipmanager (category:base,tabindex:5)
2024-11-19 10:48:52,568 [INFO] PluginManage:310 - Check plugin lpbam
2024-11-19 10:48:52,584 [INFO] PluginManage:359 - Loaded plugin lpbam (category:base,tabindex:0)
2024-11-19 10:48:52,584 [INFO] PluginManage:310 - Check plugin memorymap
2024-11-19 10:48:52,612 [INFO] PluginManage:359 - Loaded plugin memorymap (category:base,tabindex:4)
2024-11-19 10:48:52,612 [INFO] PluginManage:310 - Check plugin pinoutandconfiguration
2024-11-19 10:48:52,630 [INFO] PluginManage:359 - Loaded plugin pinoutandconfiguration (category:base,tabindex:1)
2024-11-19 10:48:52,630 [INFO] PluginManage:310 - Check plugin pinoutconfig
2024-11-19 10:48:52,769 [WARN] SupportedApi:132 - Cannot load RTOS API schema: s4s-elt-must-match.1: The content of 'definitions' must match (annotation?, (simpleType | complexType)?, (unique | key | keyref)*)). A problem was found starting at: attribute.
2024-11-19 10:48:53,029 [INFO] PluginManage:359 - Loaded plugin pinoutconfig (category:base,tabindex:0)
2024-11-19 10:48:53,029 [INFO] PluginManage:310 - Check plugin power
2024-11-19 10:48:53,059 [INFO] PluginManage:359 - Loaded plugin power (category:power,tabindex:4)
2024-11-19 10:48:53,059 [INFO] PluginManage:310 - Check plugin projectmanager
2024-11-19 10:48:53,084 [INFO] PluginManage:359 - Loaded plugin projectmanager (category:projectmanager,tabindex:4)
2024-11-19 10:48:53,084 [INFO] PluginManage:310 - Check plugin rif
2024-11-19 10:48:53,115 [INFO] PluginManage:359 - Loaded plugin rif (category:base,tabindex:3)
2024-11-19 10:48:53,115 [INFO] PluginManage:310 - Check plugin thirdparty
2024-11-19 10:48:53,365 [INFO] PluginManage:359 - Loaded plugin thirdparty (category:base,tabindex:-1)
2024-11-19 10:48:53,365 [WARN] IntegrityCheckThread:84 - waiting for thirdparty lock release [integrity check]
2024-11-19 10:48:53,365 [INFO] PluginManage:310 - Check plugin tools
2024-11-19 10:48:53,365 [INFO] IntegrityCheckThread:86 - entering critical section [integrity check]
2024-11-19 10:48:53,366 [INFO] ThirdPartyUpdaterWithRetryManager:70 - Updater plugin not ready yet. [1/15]
2024-11-19 10:48:53,369 [INFO] PluginManage:359 - Loaded plugin tools (category:base,tabindex:7)
2024-11-19 10:48:53,369 [INFO] PluginManage:310 - Check plugin tutovideos
2024-11-19 10:48:53,656 [INFO] PluginManage:359 - Loaded plugin tutovideos (category:base,tabindex:-1)
2024-11-19 10:48:53,656 [INFO] PluginManage:310 - Check plugin updater
2024-11-19 10:48:53,702 [INFO] PluginManage:359 - Loaded plugin updater (category:base,tabindex:12)
2024-11-19 10:48:53,702 [INFO] PluginManage:310 - Check plugin userauth
2024-11-19 10:48:53,722 [INFO] UserAuth:113 - Init User Auth plugin
2024-11-19 10:48:53,722 [INFO] PluginManage:359 - Loaded plugin userauth (category:base,tabindex:14)
2024-11-19 10:48:53,722 [INFO] PluginManage:283 - PluginManage : Loaded plugins [18]
2024-11-19 10:48:54,104 [INFO] PinOutPanel:1561 - setPackage(No Configuration,No Configuration)
2024-11-19 10:48:54,213 [INFO] CADModel:165 - CPN selected for project level
2024-11-19 10:48:54,213 [INFO] CADModel:114 - Register for checkConnection events
2024-11-19 10:48:54,253 [INFO] IPUIPlugin:80 - create IPUIPlugin
2024-11-19 10:48:54,253 [INFO] PluginManager:220 - loadIPPluginJar : add adc
2024-11-19 10:48:54,255 [INFO] IPUIPlugin:80 - create IPUIPlugin
2024-11-19 10:48:54,255 [INFO] PluginManager:220 - loadIPPluginJar : add aes
2024-11-19 10:48:54,257 [INFO] IPUIPlugin:80 - create IPUIPlugin
2024-11-19 10:48:54,258 [INFO] PluginManager:220 - loadIPPluginJar : add can
2024-11-19 10:48:54,259 [INFO] IPUIPlugin:80 - create IPUIPlugin
2024-11-19 10:48:54,259 [INFO] PluginManager:220 - loadIPPluginJar : add comp
2024-11-19 10:48:54,260 [INFO] IPUIPlugin:80 - create IPUIPlugin
2024-11-19 10:48:54,261 [INFO] PluginManager:220 - loadIPPluginJar : add cryp
2024-11-19 10:48:54,269 [INFO] IPUIPlugin:80 - create IPUIPlugin
2024-11-19 10:48:54,269 [INFO] PluginManager:220 - loadIPPluginJar : add ddr_ctrl_phy
2024-11-19 10:48:54,272 [INFO] IPUIPlugin:80 - create IPUIPlugin
2024-11-19 10:48:54,272 [INFO] PluginManager:220 - loadIPPluginJar : add dfsdm
2024-11-19 10:48:54,276 [INFO] IPUIPlugin:80 - create IPUIPlugin
2024-11-19 10:48:54,276 [INFO] PluginManager:220 - loadIPPluginJar : add dma
2024-11-19 10:48:54,279 [INFO] IPUIPlugin:80 - create IPUIPlugin
2024-11-19 10:48:54,279 [INFO] PluginManager:220 - loadIPPluginJar : add dma3
2024-11-19 10:48:54,299 [INFO] IPUIPlugin:80 - create IPUIPlugin
2024-11-19 10:48:54,299 [INFO] PluginManager:220 - loadIPPluginJar : add extmemmanager
2024-11-19 10:48:54,300 [INFO] IPUIPlugin:80 - create IPUIPlugin
2024-11-19 10:48:54,300 [INFO] PluginManager:220 - loadIPPluginJar : add fatfs
2024-11-19 10:48:54,305 [INFO] IPUIPlugin:80 - create IPUIPlugin
2024-11-19 10:48:54,305 [INFO] PluginManager:220 - loadIPPluginJar : add fmc
2024-11-19 10:48:54,310 [INFO] IPUIPlugin:80 - create IPUIPlugin
2024-11-19 10:48:54,310 [INFO] PluginManager:220 - loadIPPluginJar : add freertos
2024-11-19 10:48:54,311 [INFO] IPUIPlugin:80 - create IPUIPlugin
2024-11-19 10:48:54,311 [INFO] PluginManager:220 - loadIPPluginJar : add genericplugin
2024-11-19 10:48:54,313 [INFO] IPUIPlugin:80 - create IPUIPlugin
2024-11-19 10:48:54,313 [INFO] PluginManager:220 - loadIPPluginJar : add gfxmmu
2024-11-19 10:48:54,317 [INFO] IPUIPlugin:80 - create IPUIPlugin
2024-11-19 10:48:54,317 [INFO] PluginManager:220 - loadIPPluginJar : add gic
2024-11-19 10:48:54,321 [INFO] IPUIPlugin:80 - create IPUIPlugin
2024-11-19 10:48:54,321 [INFO] PluginManager:220 - loadIPPluginJar : add gpio
2024-11-19 10:48:54,323 [INFO] IPUIPlugin:80 - create IPUIPlugin
2024-11-19 10:48:54,323 [INFO] PluginManager:220 - loadIPPluginJar : add gtzc
2024-11-19 10:48:54,325 [INFO] IPUIPlugin:80 - create IPUIPlugin
2024-11-19 10:48:54,325 [INFO] PluginManager:220 - loadIPPluginJar : add hash
2024-11-19 10:48:54,329 [INFO] IPUIPlugin:80 - create IPUIPlugin
2024-11-19 10:48:54,329 [INFO] PluginManager:220 - loadIPPluginJar : add i2c
2024-11-19 10:48:54,332 [INFO] IPUIPlugin:80 - create IPUIPlugin
2024-11-19 10:48:54,332 [INFO] PluginManager:220 - loadIPPluginJar : add i2s
2024-11-19 10:48:54,334 [INFO] IPUIPlugin:80 - create IPUIPlugin
2024-11-19 10:48:54,334 [INFO] PluginManager:220 - loadIPPluginJar : add i3c
2024-11-19 10:48:54,336 [INFO] IPUIPlugin:80 - create IPUIPlugin
2024-11-19 10:48:54,336 [INFO] PluginManager:220 - loadIPPluginJar : add ipddr
2024-11-19 10:48:54,358 [INFO] IPUIPlugin:80 - create IPUIPlugin
2024-11-19 10:48:54,359 [INFO] PluginManager:220 - loadIPPluginJar : add linkedlist
2024-11-19 10:48:54,361 [INFO] IPUIPlugin:80 - create IPUIPlugin
2024-11-19 10:48:54,361 [INFO] PluginManager:220 - loadIPPluginJar : add lorawan
2024-11-19 10:48:54,363 [INFO] IPUIPlugin:80 - create IPUIPlugin
2024-11-19 10:48:54,363 [INFO] PluginManager:220 - loadIPPluginJar : add ltdc
2024-11-19 10:48:54,366 [INFO] IPUIPlugin:80 - create IPUIPlugin
2024-11-19 10:48:54,367 [INFO] PluginManager:220 - loadIPPluginJar : add mdma
2024-11-19 10:48:54,372 [INFO] IPUIPlugin:80 - create IPUIPlugin
2024-11-19 10:48:54,372 [INFO] PluginManager:220 - loadIPPluginJar : add nvic
2024-11-19 10:48:54,375 [INFO] IPUIPlugin:80 - create IPUIPlugin
2024-11-19 10:48:54,375 [INFO] PluginManager:220 - loadIPPluginJar : add opamp
2024-11-19 10:48:54,381 [INFO] IPUIPlugin:80 - create IPUIPlugin
2024-11-19 10:48:54,381 [INFO] PluginManager:220 - loadIPPluginJar : add openamp
2024-11-19 10:48:54,386 [INFO] IPUIPlugin:80 - create IPUIPlugin
2024-11-19 10:48:54,386 [INFO] PluginManager:220 - loadIPPluginJar : add pdm2pcm
2024-11-19 10:48:54,392 [INFO] IPUIPlugin:80 - create IPUIPlugin
2024-11-19 10:48:54,393 [INFO] PluginManager:220 - loadIPPluginJar : add plateformsettings
2024-11-19 10:48:54,395 [INFO] IPUIPlugin:80 - create IPUIPlugin
2024-11-19 10:48:54,395 [INFO] PluginManager:220 - loadIPPluginJar : add quadspi
2024-11-19 10:48:54,396 [INFO] IPUIPlugin:80 - create IPUIPlugin
2024-11-19 10:48:54,396 [INFO] PluginManager:220 - loadIPPluginJar : add radio
2024-11-19 10:48:54,402 [INFO] IPUIPlugin:80 - create IPUIPlugin
2024-11-19 10:48:54,402 [INFO] PluginManager:220 - loadIPPluginJar : add resmgrutility
2024-11-19 10:48:54,406 [INFO] IPUIPlugin:80 - create IPUIPlugin
2024-11-19 10:48:54,406 [INFO] PluginManager:220 - loadIPPluginJar : add sai
2024-11-19 10:48:54,408 [INFO] IPUIPlugin:80 - create IPUIPlugin
2024-11-19 10:48:54,408 [INFO] PluginManager:220 - loadIPPluginJar : add spi
2024-11-19 10:48:54,411 [INFO] IPUIPlugin:80 - create IPUIPlugin
2024-11-19 10:48:54,411 [INFO] PluginManager:220 - loadIPPluginJar : add stm32_wpan
2024-11-19 10:48:54,415 [INFO] IPUIPlugin:80 - create IPUIPlugin
2024-11-19 10:48:54,415 [INFO] PluginManager:220 - loadIPPluginJar : add tim
2024-11-19 10:48:54,417 [INFO] IPUIPlugin:80 - create IPUIPlugin
2024-11-19 10:48:54,417 [INFO] PluginManager:220 - loadIPPluginJar : add touchsensing
2024-11-19 10:48:54,418 [INFO] IPUIPlugin:80 - create IPUIPlugin
2024-11-19 10:48:54,418 [INFO] PluginManager:220 - loadIPPluginJar : add tracer_emb
2024-11-19 10:48:54,420 [INFO] IPUIPlugin:80 - create IPUIPlugin
2024-11-19 10:48:54,420 [INFO] PluginManager:220 - loadIPPluginJar : add ts
2024-11-19 10:48:54,421 [INFO] IPUIPlugin:80 - create IPUIPlugin
2024-11-19 10:48:54,421 [INFO] PluginManager:220 - loadIPPluginJar : add tsc
2024-11-19 10:48:54,422 [INFO] IPUIPlugin:80 - create IPUIPlugin
2024-11-19 10:48:54,422 [INFO] PluginManager:220 - loadIPPluginJar : add ucpd
2024-11-19 10:48:54,424 [INFO] IPUIPlugin:80 - create IPUIPlugin
2024-11-19 10:48:54,425 [INFO] PluginManager:220 - loadIPPluginJar : add usart
2024-11-19 10:48:54,427 [INFO] IPUIPlugin:80 - create IPUIPlugin
2024-11-19 10:48:54,427 [INFO] PluginManager:220 - loadIPPluginJar : add usbx
2024-11-19 10:48:54,547 [INFO] CADModel:165 - CPN selected for project level
2024-11-19 10:48:54,549 [INFO] CADModel:114 - Register for checkConnection events
2024-11-19 10:48:54,550 [FATAL] Updater:334 - Updater called before beeing initialized
2024-11-19 10:48:54,550 [ERROR] CADModel:125 - Updater not yet initialized, retry later 
2024-11-19 10:48:54,800 [INFO] CADModel:165 - CPN selected for project level
2024-11-19 10:48:54,800 [INFO] CADModel:114 - Register for checkConnection events
2024-11-19 10:48:54,800 [FATAL] Updater:334 - Updater called before beeing initialized
2024-11-19 10:48:54,800 [ERROR] CADModel:125 - Updater not yet initialized, retry later 
2024-11-19 10:48:54,802 [FATAL] Updater:334 - Updater called before beeing initialized
2024-11-19 10:48:54,926 [FATAL] Updater:334 - Updater called before beeing initialized
2024-11-19 10:48:54,949 [INFO] DbMcusAds:53 - JSON generation date=Fri Sep 20 21:04:38 CST 2024 (1726837478367)
2024-11-19 10:48:54,949 [FATAL] Updater:334 - Updater called before beeing initialized
2024-11-19 10:48:55,047 [WARN] DetailPanel:346 - Failed to get advertising image, set to default
2024-11-19 10:48:55,118 [FATAL] Updater:334 - Updater called before beeing initialized
2024-11-19 10:48:55,119 [FATAL] Updater:334 - Updater called before beeing initialized
2024-11-19 10:48:55,119 [FATAL] Updater:334 - Updater called before beeing initialized
2024-11-19 10:48:55,120 [WARN] DetailPanel:346 - Failed to get advertising image, set to default
2024-11-19 10:48:55,120 [FATAL] Updater:334 - Updater called before beeing initialized
2024-11-19 10:48:55,234 [ERROR] Updater:1164 - MainUpdater not yet initialized. External WinMGr cannot be set.
2024-11-19 10:48:55,237 [INFO] Updater:1100 - Updater Version found : 6.12.1
2024-11-19 10:48:55,261 [INFO] ApplicationProperties:184 - Using Application install path: D:\ST\STM32CubeIDE_1.16.1\STM32CubeIDE\plugins\com.st.stm32cube.common.mx_6.12.1.202409122256
2024-11-19 10:48:55,745 [INFO] MainUpdater:2873 - connection check result : 10
2024-11-19 10:48:55,745 [INFO] MainUpdater:290 - Updater Check For Update Now.
2024-11-19 10:48:55,746 [INFO] MicroXplorer:498 - Change Database Version : DB.6.0.121
2024-11-19 10:48:55,763 [INFO] McuFinderGlobals:63 - Set McuFinder mode to 2 (CubeIDE integrated)
2024-11-19 10:48:55,775 [INFO] UserAuth:417 - Internet connection configuration mode: 1
2024-11-19 10:48:55,884 [INFO] JxBrowserEngine:152 - Initiate JxBrowser Engine with user profile folder
2024-11-19 10:48:56,167 [INFO] CheckServerUpdateThread:120 - End of CheckServer Thread
2024-11-19 10:48:56,609 [WARN] PackLoader:240 - Cannot read IP mode file for STMicroelectronics.FP-SNS-MOTENVWB1.1.4.0
2024-11-19 10:48:56,616 [WARN] PackLoader:240 - Cannot read IP mode file for STMicroelectronics.FP-ATR-ASTRA1.2.0.1
2024-11-19 10:48:56,621 [WARN] PackLoader:240 - Cannot read IP mode file for STMicroelectronics.X-CUBE-SMBUS.2.1.0
2024-11-19 10:48:56,639 [WARN] PackLoader:240 - Cannot read IP mode file for STMicroelectronics.X-CUBE-AZRTOS-F7.1.1.0
2024-11-19 10:48:56,647 [WARN] PackLoader:240 - Cannot read IP mode file for STMicroelectronics.FP-SNS-FLIGHT1.5.0.2
2024-11-19 10:48:56,654 [WARN] PackLoader:240 - Cannot read IP mode file for STMicroelectronics.X-CUBE-DISPLAY.3.0.0
2024-11-19 10:48:56,665 [WARN] PackLoader:240 - Cannot read IP mode file for STMicroelectronics.X-CUBE-BLE1.7.0.0
2024-11-19 10:48:56,670 [WARN] PackLoader:240 - Cannot read IP mode file for emotas.I-CUBE-CANOPEN.1.3.0
2024-11-19 10:48:56,677 [WARN] PackLoader:240 - Cannot read IP mode file for STMicroelectronics.X-CUBE-BLEMGR.3.1.0
2024-11-19 10:48:56,685 [WARN] PackLoader:240 - Cannot read IP mode file for STMicroelectronics.FP-SNS-SMARTAG2.1.2.0
2024-11-19 10:48:56,694 [INFO] LogOutputStream:77 - [STDOUT_REDIRECT] 1 : Invalid condition id : UX_CORESTACK_Condition cause : null
2024-11-19 10:48:56,695 [INFO] LogOutputStream:77 - [STDOUT_REDIRECT] 1 : Invalid condition id : UX_CORESTACK_Condition cause : null
2024-11-19 10:48:56,696 [INFO] LogOutputStream:77 - [STDOUT_REDIRECT] 1 : Invalid condition id : UX_CORESTACK_Condition cause : null
2024-11-19 10:48:56,697 [INFO] LogOutputStream:77 - [STDOUT_REDIRECT] 1 : Invalid condition id : UX_CORESTACK_Condition cause : null
2024-11-19 10:48:56,698 [INFO] LogOutputStream:77 - [STDOUT_REDIRECT] 1 : Invalid condition id : UX_CORESTACK_Condition cause : null
2024-11-19 10:48:56,701 [WARN] PackLoader:240 - Cannot read IP mode file for STMicroelectronics.X-CUBE-AZRTOS-WL.2.0.0
2024-11-19 10:48:56,706 [WARN] PackLoader:240 - Cannot read IP mode file for STMicroelectronics.FP-SNS-MOTENV1.5.0.0
2024-11-19 10:48:56,712 [WARN] PackLoader:240 - Cannot read IP mode file for wolfSSL.I-CUBE-wolfMQTT.1.19.0
2024-11-19 10:48:56,717 [WARN] PackLoader:240 - Cannot read IP mode file for STMicroelectronics.X-CUBE-BLE2.3.3.0
2024-11-19 10:48:56,723 [WARN] PackLoader:240 - Cannot read IP mode file for STMicroelectronics.X-CUBE-TCPP.4.1.0
2024-11-19 10:48:56,743 [WARN] PackLoader:240 - Cannot read IP mode file for STMicroelectronics.X-CUBE-AZRTOS-G0.1.1.0
2024-11-19 10:48:56,757 [WARN] PackLoader:240 - Cannot read IP mode file for STMicroelectronics.X-CUBE-SAFEA1.1.2.2
2024-11-19 10:48:56,765 [WARN] PackLoader:240 - Cannot read IP mode file for STMicroelectronics.X-CUBE-NFC4.3.0.0
2024-11-19 10:48:56,798 [WARN] PackLoader:240 - Cannot read IP mode file for EmbeddedOffice.I-CUBE-FS-RTOS.1.0.1
2024-11-19 10:48:56,798 [ERROR] ConditionMgr:805 - Attr not supported : Dmpu
2024-11-19 10:48:56,799 [ERROR] ConditionMgr:805 - Attr not supported : Dmpu
2024-11-19 10:48:56,799 [ERROR] ConditionMgr:805 - Attr not supported : Dmpu
2024-11-19 10:48:56,799 [ERROR] ConditionMgr:805 - Attr not supported : Dmpu
2024-11-19 10:48:56,799 [ERROR] ConditionMgr:805 - Attr not supported : Dmpu
2024-11-19 10:48:56,799 [ERROR] ConditionMgr:805 - Attr not supported : Dmpu
2024-11-19 10:48:56,799 [ERROR] ConditionMgr:805 - Attr not supported : Dmpu
2024-11-19 10:48:56,799 [ERROR] ConditionMgr:805 - Attr not supported : Dmpu
2024-11-19 10:48:56,799 [ERROR] ConditionMgr:805 - Attr not supported : Dmpu
2024-11-19 10:48:56,799 [ERROR] ConditionMgr:805 - Attr not supported : Dmpu
2024-11-19 10:48:56,799 [ERROR] ConditionMgr:805 - Attr not supported : Dmpu
2024-11-19 10:48:56,799 [ERROR] ConditionMgr:805 - Attr not supported : Dmpu
2024-11-19 10:48:56,799 [ERROR] ConditionMgr:805 - Attr not supported : Dmpu
2024-11-19 10:48:56,799 [ERROR] ConditionMgr:805 - Attr not supported : Dmpu
2024-11-19 10:48:56,799 [ERROR] ConditionMgr:805 - Attr not supported : Dmpu
2024-11-19 10:48:56,799 [ERROR] ConditionMgr:805 - Attr not supported : Dmpu
2024-11-19 10:48:56,799 [ERROR] ConditionMgr:805 - Attr not supported : Dmpu
2024-11-19 10:48:56,799 [ERROR] ConditionMgr:805 - Attr not supported : Dmpu
2024-11-19 10:48:56,799 [ERROR] ConditionMgr:805 - Attr not supported : Dmpu
2024-11-19 10:48:56,799 [ERROR] ConditionMgr:805 - Attr not supported : Dmpu
2024-11-19 10:48:56,799 [ERROR] ConditionMgr:805 - Attr not supported : Dmpu
2024-11-19 10:48:56,800 [ERROR] ConditionMgr:805 - Attr not supported : Dmpu
2024-11-19 10:48:56,800 [ERROR] ConditionMgr:805 - Attr not supported : Dmpu
2024-11-19 10:48:56,800 [ERROR] ConditionMgr:805 - Attr not supported : Dmpu
2024-11-19 10:48:56,800 [ERROR] ConditionMgr:805 - Attr not supported : Dmpu
2024-11-19 10:48:56,800 [ERROR] ConditionMgr:805 - Attr not supported : Dmpu
2024-11-19 10:48:56,800 [ERROR] ConditionMgr:805 - Attr not supported : Dmpu
2024-11-19 10:48:56,800 [ERROR] ConditionMgr:805 - Attr not supported : Dmpu
2024-11-19 10:48:56,800 [ERROR] ConditionMgr:805 - Attr not supported : Dmpu
2024-11-19 10:48:56,800 [ERROR] ConditionMgr:805 - Attr not supported : Dmpu
2024-11-19 10:48:56,800 [ERROR] ConditionMgr:805 - Attr not supported : Dmpu
2024-11-19 10:48:56,800 [ERROR] ConditionMgr:805 - Attr not supported : Dmpu
2024-11-19 10:48:56,800 [ERROR] ConditionMgr:805 - Attr not supported : Dmpu
2024-11-19 10:48:56,800 [ERROR] ConditionMgr:805 - Attr not supported : Dmpu
2024-11-19 10:48:56,800 [ERROR] ConditionMgr:805 - Attr not supported : Dmpu
2024-11-19 10:48:56,800 [ERROR] ConditionMgr:805 - Attr not supported : Dmpu
2024-11-19 10:48:56,800 [ERROR] ConditionMgr:805 - Attr not supported : Dmpu
2024-11-19 10:48:56,801 [ERROR] ConditionMgr:805 - Attr not supported : Dmpu
2024-11-19 10:48:56,801 [ERROR] ConditionMgr:805 - Attr not supported : Dmpu
2024-11-19 10:48:56,801 [ERROR] ConditionMgr:805 - Attr not supported : Dmpu
2024-11-19 10:48:56,801 [ERROR] ConditionMgr:805 - Attr not supported : Dmpu
2024-11-19 10:48:56,801 [ERROR] ConditionMgr:805 - Attr not supported : Dmpu
2024-11-19 10:48:56,801 [ERROR] ConditionMgr:805 - Attr not supported : Dmpu
2024-11-19 10:48:56,801 [ERROR] ConditionMgr:805 - Attr not supported : Dmpu
2024-11-19 10:48:56,801 [ERROR] ConditionMgr:805 - Attr not supported : Dmpu
2024-11-19 10:48:56,801 [ERROR] ConditionMgr:805 - Attr not supported : Dmpu
2024-11-19 10:48:56,801 [ERROR] ConditionMgr:805 - Attr not supported : Dmpu
2024-11-19 10:48:56,801 [ERROR] ConditionMgr:805 - Attr not supported : Dmpu
2024-11-19 10:48:56,801 [ERROR] ConditionMgr:805 - Attr not supported : Dmpu
2024-11-19 10:48:56,801 [ERROR] ConditionMgr:805 - Attr not supported : Dmpu
2024-11-19 10:48:56,801 [ERROR] ConditionMgr:805 - Attr not supported : Dmpu
2024-11-19 10:48:56,801 [ERROR] ConditionMgr:805 - Attr not supported : Dmpu
2024-11-19 10:48:56,801 [ERROR] ConditionMgr:805 - Attr not supported : Dmpu
2024-11-19 10:48:56,801 [ERROR] ConditionMgr:805 - Attr not supported : Dmpu
2024-11-19 10:48:56,801 [ERROR] ConditionMgr:805 - Attr not supported : Dmpu
2024-11-19 10:48:56,801 [ERROR] ConditionMgr:805 - Attr not supported : Dmpu
2024-11-19 10:48:56,802 [ERROR] ConditionMgr:805 - Attr not supported : Dmpu
2024-11-19 10:48:56,802 [ERROR] ConditionMgr:805 - Attr not supported : Dmpu
2024-11-19 10:48:56,802 [ERROR] ConditionMgr:805 - Attr not supported : Dmpu
2024-11-19 10:48:56,802 [ERROR] ConditionMgr:805 - Attr not supported : Dmpu
2024-11-19 10:48:56,802 [ERROR] ConditionMgr:805 - Attr not supported : Dmpu
2024-11-19 10:48:56,802 [ERROR] ConditionMgr:805 - Attr not supported : Dmpu
2024-11-19 10:48:56,802 [ERROR] ConditionMgr:805 - Attr not supported : Dmpu
2024-11-19 10:48:56,802 [ERROR] ConditionMgr:805 - Attr not supported : Dmpu
2024-11-19 10:48:56,810 [WARN] PackLoader:240 - Cannot read IP mode file for RealThread.X-CUBE-RT-Thread_Nano.4.1.1
2024-11-19 10:48:56,822 [WARN] PackLoader:240 - Cannot read IP mode file for STMicroelectronics.FP-ATR-SIGFOX1.3.2.0
2024-11-19 10:48:56,829 [WARN] ConditionMgr:438 - getConditionDescription Invalid condition id : Cortex-A Device cause : null
2024-11-19 10:48:56,887 [WARN] ConditionMgr:1039 - genDependencies : Invalid condition id : Cortex-A Device cause : null
2024-11-19 10:48:56,887 [WARN] ConditionMgr:1039 - genDependencies : Invalid condition id : Cortex-A Device cause : null
2024-11-19 10:48:56,887 [WARN] ConditionMgr:1039 - genDependencies : Invalid condition id : Cortex-A Device cause : null
2024-11-19 10:48:56,897 [WARN] PackLoader:240 - Cannot read IP mode file for STMicroelectronics.X-CUBE-EEPRMA1.5.1.0
2024-11-19 10:48:56,908 [WARN] PackLoader:240 - Cannot read IP mode file for ITTIA_DB.I-CUBE-ITTIADB.8.9.0
2024-11-19 10:48:56,945 [WARN] PackLoader:240 - Cannot read IP mode file for SEGGER.I-CUBE-embOS.1.3.1
2024-11-19 10:48:57,029 [WARN] PackLoader:240 - Cannot read IP mode file for STMicroelectronics.X-CUBE-ALGOBUILD.1.4.0
2024-11-19 10:48:57,049 [WARN] PackLoader:240 - Cannot read IP mode file for STMicroelectronics.X-CUBE-AZRTOS-F4.1.1.0
2024-11-19 10:48:57,063 [WARN] PackLoader:240 - Cannot read IP mode file for STMicroelectronics.X-CUBE-FREERTOS.1.2.0
2024-11-19 10:48:57,082 [WARN] PackLoader:240 - Cannot read IP mode file for STMicroelectronics.X-CUBE-AZRTOS-L5.2.0.0
2024-11-19 10:48:57,097 [WARN] PackLoader:240 - Cannot read IP mode file for STMicroelectronics.X-CUBE-NFC6.3.1.0
2024-11-19 10:48:57,110 [WARN] PackLoader:240 - Cannot read IP mode file for STMicroelectronics.X-CUBE-NFC7.1.0.1
2024-11-19 10:48:57,136 [WARN] ConditionMgr:438 - getConditionDescription Invalid condition id : LAN8742 Phy interface Condition cause : null
2024-11-19 10:48:57,137 [WARN] PackLoader:240 - Cannot read IP mode file for STMicroelectronics.X-CUBE-AZRTOS-L4.2.0.0
2024-11-19 10:48:57,142 [WARN] ConditionMgr:1039 - genDependencies : Invalid condition id : LAN8742 Phy interface Condition cause : null
2024-11-19 10:48:57,143 [WARN] ConditionMgr:1039 - genDependencies : Invalid condition id : LAN8742 Phy interface Condition cause : null
2024-11-19 10:48:57,144 [WARN] ConditionMgr:1039 - genDependencies : Invalid condition id : LAN8742 Phy interface Condition cause : null
2024-11-19 10:48:57,157 [WARN] PackLoader:240 - Cannot read IP mode file for STMicroelectronics.X-CUBE-SFXS2LP1.4.0.0
2024-11-19 10:48:57,175 [WARN] ConditionMgr:438 - getConditionDescription Invalid condition id : UX DEVICE CLASS RTOS Condition cause : null
2024-11-19 10:48:57,176 [WARN] ConditionMgr:438 - getConditionDescription Invalid condition id : UX DEVICE CLASS RTOS Condition cause : null
2024-11-19 10:48:57,179 [WARN] PackLoader:240 - Cannot read IP mode file for STMicroelectronics.X-CUBE-AZRTOS-WB.2.0.0
2024-11-19 10:48:57,180 [WARN] ConditionMgr:1039 - genDependencies : Invalid condition id : UX DEVICE CLASS RTOS Condition cause : null
2024-11-19 10:48:57,180 [WARN] ConditionMgr:1039 - genDependencies : Invalid condition id : UX DEVICE CLASS RTOS Condition cause : null
2024-11-19 10:48:57,180 [WARN] ConditionMgr:1039 - genDependencies : Invalid condition id : UX DEVICE CLASS RTOS Condition cause : null
2024-11-19 10:48:57,181 [WARN] ConditionMgr:1039 - genDependencies : Invalid condition id : UX DEVICE CLASS RTOS Condition cause : null
2024-11-19 10:48:57,181 [WARN] ConditionMgr:1039 - genDependencies : Invalid condition id : UX DEVICE CLASS RTOS Condition cause : null
2024-11-19 10:48:57,203 [WARN] PackLoader:240 - Cannot read IP mode file for STMicroelectronics.X-CUBE-SUBG2.5.0.0
2024-11-19 10:48:57,216 [WARN] PackLoader:240 - Cannot read IP mode file for Cesanta.I-CUBE-Mongoose.7.13.0
2024-11-19 10:48:57,232 [WARN] PackLoader:240 - Cannot read IP mode file for STMicroelectronics.X-CUBE-AZRTOS-G4.2.0.0
2024-11-19 10:48:57,240 [WARN] PackLoader:240 - Cannot read IP mode file for STMicroelectronics.X-CUBE-ALS.1.0.2
2024-11-19 10:48:57,247 [WARN] PackLoader:240 - Cannot read IP mode file for wolfSSL.I-CUBE-wolfTPM.3.4.0
2024-11-19 10:48:57,263 [WARN] PackLoader:240 - Cannot read IP mode file for STMicroelectronics.X-CUBE-AZRTOS-H7RS.1.0.0
2024-11-19 10:48:57,269 [WARN] PackLoader:240 - Cannot read IP mode file for STMicroelectronics.FP-ATR-ASTRA1.2.0.0
2024-11-19 10:48:57,289 [WARN] PackLoader:240 - Cannot read IP mode file for Infineon.AIROC-Wi-Fi-Bluetooth-STM32.1.6.1
2024-11-19 10:48:57,300 [WARN] PackLoader:240 - Cannot read IP mode file for wolfSSL.I-CUBE-wolfSSH.1.4.17
2024-11-19 10:48:57,301 [INFO] ThirdParty:978 - Integrity check success = true
2024-11-19 10:48:57,302 [INFO] IntegrityCheckThread:100 - exiting critical section [integrity check]
2024-11-19 10:48:57,302 [INFO] IntegrityCheckThread:103 - End integrity checks thread
2024-11-19 10:48:57,719 [INFO] WebApp:167 - Instantiating new browser for Auth
2024-11-19 10:48:58,817 [INFO] WebApp:448 - Apply proxy settings
2024-11-19 10:48:58,817 [INFO] WebApp:533 - Chromium requires no authentication
2024-11-19 10:48:58,858 [INFO] WebApp:476 - Direct internet connection detected
2024-11-19 10:48:58,887 [INFO] WebApp:869 - Register for checkConnection events
2024-11-19 10:48:58,887 [INFO] WebApp:448 - Apply proxy settings
2024-11-19 10:48:58,888 [INFO] WebApp:533 - Chromium requires no authentication
2024-11-19 10:48:58,888 [INFO] WebApp:476 - Direct internet connection detected
2024-11-19 10:48:59,114 [INFO] WebApp:220 - Starting web application
2024-11-19 10:48:59,115 [INFO] WebApp:578 - Web application path used D:\ST\STM32CubeIDE_1.16.1\STM32CubeIDE\plugins\com.st.stm32cube.common.mx_6.12.1.202409122256\db\plugins\mcufinder\reactClient1\index.html
2024-11-19 10:48:59,229 [INFO] UserAuth:417 - Internet connection configuration mode: 1
2024-11-19 10:52:36,826 [ERROR] AdobePublisher:162 - Exception while opening the connection: java.net.UnknownHostException: stmicroelectronics.d3.sc.omtrdc.net
2024-11-19 10:52:36,827 [ERROR] AdobePublisher:162 - Exception while opening the connection: java.net.UnknownHostException: stmicroelectronics.d3.sc.omtrdc.net
2024-11-19 10:52:36,827 [ERROR] AdobePublisher:162 - Exception while opening the connection: java.net.UnknownHostException: stmicroelectronics.d3.sc.omtrdc.net
2024-11-19 10:52:36,827 [ERROR] AdobePublisher:162 - Exception while opening the connection: java.net.UnknownHostException: stmicroelectronics.d3.sc.omtrdc.net
2024-11-19 10:52:36,827 [ERROR] AdobePublisher:162 - Exception while opening the connection: java.net.UnknownHostException: stmicroelectronics.d3.sc.omtrdc.net
2024-11-19 10:52:37,181 [ERROR] AdobePublisher:162 - Exception while opening the connection: java.net.UnknownHostException: stmicroelectronics.d3.sc.omtrdc.net
2024-11-19 10:52:37,181 [ERROR] AdobePublisher:162 - Exception while opening the connection: java.net.UnknownHostException: stmicroelectronics.d3.sc.omtrdc.net
2024-11-19 10:52:37,182 [ERROR] AdobePublisher:162 - Exception while opening the connection: java.net.UnknownHostException: stmicroelectronics.d3.sc.omtrdc.net
2024-11-19 10:52:37,182 [ERROR] AdobePublisher:162 - Exception while opening the connection: java.net.UnknownHostException: stmicroelectronics.d3.sc.omtrdc.net
2024-11-19 10:52:37,182 [ERROR] AdobePublisher:162 - Exception while opening the connection: java.net.UnknownHostException: stmicroelectronics.d3.sc.omtrdc.net
2024-11-19 14:03:18,090 [ERROR] LogOutputStream:75 - [STDERR_REDIRECT] 14:03:18.076 ERROR Chromium process exit code: -1,073,741,819
2024-11-19 14:03:18,090 [ERROR] LogOutputStream:75 - [STDERR_REDIRECT] 
2024-11-19 14:03:18,091 [ERROR] LogOutputStream:75 - [STDERR_REDIRECT] 14:03:18.091 ERROR Crash dump dir: C:\Users\Administrator\AppData\Local\JxBrowser\7.38.2\CrashReports
2024-11-19 14:03:18,091 [ERROR] LogOutputStream:75 - [STDERR_REDIRECT] 
2024-11-19 14:03:18,097 [ERROR] WebApp:397 - JxBrowser engine crashed! Exit code: -1073741819
