2024-11-20 16:38:54,320 [INFO] Activator:176 - 


2024-11-20 16:38:54,330 [INFO] Activator:177 - !SESSION log4j initialized
2024-11-20 16:39:02,310 [INFO] LogOutputStream:77 - [STDOUT_REDIRECT] 
2024-11-20 16:39:06,068 [INFO] ApplicationProperties:184 - Using Application install path: D:\ST\STM32CubeIDE_1.16.1\STM32CubeIDE\plugins\com.st.stm32cube.common.mx_6.12.1.202409122256
2024-11-20 16:39:06,111 [INFO] DbMcusXml:78 - Set database path to: D:\ST\STM32CubeIDE_1.16.1\STM32CubeIDE\plugins\com.st.stm32cube.common.mx_6.12.1.202409122256\\db\/mcu/
2024-11-20 16:39:06,111 [INFO] ApiDb:274 - Set plugin database path to: D:\ST\STM32CubeIDE_1.16.1\STM32CubeIDE\plugins\com.st.stm32cube.common.mx_6.12.1.202409122256\\db\/plugins/boardmanager/
2024-11-20 16:39:06,112 [WARN] ApiDb:259 - Overriding images path with different value:  => D:\ST\STM32CubeIDE_1.16.1\STM32CubeIDE\plugins\com.st.stm32cube.common.mx_6.12.1.202409122256\\db\/plugins/mcufinder/images/
2024-11-20 16:39:06,183 [INFO] ApiDb:250 - Set database path to: C:\Users\Administrator\.stmcufinder\plugins\mcufinder//mcu/
2024-11-20 16:39:06,184 [INFO] DbMcusAds:125 - Set database path to: C:\Users\Administrator\.stmcufinder\plugins\mcufinder//mcu/
2024-11-20 16:39:06,187 [INFO] CrossReferenceDbSqlite:203 - Set database path to: C:\Users\Administrator\.stmcufinder\plugins\mcufinder//mcu/cs/
2024-11-20 16:39:06,312 [INFO] RulesReader:64 - Compatibility file has been processed (297 Rules)
2024-11-20 16:39:06,468 [INFO] DbMcusXml:78 - Set database path to: D:\ST\STM32CubeIDE_1.16.1\STM32CubeIDE\plugins\com.st.stm32cube.common.mx_6.12.1.202409122256\\db\/mcu/
2024-11-20 16:39:06,468 [INFO] ApiDb:274 - Set plugin database path to: D:\ST\STM32CubeIDE_1.16.1\STM32CubeIDE\plugins\com.st.stm32cube.common.mx_6.12.1.202409122256\\db\/plugins/boardmanager/
2024-11-20 16:39:06,468 [INFO] ApiDb:261 - Set plugin images path to: D:\ST\STM32CubeIDE_1.16.1\STM32CubeIDE\plugins\com.st.stm32cube.common.mx_6.12.1.202409122256\\db\/plugins/mcufinder/images/
2024-11-20 16:39:06,468 [WARN] DbFile:41 - Overriding database path with different value: C:\Users\Administrator\.stmcufinder\plugins\mcufinder/ => C:\Users\Administrator\.stmcufinder\plugins\mcufinder
2024-11-20 16:39:06,469 [INFO] ApiDb:250 - Set database path to: C:\Users\Administrator\.stmcufinder\plugins\mcufinder//mcu/
2024-11-20 16:39:06,469 [WARN] DbFile:41 - Overriding database path with different value: C:\Users\Administrator\.stmcufinder\plugins\mcufinder/ => C:\Users\Administrator\.stmcufinder\plugins\mcufinder
2024-11-20 16:39:06,469 [INFO] DbMcusAds:125 - Set database path to: C:\Users\Administrator\.stmcufinder\plugins\mcufinder//mcu/
2024-11-20 16:39:06,469 [WARN] DbFile:41 - Overriding database path with different value: C:\Users\Administrator\.stmcufinder\plugins\mcufinder/ => C:\Users\Administrator\.stmcufinder\plugins\mcufinder
2024-11-20 16:39:06,469 [WARN] DbFile:41 - Overriding database path with different value: C:\Users\Administrator\.stmcufinder\plugins\mcufinder/ => C:\Users\Administrator\.stmcufinder\plugins\mcufinder
2024-11-20 16:39:06,469 [INFO] CrossReferenceDbSqlite:203 - Set database path to: C:\Users\Administrator\.stmcufinder\plugins\mcufinder//mcu/cs/
2024-11-20 16:39:06,608 [INFO] MainPanel:268 - HeapMemory: 268435456
2024-11-20 16:39:06,794 [INFO] DbMcusXml:78 - Set database path to: D:\ST\STM32CubeIDE_1.16.1\STM32CubeIDE\plugins\com.st.stm32cube.common.mx_6.12.1.202409122256\\db\/mcu/
2024-11-20 16:39:06,795 [INFO] ApiDb:274 - Set plugin database path to: D:\ST\STM32CubeIDE_1.16.1\STM32CubeIDE\plugins\com.st.stm32cube.common.mx_6.12.1.202409122256\\db\/plugins/boardmanager/
2024-11-20 16:39:06,795 [INFO] ApiDb:261 - Set plugin images path to: D:\ST\STM32CubeIDE_1.16.1\STM32CubeIDE\plugins\com.st.stm32cube.common.mx_6.12.1.202409122256\\db\/plugins/mcufinder/images/
2024-11-20 16:39:06,795 [WARN] DbFile:41 - Overriding database path with different value: C:\Users\Administrator\.stmcufinder\plugins\mcufinder/ => C:\Users\Administrator\.stmcufinder\plugins\mcufinder
2024-11-20 16:39:06,795 [INFO] ApiDb:250 - Set database path to: C:\Users\Administrator\.stmcufinder\plugins\mcufinder//mcu/
2024-11-20 16:39:06,795 [WARN] DbFile:41 - Overriding database path with different value: C:\Users\Administrator\.stmcufinder\plugins\mcufinder/ => C:\Users\Administrator\.stmcufinder\plugins\mcufinder
2024-11-20 16:39:06,795 [INFO] DbMcusAds:125 - Set database path to: C:\Users\Administrator\.stmcufinder\plugins\mcufinder//mcu/
2024-11-20 16:39:06,795 [WARN] DbFile:41 - Overriding database path with different value: C:\Users\Administrator\.stmcufinder\plugins\mcufinder/ => C:\Users\Administrator\.stmcufinder\plugins\mcufinder
2024-11-20 16:39:06,795 [WARN] DbFile:41 - Overriding database path with different value: C:\Users\Administrator\.stmcufinder\plugins\mcufinder/ => C:\Users\Administrator\.stmcufinder\plugins\mcufinder
2024-11-20 16:39:06,795 [INFO] CrossReferenceDbSqlite:203 - Set database path to: C:\Users\Administrator\.stmcufinder\plugins\mcufinder//mcu/cs/
2024-11-20 16:39:06,837 [INFO] ApplicationProperties:184 - Using Application install path: D:\ST\STM32CubeIDE_1.16.1\STM32CubeIDE\plugins\com.st.stm32cube.common.mx_6.12.1.202409122256
2024-11-20 16:39:06,838 [INFO] PluginManage:196 - Search for loadable plugins [exclusion list=, ]
2024-11-20 16:39:06,839 [INFO] PluginManage:310 - Check plugin analytics
2024-11-20 16:39:07,082 [INFO] AnalyticsPlugin:253 - Accepted Software Licenses: 
2024-11-20 16:39:07,083 [INFO] AnalyticsPlugin:255 - Accepted CMSIS Pack Licenses: 
2024-11-20 16:39:07,083 [INFO] AnalyticsPlugin:257 - Accepted Firmware Licenses: 
2024-11-20 16:39:07,084 [INFO] PluginManage:359 - Loaded plugin analytics (category:tool,tabindex:-1)
2024-11-20 16:39:07,085 [INFO] PluginManage:310 - Check plugin cadmodel
2024-11-20 16:39:07,113 [INFO] CADModel:105 - Init CAD model plugin
2024-11-20 16:39:07,114 [INFO] PluginManage:359 - Loaded plugin cadmodel (category:power,tabindex:5)
2024-11-20 16:39:07,114 [INFO] PluginManage:310 - Check plugin clock
2024-11-20 16:39:07,151 [INFO] PluginManage:359 - Loaded plugin clock (category:base,tabindex:2)
2024-11-20 16:39:07,151 [INFO] PluginManage:310 - Check plugin ddr
2024-11-20 16:39:07,167 [INFO] PluginManage:359 - Loaded plugin ddr (category:tool,tabindex:6)
2024-11-20 16:39:07,167 [INFO] PluginManage:310 - Check plugin filemanager
2024-11-20 16:39:07,399 [INFO] PluginManage:359 - Loaded plugin filemanager (category:base,tabindex:10)
2024-11-20 16:39:07,399 [INFO] PluginManage:310 - Check plugin ipmanager
2024-11-20 16:39:07,411 [INFO] PluginManage:359 - Loaded plugin ipmanager (category:base,tabindex:5)
2024-11-20 16:39:07,411 [INFO] PluginManage:310 - Check plugin lpbam
2024-11-20 16:39:07,443 [INFO] PluginManage:359 - Loaded plugin lpbam (category:base,tabindex:0)
2024-11-20 16:39:07,444 [INFO] PluginManage:310 - Check plugin memorymap
2024-11-20 16:39:07,464 [INFO] PluginManage:359 - Loaded plugin memorymap (category:base,tabindex:4)
2024-11-20 16:39:07,464 [INFO] PluginManage:310 - Check plugin pinoutandconfiguration
2024-11-20 16:39:07,471 [INFO] PluginManage:359 - Loaded plugin pinoutandconfiguration (category:base,tabindex:1)
2024-11-20 16:39:07,471 [INFO] PluginManage:310 - Check plugin pinoutconfig
2024-11-20 16:39:07,566 [WARN] SupportedApi:132 - Cannot load RTOS API schema: s4s-elt-must-match.1: The content of 'definitions' must match (annotation?, (simpleType | complexType)?, (unique | key | keyref)*)). A problem was found starting at: attribute.
2024-11-20 16:39:07,673 [INFO] PluginManage:359 - Loaded plugin pinoutconfig (category:base,tabindex:0)
2024-11-20 16:39:07,673 [INFO] PluginManage:310 - Check plugin power
2024-11-20 16:39:07,712 [INFO] PluginManage:359 - Loaded plugin power (category:power,tabindex:4)
2024-11-20 16:39:07,712 [INFO] PluginManage:310 - Check plugin projectmanager
2024-11-20 16:39:07,725 [INFO] PluginManage:359 - Loaded plugin projectmanager (category:projectmanager,tabindex:4)
2024-11-20 16:39:07,725 [INFO] PluginManage:310 - Check plugin rif
2024-11-20 16:39:07,736 [INFO] PluginManage:359 - Loaded plugin rif (category:base,tabindex:3)
2024-11-20 16:39:07,736 [INFO] PluginManage:310 - Check plugin thirdparty
2024-11-20 16:39:07,905 [INFO] PluginManage:359 - Loaded plugin thirdparty (category:base,tabindex:-1)
2024-11-20 16:39:07,905 [WARN] IntegrityCheckThread:84 - waiting for thirdparty lock release [integrity check]
2024-11-20 16:39:07,906 [INFO] IntegrityCheckThread:86 - entering critical section [integrity check]
2024-11-20 16:39:07,906 [INFO] PluginManage:310 - Check plugin tools
2024-11-20 16:39:07,906 [INFO] ThirdPartyUpdaterWithRetryManager:70 - Updater plugin not ready yet. [1/15]
2024-11-20 16:39:07,908 [INFO] PluginManage:359 - Loaded plugin tools (category:base,tabindex:7)
2024-11-20 16:39:07,908 [INFO] PluginManage:310 - Check plugin tutovideos
2024-11-20 16:39:08,059 [INFO] PluginManage:359 - Loaded plugin tutovideos (category:base,tabindex:-1)
2024-11-20 16:39:08,059 [INFO] PluginManage:310 - Check plugin updater
2024-11-20 16:39:08,093 [INFO] PluginManage:359 - Loaded plugin updater (category:base,tabindex:12)
2024-11-20 16:39:08,093 [INFO] PluginManage:310 - Check plugin userauth
2024-11-20 16:39:08,114 [INFO] UserAuth:113 - Init User Auth plugin
2024-11-20 16:39:08,114 [INFO] PluginManage:359 - Loaded plugin userauth (category:base,tabindex:14)
2024-11-20 16:39:08,114 [INFO] PluginManage:283 - PluginManage : Loaded plugins [18]
2024-11-20 16:39:08,413 [INFO] PinOutPanel:1561 - setPackage(No Configuration,No Configuration)
2024-11-20 16:39:08,511 [INFO] CADModel:165 - CPN selected for project level
2024-11-20 16:39:08,511 [INFO] CADModel:114 - Register for checkConnection events
2024-11-20 16:39:08,557 [INFO] IPUIPlugin:80 - create IPUIPlugin
2024-11-20 16:39:08,557 [INFO] PluginManager:220 - loadIPPluginJar : add adc
2024-11-20 16:39:08,559 [INFO] IPUIPlugin:80 - create IPUIPlugin
2024-11-20 16:39:08,559 [INFO] PluginManager:220 - loadIPPluginJar : add aes
2024-11-20 16:39:08,561 [INFO] IPUIPlugin:80 - create IPUIPlugin
2024-11-20 16:39:08,561 [INFO] PluginManager:220 - loadIPPluginJar : add can
2024-11-20 16:39:08,563 [INFO] IPUIPlugin:80 - create IPUIPlugin
2024-11-20 16:39:08,563 [INFO] PluginManager:220 - loadIPPluginJar : add comp
2024-11-20 16:39:08,565 [INFO] IPUIPlugin:80 - create IPUIPlugin
2024-11-20 16:39:08,565 [INFO] PluginManager:220 - loadIPPluginJar : add cryp
2024-11-20 16:39:08,578 [INFO] IPUIPlugin:80 - create IPUIPlugin
2024-11-20 16:39:08,578 [INFO] PluginManager:220 - loadIPPluginJar : add ddr_ctrl_phy
2024-11-20 16:39:08,581 [INFO] IPUIPlugin:80 - create IPUIPlugin
2024-11-20 16:39:08,581 [INFO] PluginManager:220 - loadIPPluginJar : add dfsdm
2024-11-20 16:39:08,585 [INFO] IPUIPlugin:80 - create IPUIPlugin
2024-11-20 16:39:08,585 [INFO] PluginManager:220 - loadIPPluginJar : add dma
2024-11-20 16:39:08,587 [INFO] IPUIPlugin:80 - create IPUIPlugin
2024-11-20 16:39:08,588 [INFO] PluginManager:220 - loadIPPluginJar : add dma3
2024-11-20 16:39:08,590 [INFO] IPUIPlugin:80 - create IPUIPlugin
2024-11-20 16:39:08,590 [INFO] PluginManager:220 - loadIPPluginJar : add extmemmanager
2024-11-20 16:39:08,591 [INFO] IPUIPlugin:80 - create IPUIPlugin
2024-11-20 16:39:08,591 [INFO] PluginManager:220 - loadIPPluginJar : add fatfs
2024-11-20 16:39:08,594 [INFO] IPUIPlugin:80 - create IPUIPlugin
2024-11-20 16:39:08,594 [INFO] PluginManager:220 - loadIPPluginJar : add fmc
2024-11-20 16:39:08,605 [INFO] IPUIPlugin:80 - create IPUIPlugin
2024-11-20 16:39:08,605 [INFO] PluginManager:220 - loadIPPluginJar : add freertos
2024-11-20 16:39:08,606 [INFO] IPUIPlugin:80 - create IPUIPlugin
2024-11-20 16:39:08,606 [INFO] PluginManager:220 - loadIPPluginJar : add genericplugin
2024-11-20 16:39:08,608 [INFO] IPUIPlugin:80 - create IPUIPlugin
2024-11-20 16:39:08,608 [INFO] PluginManager:220 - loadIPPluginJar : add gfxmmu
2024-11-20 16:39:08,620 [INFO] IPUIPlugin:80 - create IPUIPlugin
2024-11-20 16:39:08,620 [INFO] PluginManager:220 - loadIPPluginJar : add gic
2024-11-20 16:39:08,629 [INFO] IPUIPlugin:80 - create IPUIPlugin
2024-11-20 16:39:08,629 [INFO] PluginManager:220 - loadIPPluginJar : add gpio
2024-11-20 16:39:08,631 [INFO] IPUIPlugin:80 - create IPUIPlugin
2024-11-20 16:39:08,631 [INFO] PluginManager:220 - loadIPPluginJar : add gtzc
2024-11-20 16:39:08,633 [INFO] IPUIPlugin:80 - create IPUIPlugin
2024-11-20 16:39:08,633 [INFO] PluginManager:220 - loadIPPluginJar : add hash
2024-11-20 16:39:08,644 [INFO] IPUIPlugin:80 - create IPUIPlugin
2024-11-20 16:39:08,644 [INFO] PluginManager:220 - loadIPPluginJar : add i2c
2024-11-20 16:39:08,646 [INFO] IPUIPlugin:80 - create IPUIPlugin
2024-11-20 16:39:08,646 [INFO] PluginManager:220 - loadIPPluginJar : add i2s
2024-11-20 16:39:08,648 [INFO] IPUIPlugin:80 - create IPUIPlugin
2024-11-20 16:39:08,648 [INFO] PluginManager:220 - loadIPPluginJar : add i3c
2024-11-20 16:39:08,654 [INFO] IPUIPlugin:80 - create IPUIPlugin
2024-11-20 16:39:08,654 [INFO] PluginManager:220 - loadIPPluginJar : add ipddr
2024-11-20 16:39:08,681 [INFO] IPUIPlugin:80 - create IPUIPlugin
2024-11-20 16:39:08,681 [INFO] PluginManager:220 - loadIPPluginJar : add linkedlist
2024-11-20 16:39:08,684 [INFO] IPUIPlugin:80 - create IPUIPlugin
2024-11-20 16:39:08,684 [INFO] PluginManager:220 - loadIPPluginJar : add lorawan
2024-11-20 16:39:08,685 [INFO] IPUIPlugin:80 - create IPUIPlugin
2024-11-20 16:39:08,685 [INFO] PluginManager:220 - loadIPPluginJar : add ltdc
2024-11-20 16:39:08,689 [INFO] IPUIPlugin:80 - create IPUIPlugin
2024-11-20 16:39:08,689 [INFO] PluginManager:220 - loadIPPluginJar : add mdma
2024-11-20 16:39:08,692 [INFO] IPUIPlugin:80 - create IPUIPlugin
2024-11-20 16:39:08,692 [INFO] PluginManager:220 - loadIPPluginJar : add nvic
2024-11-20 16:39:08,694 [INFO] IPUIPlugin:80 - create IPUIPlugin
2024-11-20 16:39:08,694 [INFO] PluginManager:220 - loadIPPluginJar : add opamp
2024-11-20 16:39:08,697 [INFO] IPUIPlugin:80 - create IPUIPlugin
2024-11-20 16:39:08,697 [INFO] PluginManager:220 - loadIPPluginJar : add openamp
2024-11-20 16:39:08,699 [INFO] IPUIPlugin:80 - create IPUIPlugin
2024-11-20 16:39:08,699 [INFO] PluginManager:220 - loadIPPluginJar : add pdm2pcm
2024-11-20 16:39:08,704 [INFO] IPUIPlugin:80 - create IPUIPlugin
2024-11-20 16:39:08,705 [INFO] PluginManager:220 - loadIPPluginJar : add plateformsettings
2024-11-20 16:39:08,706 [INFO] IPUIPlugin:80 - create IPUIPlugin
2024-11-20 16:39:08,707 [INFO] PluginManager:220 - loadIPPluginJar : add quadspi
2024-11-20 16:39:08,708 [INFO] IPUIPlugin:80 - create IPUIPlugin
2024-11-20 16:39:08,708 [INFO] PluginManager:220 - loadIPPluginJar : add radio
2024-11-20 16:39:08,711 [INFO] IPUIPlugin:80 - create IPUIPlugin
2024-11-20 16:39:08,711 [INFO] PluginManager:220 - loadIPPluginJar : add resmgrutility
2024-11-20 16:39:08,713 [INFO] IPUIPlugin:80 - create IPUIPlugin
2024-11-20 16:39:08,714 [INFO] PluginManager:220 - loadIPPluginJar : add sai
2024-11-20 16:39:08,715 [INFO] IPUIPlugin:80 - create IPUIPlugin
2024-11-20 16:39:08,715 [INFO] PluginManager:220 - loadIPPluginJar : add spi
2024-11-20 16:39:08,718 [INFO] IPUIPlugin:80 - create IPUIPlugin
2024-11-20 16:39:08,718 [INFO] PluginManager:220 - loadIPPluginJar : add stm32_wpan
2024-11-20 16:39:08,720 [INFO] IPUIPlugin:80 - create IPUIPlugin
2024-11-20 16:39:08,720 [INFO] PluginManager:220 - loadIPPluginJar : add tim
2024-11-20 16:39:08,722 [INFO] IPUIPlugin:80 - create IPUIPlugin
2024-11-20 16:39:08,722 [INFO] PluginManager:220 - loadIPPluginJar : add touchsensing
2024-11-20 16:39:08,724 [INFO] IPUIPlugin:80 - create IPUIPlugin
2024-11-20 16:39:08,724 [INFO] PluginManager:220 - loadIPPluginJar : add tracer_emb
2024-11-20 16:39:08,725 [INFO] IPUIPlugin:80 - create IPUIPlugin
2024-11-20 16:39:08,725 [INFO] PluginManager:220 - loadIPPluginJar : add ts
2024-11-20 16:39:08,726 [INFO] IPUIPlugin:80 - create IPUIPlugin
2024-11-20 16:39:08,727 [INFO] PluginManager:220 - loadIPPluginJar : add tsc
2024-11-20 16:39:08,728 [INFO] IPUIPlugin:80 - create IPUIPlugin
2024-11-20 16:39:08,728 [INFO] PluginManager:220 - loadIPPluginJar : add ucpd
2024-11-20 16:39:08,730 [INFO] IPUIPlugin:80 - create IPUIPlugin
2024-11-20 16:39:08,730 [INFO] PluginManager:220 - loadIPPluginJar : add usart
2024-11-20 16:39:08,732 [INFO] IPUIPlugin:80 - create IPUIPlugin
2024-11-20 16:39:08,732 [INFO] PluginManager:220 - loadIPPluginJar : add usbx
2024-11-20 16:39:08,852 [INFO] CADModel:165 - CPN selected for project level
2024-11-20 16:39:08,852 [INFO] CADModel:114 - Register for checkConnection events
2024-11-20 16:39:08,852 [FATAL] Updater:334 - Updater called before beeing initialized
2024-11-20 16:39:08,852 [ERROR] CADModel:125 - Updater not yet initialized, retry later 
2024-11-20 16:39:09,028 [INFO] CADModel:165 - CPN selected for project level
2024-11-20 16:39:09,028 [INFO] CADModel:114 - Register for checkConnection events
2024-11-20 16:39:09,028 [FATAL] Updater:334 - Updater called before beeing initialized
2024-11-20 16:39:09,028 [ERROR] CADModel:125 - Updater not yet initialized, retry later 
2024-11-20 16:39:09,030 [FATAL] Updater:334 - Updater called before beeing initialized
2024-11-20 16:39:09,122 [FATAL] Updater:334 - Updater called before beeing initialized
2024-11-20 16:39:09,132 [INFO] DbMcusAds:53 - JSON generation date=Fri Sep 20 21:04:38 CST 2024 (1726837478367)
2024-11-20 16:39:09,132 [FATAL] Updater:334 - Updater called before beeing initialized
2024-11-20 16:39:09,220 [WARN] DetailPanel:346 - Failed to get advertising image, set to default
2024-11-20 16:39:09,328 [FATAL] Updater:334 - Updater called before beeing initialized
2024-11-20 16:39:09,329 [FATAL] Updater:334 - Updater called before beeing initialized
2024-11-20 16:39:09,329 [FATAL] Updater:334 - Updater called before beeing initialized
2024-11-20 16:39:09,329 [WARN] DetailPanel:346 - Failed to get advertising image, set to default
2024-11-20 16:39:09,330 [FATAL] Updater:334 - Updater called before beeing initialized
2024-11-20 16:39:09,427 [ERROR] Updater:1164 - MainUpdater not yet initialized. External WinMGr cannot be set.
2024-11-20 16:39:09,430 [INFO] Updater:1100 - Updater Version found : 6.12.1
2024-11-20 16:39:09,459 [INFO] ApplicationProperties:184 - Using Application install path: D:\ST\STM32CubeIDE_1.16.1\STM32CubeIDE\plugins\com.st.stm32cube.common.mx_6.12.1.202409122256
2024-11-20 16:39:09,886 [INFO] MainUpdater:2873 - connection check result : 10
2024-11-20 16:39:09,887 [INFO] MainUpdater:290 - Updater Check For Update Now.
2024-11-20 16:39:09,887 [INFO] MicroXplorer:498 - Change Database Version : DB.6.0.121
2024-11-20 16:39:09,895 [INFO] McuFinderGlobals:63 - Set McuFinder mode to 2 (CubeIDE integrated)
2024-11-20 16:39:09,909 [INFO] UserAuth:417 - Internet connection configuration mode: 1
2024-11-20 16:39:09,973 [INFO] JxBrowserEngine:152 - Initiate JxBrowser Engine with user profile folder
2024-11-20 16:39:10,082 [INFO] CheckServerUpdateThread:120 - End of CheckServer Thread
2024-11-20 16:39:11,049 [INFO] WebApp:167 - Instantiating new browser for Auth
2024-11-20 16:39:11,110 [WARN] PackLoader:240 - Cannot read IP mode file for STMicroelectronics.FP-SNS-MOTENVWB1.1.4.0
2024-11-20 16:39:11,119 [WARN] PackLoader:240 - Cannot read IP mode file for STMicroelectronics.FP-ATR-ASTRA1.2.0.1
2024-11-20 16:39:11,125 [WARN] PackLoader:240 - Cannot read IP mode file for STMicroelectronics.X-CUBE-SMBUS.2.1.0
2024-11-20 16:39:11,145 [WARN] PackLoader:240 - Cannot read IP mode file for STMicroelectronics.X-CUBE-AZRTOS-F7.1.1.0
2024-11-20 16:39:11,153 [WARN] PackLoader:240 - Cannot read IP mode file for STMicroelectronics.FP-SNS-FLIGHT1.5.0.2
2024-11-20 16:39:11,160 [WARN] PackLoader:240 - Cannot read IP mode file for STMicroelectronics.X-CUBE-DISPLAY.3.0.0
2024-11-20 16:39:11,176 [WARN] PackLoader:240 - Cannot read IP mode file for STMicroelectronics.X-CUBE-BLE1.7.0.0
2024-11-20 16:39:11,182 [WARN] PackLoader:240 - Cannot read IP mode file for emotas.I-CUBE-CANOPEN.1.3.0
2024-11-20 16:39:11,190 [WARN] PackLoader:240 - Cannot read IP mode file for STMicroelectronics.X-CUBE-BLEMGR.3.1.0
2024-11-20 16:39:11,204 [WARN] PackLoader:240 - Cannot read IP mode file for STMicroelectronics.FP-SNS-SMARTAG2.1.2.0
2024-11-20 16:39:11,216 [INFO] LogOutputStream:77 - [STDOUT_REDIRECT] 1 : Invalid condition id : UX_CORESTACK_Condition cause : null
2024-11-20 16:39:11,217 [INFO] LogOutputStream:77 - [STDOUT_REDIRECT] 1 : Invalid condition id : UX_CORESTACK_Condition cause : null
2024-11-20 16:39:11,218 [INFO] LogOutputStream:77 - [STDOUT_REDIRECT] 1 : Invalid condition id : UX_CORESTACK_Condition cause : null
2024-11-20 16:39:11,219 [INFO] LogOutputStream:77 - [STDOUT_REDIRECT] 1 : Invalid condition id : UX_CORESTACK_Condition cause : null
2024-11-20 16:39:11,220 [INFO] LogOutputStream:77 - [STDOUT_REDIRECT] 1 : Invalid condition id : UX_CORESTACK_Condition cause : null
2024-11-20 16:39:11,223 [WARN] PackLoader:240 - Cannot read IP mode file for STMicroelectronics.X-CUBE-AZRTOS-WL.2.0.0
2024-11-20 16:39:11,228 [WARN] PackLoader:240 - Cannot read IP mode file for STMicroelectronics.FP-SNS-MOTENV1.5.0.0
2024-11-20 16:39:11,233 [WARN] PackLoader:240 - Cannot read IP mode file for wolfSSL.I-CUBE-wolfMQTT.1.19.0
2024-11-20 16:39:11,237 [WARN] PackLoader:240 - Cannot read IP mode file for STMicroelectronics.X-CUBE-BLE2.3.3.0
2024-11-20 16:39:11,242 [WARN] PackLoader:240 - Cannot read IP mode file for STMicroelectronics.X-CUBE-TCPP.4.1.0
2024-11-20 16:39:11,253 [WARN] PackLoader:240 - Cannot read IP mode file for STMicroelectronics.X-CUBE-AZRTOS-G0.1.1.0
2024-11-20 16:39:11,261 [WARN] PackLoader:240 - Cannot read IP mode file for STMicroelectronics.X-CUBE-SAFEA1.1.2.2
2024-11-20 16:39:11,266 [WARN] PackLoader:240 - Cannot read IP mode file for STMicroelectronics.X-CUBE-NFC4.3.0.0
2024-11-20 16:39:11,278 [WARN] PackLoader:240 - Cannot read IP mode file for EmbeddedOffice.I-CUBE-FS-RTOS.1.0.1
2024-11-20 16:39:11,279 [ERROR] ConditionMgr:805 - Attr not supported : Dmpu
2024-11-20 16:39:11,279 [ERROR] ConditionMgr:805 - Attr not supported : Dmpu
2024-11-20 16:39:11,279 [ERROR] ConditionMgr:805 - Attr not supported : Dmpu
2024-11-20 16:39:11,279 [ERROR] ConditionMgr:805 - Attr not supported : Dmpu
2024-11-20 16:39:11,279 [ERROR] ConditionMgr:805 - Attr not supported : Dmpu
2024-11-20 16:39:11,279 [ERROR] ConditionMgr:805 - Attr not supported : Dmpu
2024-11-20 16:39:11,279 [ERROR] ConditionMgr:805 - Attr not supported : Dmpu
2024-11-20 16:39:11,279 [ERROR] ConditionMgr:805 - Attr not supported : Dmpu
2024-11-20 16:39:11,279 [ERROR] ConditionMgr:805 - Attr not supported : Dmpu
2024-11-20 16:39:11,279 [ERROR] ConditionMgr:805 - Attr not supported : Dmpu
2024-11-20 16:39:11,279 [ERROR] ConditionMgr:805 - Attr not supported : Dmpu
2024-11-20 16:39:11,279 [ERROR] ConditionMgr:805 - Attr not supported : Dmpu
2024-11-20 16:39:11,279 [ERROR] ConditionMgr:805 - Attr not supported : Dmpu
2024-11-20 16:39:11,280 [ERROR] ConditionMgr:805 - Attr not supported : Dmpu
2024-11-20 16:39:11,280 [ERROR] ConditionMgr:805 - Attr not supported : Dmpu
2024-11-20 16:39:11,280 [ERROR] ConditionMgr:805 - Attr not supported : Dmpu
2024-11-20 16:39:11,280 [ERROR] ConditionMgr:805 - Attr not supported : Dmpu
2024-11-20 16:39:11,280 [ERROR] ConditionMgr:805 - Attr not supported : Dmpu
2024-11-20 16:39:11,280 [ERROR] ConditionMgr:805 - Attr not supported : Dmpu
2024-11-20 16:39:11,280 [ERROR] ConditionMgr:805 - Attr not supported : Dmpu
2024-11-20 16:39:11,280 [ERROR] ConditionMgr:805 - Attr not supported : Dmpu
2024-11-20 16:39:11,280 [ERROR] ConditionMgr:805 - Attr not supported : Dmpu
2024-11-20 16:39:11,280 [ERROR] ConditionMgr:805 - Attr not supported : Dmpu
2024-11-20 16:39:11,280 [ERROR] ConditionMgr:805 - Attr not supported : Dmpu
2024-11-20 16:39:11,280 [ERROR] ConditionMgr:805 - Attr not supported : Dmpu
2024-11-20 16:39:11,280 [ERROR] ConditionMgr:805 - Attr not supported : Dmpu
2024-11-20 16:39:11,280 [ERROR] ConditionMgr:805 - Attr not supported : Dmpu
2024-11-20 16:39:11,280 [ERROR] ConditionMgr:805 - Attr not supported : Dmpu
2024-11-20 16:39:11,280 [ERROR] ConditionMgr:805 - Attr not supported : Dmpu
2024-11-20 16:39:11,280 [ERROR] ConditionMgr:805 - Attr not supported : Dmpu
2024-11-20 16:39:11,280 [ERROR] ConditionMgr:805 - Attr not supported : Dmpu
2024-11-20 16:39:11,280 [ERROR] ConditionMgr:805 - Attr not supported : Dmpu
2024-11-20 16:39:11,280 [ERROR] ConditionMgr:805 - Attr not supported : Dmpu
2024-11-20 16:39:11,280 [ERROR] ConditionMgr:805 - Attr not supported : Dmpu
2024-11-20 16:39:11,281 [ERROR] ConditionMgr:805 - Attr not supported : Dmpu
2024-11-20 16:39:11,281 [ERROR] ConditionMgr:805 - Attr not supported : Dmpu
2024-11-20 16:39:11,281 [ERROR] ConditionMgr:805 - Attr not supported : Dmpu
2024-11-20 16:39:11,281 [ERROR] ConditionMgr:805 - Attr not supported : Dmpu
2024-11-20 16:39:11,281 [ERROR] ConditionMgr:805 - Attr not supported : Dmpu
2024-11-20 16:39:11,281 [ERROR] ConditionMgr:805 - Attr not supported : Dmpu
2024-11-20 16:39:11,281 [ERROR] ConditionMgr:805 - Attr not supported : Dmpu
2024-11-20 16:39:11,281 [ERROR] ConditionMgr:805 - Attr not supported : Dmpu
2024-11-20 16:39:11,281 [ERROR] ConditionMgr:805 - Attr not supported : Dmpu
2024-11-20 16:39:11,281 [ERROR] ConditionMgr:805 - Attr not supported : Dmpu
2024-11-20 16:39:11,281 [ERROR] ConditionMgr:805 - Attr not supported : Dmpu
2024-11-20 16:39:11,281 [ERROR] ConditionMgr:805 - Attr not supported : Dmpu
2024-11-20 16:39:11,281 [ERROR] ConditionMgr:805 - Attr not supported : Dmpu
2024-11-20 16:39:11,281 [ERROR] ConditionMgr:805 - Attr not supported : Dmpu
2024-11-20 16:39:11,281 [ERROR] ConditionMgr:805 - Attr not supported : Dmpu
2024-11-20 16:39:11,281 [ERROR] ConditionMgr:805 - Attr not supported : Dmpu
2024-11-20 16:39:11,281 [ERROR] ConditionMgr:805 - Attr not supported : Dmpu
2024-11-20 16:39:11,281 [ERROR] ConditionMgr:805 - Attr not supported : Dmpu
2024-11-20 16:39:11,281 [ERROR] ConditionMgr:805 - Attr not supported : Dmpu
2024-11-20 16:39:11,282 [ERROR] ConditionMgr:805 - Attr not supported : Dmpu
2024-11-20 16:39:11,282 [ERROR] ConditionMgr:805 - Attr not supported : Dmpu
2024-11-20 16:39:11,282 [ERROR] ConditionMgr:805 - Attr not supported : Dmpu
2024-11-20 16:39:11,282 [ERROR] ConditionMgr:805 - Attr not supported : Dmpu
2024-11-20 16:39:11,282 [ERROR] ConditionMgr:805 - Attr not supported : Dmpu
2024-11-20 16:39:11,282 [ERROR] ConditionMgr:805 - Attr not supported : Dmpu
2024-11-20 16:39:11,282 [ERROR] ConditionMgr:805 - Attr not supported : Dmpu
2024-11-20 16:39:11,282 [ERROR] ConditionMgr:805 - Attr not supported : Dmpu
2024-11-20 16:39:11,282 [ERROR] ConditionMgr:805 - Attr not supported : Dmpu
2024-11-20 16:39:11,282 [ERROR] ConditionMgr:805 - Attr not supported : Dmpu
2024-11-20 16:39:11,282 [ERROR] ConditionMgr:805 - Attr not supported : Dmpu
2024-11-20 16:39:11,291 [WARN] PackLoader:240 - Cannot read IP mode file for RealThread.X-CUBE-RT-Thread_Nano.4.1.1
2024-11-20 16:39:11,297 [WARN] PackLoader:240 - Cannot read IP mode file for STMicroelectronics.FP-ATR-SIGFOX1.3.2.0
2024-11-20 16:39:11,304 [WARN] ConditionMgr:438 - getConditionDescription Invalid condition id : Cortex-A Device cause : null
2024-11-20 16:39:11,335 [WARN] ConditionMgr:1039 - genDependencies : Invalid condition id : Cortex-A Device cause : null
2024-11-20 16:39:11,335 [WARN] ConditionMgr:1039 - genDependencies : Invalid condition id : Cortex-A Device cause : null
2024-11-20 16:39:11,336 [WARN] ConditionMgr:1039 - genDependencies : Invalid condition id : Cortex-A Device cause : null
2024-11-20 16:39:11,343 [WARN] PackLoader:240 - Cannot read IP mode file for STMicroelectronics.X-CUBE-EEPRMA1.5.1.0
2024-11-20 16:39:11,351 [WARN] PackLoader:240 - Cannot read IP mode file for ITTIA_DB.I-CUBE-ITTIADB.8.9.0
2024-11-20 16:39:11,380 [WARN] PackLoader:240 - Cannot read IP mode file for SEGGER.I-CUBE-embOS.1.3.1
2024-11-20 16:39:11,419 [WARN] PackLoader:240 - Cannot read IP mode file for STMicroelectronics.X-CUBE-ALGOBUILD.1.4.0
2024-11-20 16:39:11,443 [WARN] PackLoader:240 - Cannot read IP mode file for STMicroelectronics.X-CUBE-AZRTOS-F4.1.1.0
2024-11-20 16:39:11,453 [WARN] PackLoader:240 - Cannot read IP mode file for STMicroelectronics.X-CUBE-FREERTOS.1.2.0
2024-11-20 16:39:11,473 [WARN] PackLoader:240 - Cannot read IP mode file for STMicroelectronics.X-CUBE-AZRTOS-L5.2.0.0
2024-11-20 16:39:11,484 [WARN] PackLoader:240 - Cannot read IP mode file for STMicroelectronics.X-CUBE-NFC6.3.1.0
2024-11-20 16:39:11,510 [WARN] PackLoader:240 - Cannot read IP mode file for STMicroelectronics.X-CUBE-NFC7.1.0.1
2024-11-20 16:39:11,540 [WARN] ConditionMgr:438 - getConditionDescription Invalid condition id : LAN8742 Phy interface Condition cause : null
2024-11-20 16:39:11,541 [WARN] PackLoader:240 - Cannot read IP mode file for STMicroelectronics.X-CUBE-AZRTOS-L4.2.0.0
2024-11-20 16:39:11,544 [WARN] ConditionMgr:1039 - genDependencies : Invalid condition id : LAN8742 Phy interface Condition cause : null
2024-11-20 16:39:11,545 [WARN] ConditionMgr:1039 - genDependencies : Invalid condition id : LAN8742 Phy interface Condition cause : null
2024-11-20 16:39:11,545 [WARN] ConditionMgr:1039 - genDependencies : Invalid condition id : LAN8742 Phy interface Condition cause : null
2024-11-20 16:39:11,554 [WARN] PackLoader:240 - Cannot read IP mode file for STMicroelectronics.X-CUBE-SFXS2LP1.4.0.0
2024-11-20 16:39:11,566 [WARN] ConditionMgr:438 - getConditionDescription Invalid condition id : UX DEVICE CLASS RTOS Condition cause : null
2024-11-20 16:39:11,566 [WARN] ConditionMgr:438 - getConditionDescription Invalid condition id : UX DEVICE CLASS RTOS Condition cause : null
2024-11-20 16:39:11,568 [WARN] PackLoader:240 - Cannot read IP mode file for STMicroelectronics.X-CUBE-AZRTOS-WB.2.0.0
2024-11-20 16:39:11,569 [WARN] ConditionMgr:1039 - genDependencies : Invalid condition id : UX DEVICE CLASS RTOS Condition cause : null
2024-11-20 16:39:11,569 [WARN] ConditionMgr:1039 - genDependencies : Invalid condition id : UX DEVICE CLASS RTOS Condition cause : null
2024-11-20 16:39:11,570 [WARN] ConditionMgr:1039 - genDependencies : Invalid condition id : UX DEVICE CLASS RTOS Condition cause : null
2024-11-20 16:39:11,570 [WARN] ConditionMgr:1039 - genDependencies : Invalid condition id : UX DEVICE CLASS RTOS Condition cause : null
2024-11-20 16:39:11,570 [WARN] ConditionMgr:1039 - genDependencies : Invalid condition id : UX DEVICE CLASS RTOS Condition cause : null
2024-11-20 16:39:11,580 [WARN] PackLoader:240 - Cannot read IP mode file for STMicroelectronics.X-CUBE-SUBG2.5.0.0
2024-11-20 16:39:11,590 [WARN] PackLoader:240 - Cannot read IP mode file for Cesanta.I-CUBE-Mongoose.7.13.0
2024-11-20 16:39:11,605 [WARN] PackLoader:240 - Cannot read IP mode file for STMicroelectronics.X-CUBE-AZRTOS-G4.2.0.0
2024-11-20 16:39:11,614 [WARN] PackLoader:240 - Cannot read IP mode file for STMicroelectronics.X-CUBE-ALS.1.0.2
2024-11-20 16:39:11,619 [WARN] PackLoader:240 - Cannot read IP mode file for wolfSSL.I-CUBE-wolfTPM.3.4.0
2024-11-20 16:39:11,634 [WARN] PackLoader:240 - Cannot read IP mode file for STMicroelectronics.X-CUBE-AZRTOS-H7RS.1.0.0
2024-11-20 16:39:11,642 [WARN] PackLoader:240 - Cannot read IP mode file for STMicroelectronics.FP-ATR-ASTRA1.2.0.0
2024-11-20 16:39:11,663 [WARN] PackLoader:240 - Cannot read IP mode file for Infineon.AIROC-Wi-Fi-Bluetooth-STM32.1.6.1
2024-11-20 16:39:11,670 [WARN] PackLoader:240 - Cannot read IP mode file for wolfSSL.I-CUBE-wolfSSH.1.4.17
2024-11-20 16:39:11,671 [INFO] ThirdParty:978 - Integrity check success = true
2024-11-20 16:39:11,671 [INFO] IntegrityCheckThread:100 - exiting critical section [integrity check]
2024-11-20 16:39:11,671 [INFO] IntegrityCheckThread:103 - End integrity checks thread
2024-11-20 16:39:12,273 [INFO] WebApp:448 - Apply proxy settings
2024-11-20 16:39:12,273 [INFO] WebApp:533 - Chromium requires no authentication
2024-11-20 16:39:12,281 [INFO] WebApp:476 - Direct internet connection detected
2024-11-20 16:39:12,298 [INFO] WebApp:869 - Register for checkConnection events
2024-11-20 16:39:12,298 [INFO] WebApp:448 - Apply proxy settings
2024-11-20 16:39:12,298 [INFO] WebApp:533 - Chromium requires no authentication
2024-11-20 16:39:12,299 [INFO] WebApp:476 - Direct internet connection detected
2024-11-20 16:39:12,456 [INFO] WebApp:220 - Starting web application
2024-11-20 16:39:12,456 [INFO] WebApp:578 - Web application path used D:\ST\STM32CubeIDE_1.16.1\STM32CubeIDE\plugins\com.st.stm32cube.common.mx_6.12.1.202409122256\db\plugins\mcufinder\reactClient1\index.html
2024-11-20 16:39:12,571 [INFO] UserAuth:417 - Internet connection configuration mode: 1
2024-11-20 19:31:29,527 [ERROR] LogOutputStream:75 - [STDERR_REDIRECT] 
2024-11-20 19:31:46,129 [INFO] Activator:176 - 


2024-11-20 19:31:46,132 [INFO] Activator:177 - !SESSION log4j initialized
2024-11-20 19:31:49,888 [INFO] LogOutputStream:77 - [STDOUT_REDIRECT] 
2024-11-20 19:31:51,202 [INFO] ApplicationProperties:184 - Using Application install path: D:\ST\STM32CubeIDE_1.16.1\STM32CubeIDE\plugins\com.st.stm32cube.common.mx_6.12.1.202409122256
2024-11-20 19:31:51,212 [INFO] DbMcusXml:78 - Set database path to: D:\ST\STM32CubeIDE_1.16.1\STM32CubeIDE\plugins\com.st.stm32cube.common.mx_6.12.1.202409122256\\db\/mcu/
2024-11-20 19:31:51,213 [INFO] ApiDb:274 - Set plugin database path to: D:\ST\STM32CubeIDE_1.16.1\STM32CubeIDE\plugins\com.st.stm32cube.common.mx_6.12.1.202409122256\\db\/plugins/boardmanager/
2024-11-20 19:31:51,213 [WARN] ApiDb:259 - Overriding images path with different value:  => D:\ST\STM32CubeIDE_1.16.1\STM32CubeIDE\plugins\com.st.stm32cube.common.mx_6.12.1.202409122256\\db\/plugins/mcufinder/images/
2024-11-20 19:31:51,217 [INFO] ApiDb:250 - Set database path to: C:\Users\Administrator\.stmcufinder\plugins\mcufinder//mcu/
2024-11-20 19:31:51,218 [INFO] DbMcusAds:125 - Set database path to: C:\Users\Administrator\.stmcufinder\plugins\mcufinder//mcu/
2024-11-20 19:31:51,219 [INFO] CrossReferenceDbSqlite:203 - Set database path to: C:\Users\Administrator\.stmcufinder\plugins\mcufinder//mcu/cs/
2024-11-20 19:31:51,292 [INFO] RulesReader:64 - Compatibility file has been processed (297 Rules)
2024-11-20 19:31:51,347 [INFO] DbMcusXml:78 - Set database path to: D:\ST\STM32CubeIDE_1.16.1\STM32CubeIDE\plugins\com.st.stm32cube.common.mx_6.12.1.202409122256\\db\/mcu/
2024-11-20 19:31:51,348 [INFO] ApiDb:274 - Set plugin database path to: D:\ST\STM32CubeIDE_1.16.1\STM32CubeIDE\plugins\com.st.stm32cube.common.mx_6.12.1.202409122256\\db\/plugins/boardmanager/
2024-11-20 19:31:51,348 [INFO] ApiDb:261 - Set plugin images path to: D:\ST\STM32CubeIDE_1.16.1\STM32CubeIDE\plugins\com.st.stm32cube.common.mx_6.12.1.202409122256\\db\/plugins/mcufinder/images/
2024-11-20 19:31:51,348 [WARN] DbFile:41 - Overriding database path with different value: C:\Users\Administrator\.stmcufinder\plugins\mcufinder/ => C:\Users\Administrator\.stmcufinder\plugins\mcufinder
2024-11-20 19:31:51,348 [INFO] ApiDb:250 - Set database path to: C:\Users\Administrator\.stmcufinder\plugins\mcufinder//mcu/
2024-11-20 19:31:51,348 [WARN] DbFile:41 - Overriding database path with different value: C:\Users\Administrator\.stmcufinder\plugins\mcufinder/ => C:\Users\Administrator\.stmcufinder\plugins\mcufinder
2024-11-20 19:31:51,348 [INFO] DbMcusAds:125 - Set database path to: C:\Users\Administrator\.stmcufinder\plugins\mcufinder//mcu/
2024-11-20 19:31:51,348 [WARN] DbFile:41 - Overriding database path with different value: C:\Users\Administrator\.stmcufinder\plugins\mcufinder/ => C:\Users\Administrator\.stmcufinder\plugins\mcufinder
2024-11-20 19:31:51,348 [WARN] DbFile:41 - Overriding database path with different value: C:\Users\Administrator\.stmcufinder\plugins\mcufinder/ => C:\Users\Administrator\.stmcufinder\plugins\mcufinder
2024-11-20 19:31:51,348 [INFO] CrossReferenceDbSqlite:203 - Set database path to: C:\Users\Administrator\.stmcufinder\plugins\mcufinder//mcu/cs/
2024-11-20 19:31:51,397 [INFO] MainPanel:268 - HeapMemory: 268435456
2024-11-20 19:31:51,462 [INFO] DbMcusXml:78 - Set database path to: D:\ST\STM32CubeIDE_1.16.1\STM32CubeIDE\plugins\com.st.stm32cube.common.mx_6.12.1.202409122256\\db\/mcu/
2024-11-20 19:31:51,462 [INFO] ApiDb:274 - Set plugin database path to: D:\ST\STM32CubeIDE_1.16.1\STM32CubeIDE\plugins\com.st.stm32cube.common.mx_6.12.1.202409122256\\db\/plugins/boardmanager/
2024-11-20 19:31:51,462 [INFO] ApiDb:261 - Set plugin images path to: D:\ST\STM32CubeIDE_1.16.1\STM32CubeIDE\plugins\com.st.stm32cube.common.mx_6.12.1.202409122256\\db\/plugins/mcufinder/images/
2024-11-20 19:31:51,463 [WARN] DbFile:41 - Overriding database path with different value: C:\Users\Administrator\.stmcufinder\plugins\mcufinder/ => C:\Users\Administrator\.stmcufinder\plugins\mcufinder
2024-11-20 19:31:51,463 [INFO] ApiDb:250 - Set database path to: C:\Users\Administrator\.stmcufinder\plugins\mcufinder//mcu/
2024-11-20 19:31:51,463 [WARN] DbFile:41 - Overriding database path with different value: C:\Users\Administrator\.stmcufinder\plugins\mcufinder/ => C:\Users\Administrator\.stmcufinder\plugins\mcufinder
2024-11-20 19:31:51,463 [INFO] DbMcusAds:125 - Set database path to: C:\Users\Administrator\.stmcufinder\plugins\mcufinder//mcu/
2024-11-20 19:31:51,463 [WARN] DbFile:41 - Overriding database path with different value: C:\Users\Administrator\.stmcufinder\plugins\mcufinder/ => C:\Users\Administrator\.stmcufinder\plugins\mcufinder
2024-11-20 19:31:51,463 [WARN] DbFile:41 - Overriding database path with different value: C:\Users\Administrator\.stmcufinder\plugins\mcufinder/ => C:\Users\Administrator\.stmcufinder\plugins\mcufinder
2024-11-20 19:31:51,463 [INFO] CrossReferenceDbSqlite:203 - Set database path to: C:\Users\Administrator\.stmcufinder\plugins\mcufinder//mcu/cs/
2024-11-20 19:31:51,475 [INFO] ApplicationProperties:184 - Using Application install path: D:\ST\STM32CubeIDE_1.16.1\STM32CubeIDE\plugins\com.st.stm32cube.common.mx_6.12.1.202409122256
2024-11-20 19:31:51,476 [INFO] PluginManage:196 - Search for loadable plugins [exclusion list=, ]
2024-11-20 19:31:51,477 [INFO] PluginManage:310 - Check plugin analytics
2024-11-20 19:31:51,647 [INFO] AnalyticsPlugin:253 - Accepted Software Licenses: 
2024-11-20 19:31:51,647 [INFO] AnalyticsPlugin:255 - Accepted CMSIS Pack Licenses: 
2024-11-20 19:31:51,648 [INFO] AnalyticsPlugin:257 - Accepted Firmware Licenses: 
2024-11-20 19:31:51,651 [INFO] PluginManage:359 - Loaded plugin analytics (category:tool,tabindex:-1)
2024-11-20 19:31:51,652 [INFO] PluginManage:310 - Check plugin cadmodel
2024-11-20 19:31:51,659 [INFO] CADModel:105 - Init CAD model plugin
2024-11-20 19:31:51,659 [INFO] PluginManage:359 - Loaded plugin cadmodel (category:power,tabindex:5)
2024-11-20 19:31:51,659 [INFO] PluginManage:310 - Check plugin clock
2024-11-20 19:31:51,675 [INFO] PluginManage:359 - Loaded plugin clock (category:base,tabindex:2)
2024-11-20 19:31:51,675 [INFO] PluginManage:310 - Check plugin ddr
2024-11-20 19:31:51,679 [INFO] PluginManage:359 - Loaded plugin ddr (category:tool,tabindex:6)
2024-11-20 19:31:51,679 [INFO] PluginManage:310 - Check plugin filemanager
2024-11-20 19:31:51,866 [INFO] PluginManage:359 - Loaded plugin filemanager (category:base,tabindex:10)
2024-11-20 19:31:51,866 [INFO] PluginManage:310 - Check plugin ipmanager
2024-11-20 19:31:51,874 [INFO] PluginManage:359 - Loaded plugin ipmanager (category:base,tabindex:5)
2024-11-20 19:31:51,874 [INFO] PluginManage:310 - Check plugin lpbam
2024-11-20 19:31:51,881 [INFO] PluginManage:359 - Loaded plugin lpbam (category:base,tabindex:0)
2024-11-20 19:31:51,881 [INFO] PluginManage:310 - Check plugin memorymap
2024-11-20 19:31:51,889 [INFO] PluginManage:359 - Loaded plugin memorymap (category:base,tabindex:4)
2024-11-20 19:31:51,889 [INFO] PluginManage:310 - Check plugin pinoutandconfiguration
2024-11-20 19:31:51,895 [INFO] PluginManage:359 - Loaded plugin pinoutandconfiguration (category:base,tabindex:1)
2024-11-20 19:31:51,895 [INFO] PluginManage:310 - Check plugin pinoutconfig
2024-11-20 19:31:51,961 [WARN] SupportedApi:132 - Cannot load RTOS API schema: s4s-elt-must-match.1: The content of 'definitions' must match (annotation?, (simpleType | complexType)?, (unique | key | keyref)*)). A problem was found starting at: attribute.
2024-11-20 19:31:52,042 [INFO] PluginManage:359 - Loaded plugin pinoutconfig (category:base,tabindex:0)
2024-11-20 19:31:52,042 [INFO] PluginManage:310 - Check plugin power
2024-11-20 19:31:52,048 [INFO] PluginManage:359 - Loaded plugin power (category:power,tabindex:4)
2024-11-20 19:31:52,048 [INFO] PluginManage:310 - Check plugin projectmanager
2024-11-20 19:31:52,060 [INFO] PluginManage:359 - Loaded plugin projectmanager (category:projectmanager,tabindex:4)
2024-11-20 19:31:52,060 [INFO] PluginManage:310 - Check plugin rif
2024-11-20 19:31:52,065 [INFO] PluginManage:359 - Loaded plugin rif (category:base,tabindex:3)
2024-11-20 19:31:52,065 [INFO] PluginManage:310 - Check plugin thirdparty
2024-11-20 19:31:52,150 [WARN] IntegrityCheckThread:84 - waiting for thirdparty lock release [integrity check]
2024-11-20 19:31:52,150 [INFO] PluginManage:359 - Loaded plugin thirdparty (category:base,tabindex:-1)
2024-11-20 19:31:52,150 [INFO] IntegrityCheckThread:86 - entering critical section [integrity check]
2024-11-20 19:31:52,150 [INFO] PluginManage:310 - Check plugin tools
2024-11-20 19:31:52,151 [INFO] ThirdPartyUpdaterWithRetryManager:70 - Updater plugin not ready yet. [1/15]
2024-11-20 19:31:52,154 [INFO] PluginManage:359 - Loaded plugin tools (category:base,tabindex:7)
2024-11-20 19:31:52,154 [INFO] PluginManage:310 - Check plugin tutovideos
2024-11-20 19:31:52,265 [INFO] PluginManage:359 - Loaded plugin tutovideos (category:base,tabindex:-1)
2024-11-20 19:31:52,265 [INFO] PluginManage:310 - Check plugin updater
2024-11-20 19:31:52,276 [INFO] PluginManage:359 - Loaded plugin updater (category:base,tabindex:12)
2024-11-20 19:31:52,276 [INFO] PluginManage:310 - Check plugin userauth
2024-11-20 19:31:52,280 [INFO] UserAuth:113 - Init User Auth plugin
2024-11-20 19:31:52,280 [INFO] PluginManage:359 - Loaded plugin userauth (category:base,tabindex:14)
2024-11-20 19:31:52,281 [INFO] PluginManage:283 - PluginManage : Loaded plugins [18]
2024-11-20 19:31:52,431 [INFO] PinOutPanel:1561 - setPackage(No Configuration,No Configuration)
2024-11-20 19:31:52,491 [INFO] CADModel:165 - CPN selected for project level
2024-11-20 19:31:52,491 [INFO] CADModel:114 - Register for checkConnection events
2024-11-20 19:31:52,502 [INFO] IPUIPlugin:80 - create IPUIPlugin
2024-11-20 19:31:52,503 [INFO] PluginManager:220 - loadIPPluginJar : add adc
2024-11-20 19:31:52,504 [INFO] IPUIPlugin:80 - create IPUIPlugin
2024-11-20 19:31:52,504 [INFO] PluginManager:220 - loadIPPluginJar : add aes
2024-11-20 19:31:52,506 [INFO] IPUIPlugin:80 - create IPUIPlugin
2024-11-20 19:31:52,506 [INFO] PluginManager:220 - loadIPPluginJar : add can
2024-11-20 19:31:52,507 [INFO] IPUIPlugin:80 - create IPUIPlugin
2024-11-20 19:31:52,507 [INFO] PluginManager:220 - loadIPPluginJar : add comp
2024-11-20 19:31:52,508 [INFO] IPUIPlugin:80 - create IPUIPlugin
2024-11-20 19:31:52,508 [INFO] PluginManager:220 - loadIPPluginJar : add cryp
2024-11-20 19:31:52,510 [INFO] IPUIPlugin:80 - create IPUIPlugin
2024-11-20 19:31:52,510 [INFO] PluginManager:220 - loadIPPluginJar : add ddr_ctrl_phy
2024-11-20 19:31:52,511 [INFO] IPUIPlugin:80 - create IPUIPlugin
2024-11-20 19:31:52,511 [INFO] PluginManager:220 - loadIPPluginJar : add dfsdm
2024-11-20 19:31:52,515 [INFO] IPUIPlugin:80 - create IPUIPlugin
2024-11-20 19:31:52,515 [INFO] PluginManager:220 - loadIPPluginJar : add dma
2024-11-20 19:31:52,517 [INFO] IPUIPlugin:80 - create IPUIPlugin
2024-11-20 19:31:52,517 [INFO] PluginManager:220 - loadIPPluginJar : add dma3
2024-11-20 19:31:52,518 [INFO] IPUIPlugin:80 - create IPUIPlugin
2024-11-20 19:31:52,518 [INFO] PluginManager:220 - loadIPPluginJar : add extmemmanager
2024-11-20 19:31:52,519 [INFO] IPUIPlugin:80 - create IPUIPlugin
2024-11-20 19:31:52,519 [INFO] PluginManager:220 - loadIPPluginJar : add fatfs
2024-11-20 19:31:52,522 [INFO] IPUIPlugin:80 - create IPUIPlugin
2024-11-20 19:31:52,522 [INFO] PluginManager:220 - loadIPPluginJar : add fmc
2024-11-20 19:31:52,525 [INFO] IPUIPlugin:80 - create IPUIPlugin
2024-11-20 19:31:52,525 [INFO] PluginManager:220 - loadIPPluginJar : add freertos
2024-11-20 19:31:52,526 [INFO] IPUIPlugin:80 - create IPUIPlugin
2024-11-20 19:31:52,526 [INFO] PluginManager:220 - loadIPPluginJar : add genericplugin
2024-11-20 19:31:52,527 [INFO] IPUIPlugin:80 - create IPUIPlugin
2024-11-20 19:31:52,527 [INFO] PluginManager:220 - loadIPPluginJar : add gfxmmu
2024-11-20 19:31:52,530 [INFO] IPUIPlugin:80 - create IPUIPlugin
2024-11-20 19:31:52,530 [INFO] PluginManager:220 - loadIPPluginJar : add gic
2024-11-20 19:31:52,532 [INFO] IPUIPlugin:80 - create IPUIPlugin
2024-11-20 19:31:52,532 [INFO] PluginManager:220 - loadIPPluginJar : add gpio
2024-11-20 19:31:52,534 [INFO] IPUIPlugin:80 - create IPUIPlugin
2024-11-20 19:31:52,534 [INFO] PluginManager:220 - loadIPPluginJar : add gtzc
2024-11-20 19:31:52,536 [INFO] IPUIPlugin:80 - create IPUIPlugin
2024-11-20 19:31:52,536 [INFO] PluginManager:220 - loadIPPluginJar : add hash
2024-11-20 19:31:52,537 [INFO] IPUIPlugin:80 - create IPUIPlugin
2024-11-20 19:31:52,537 [INFO] PluginManager:220 - loadIPPluginJar : add i2c
2024-11-20 19:31:52,539 [INFO] IPUIPlugin:80 - create IPUIPlugin
2024-11-20 19:31:52,539 [INFO] PluginManager:220 - loadIPPluginJar : add i2s
2024-11-20 19:31:52,540 [INFO] IPUIPlugin:80 - create IPUIPlugin
2024-11-20 19:31:52,540 [INFO] PluginManager:220 - loadIPPluginJar : add i3c
2024-11-20 19:31:52,542 [INFO] IPUIPlugin:80 - create IPUIPlugin
2024-11-20 19:31:52,542 [INFO] PluginManager:220 - loadIPPluginJar : add ipddr
2024-11-20 19:31:52,546 [INFO] IPUIPlugin:80 - create IPUIPlugin
2024-11-20 19:31:52,547 [INFO] PluginManager:220 - loadIPPluginJar : add linkedlist
2024-11-20 19:31:52,548 [INFO] IPUIPlugin:80 - create IPUIPlugin
2024-11-20 19:31:52,548 [INFO] PluginManager:220 - loadIPPluginJar : add lorawan
2024-11-20 19:31:52,549 [INFO] IPUIPlugin:80 - create IPUIPlugin
2024-11-20 19:31:52,549 [INFO] PluginManager:220 - loadIPPluginJar : add ltdc
2024-11-20 19:31:52,553 [INFO] IPUIPlugin:80 - create IPUIPlugin
2024-11-20 19:31:52,553 [INFO] PluginManager:220 - loadIPPluginJar : add mdma
2024-11-20 19:31:52,554 [INFO] IPUIPlugin:80 - create IPUIPlugin
2024-11-20 19:31:52,555 [INFO] PluginManager:220 - loadIPPluginJar : add nvic
2024-11-20 19:31:52,556 [INFO] IPUIPlugin:80 - create IPUIPlugin
2024-11-20 19:31:52,556 [INFO] PluginManager:220 - loadIPPluginJar : add opamp
2024-11-20 19:31:52,558 [INFO] IPUIPlugin:80 - create IPUIPlugin
2024-11-20 19:31:52,558 [INFO] PluginManager:220 - loadIPPluginJar : add openamp
2024-11-20 19:31:52,560 [INFO] IPUIPlugin:80 - create IPUIPlugin
2024-11-20 19:31:52,560 [INFO] PluginManager:220 - loadIPPluginJar : add pdm2pcm
2024-11-20 19:31:52,563 [INFO] IPUIPlugin:80 - create IPUIPlugin
2024-11-20 19:31:52,564 [INFO] PluginManager:220 - loadIPPluginJar : add plateformsettings
2024-11-20 19:31:52,565 [INFO] IPUIPlugin:80 - create IPUIPlugin
2024-11-20 19:31:52,566 [INFO] PluginManager:220 - loadIPPluginJar : add quadspi
2024-11-20 19:31:52,567 [INFO] IPUIPlugin:80 - create IPUIPlugin
2024-11-20 19:31:52,567 [INFO] PluginManager:220 - loadIPPluginJar : add radio
2024-11-20 19:31:52,569 [INFO] IPUIPlugin:80 - create IPUIPlugin
2024-11-20 19:31:52,569 [INFO] PluginManager:220 - loadIPPluginJar : add resmgrutility
2024-11-20 19:31:52,570 [INFO] IPUIPlugin:80 - create IPUIPlugin
2024-11-20 19:31:52,570 [INFO] PluginManager:220 - loadIPPluginJar : add sai
2024-11-20 19:31:52,572 [INFO] IPUIPlugin:80 - create IPUIPlugin
2024-11-20 19:31:52,572 [INFO] PluginManager:220 - loadIPPluginJar : add spi
2024-11-20 19:31:52,574 [INFO] IPUIPlugin:80 - create IPUIPlugin
2024-11-20 19:31:52,574 [INFO] PluginManager:220 - loadIPPluginJar : add stm32_wpan
2024-11-20 19:31:52,576 [INFO] IPUIPlugin:80 - create IPUIPlugin
2024-11-20 19:31:52,576 [INFO] PluginManager:220 - loadIPPluginJar : add tim
2024-11-20 19:31:52,577 [INFO] IPUIPlugin:80 - create IPUIPlugin
2024-11-20 19:31:52,577 [INFO] PluginManager:220 - loadIPPluginJar : add touchsensing
2024-11-20 19:31:52,578 [INFO] IPUIPlugin:80 - create IPUIPlugin
2024-11-20 19:31:52,578 [INFO] PluginManager:220 - loadIPPluginJar : add tracer_emb
2024-11-20 19:31:52,579 [INFO] IPUIPlugin:80 - create IPUIPlugin
2024-11-20 19:31:52,579 [INFO] PluginManager:220 - loadIPPluginJar : add ts
2024-11-20 19:31:52,580 [INFO] IPUIPlugin:80 - create IPUIPlugin
2024-11-20 19:31:52,580 [INFO] PluginManager:220 - loadIPPluginJar : add tsc
2024-11-20 19:31:52,582 [INFO] IPUIPlugin:80 - create IPUIPlugin
2024-11-20 19:31:52,582 [INFO] PluginManager:220 - loadIPPluginJar : add ucpd
2024-11-20 19:31:52,584 [INFO] IPUIPlugin:80 - create IPUIPlugin
2024-11-20 19:31:52,584 [INFO] PluginManager:220 - loadIPPluginJar : add usart
2024-11-20 19:31:52,586 [INFO] IPUIPlugin:80 - create IPUIPlugin
2024-11-20 19:31:52,586 [INFO] PluginManager:220 - loadIPPluginJar : add usbx
2024-11-20 19:31:52,695 [INFO] CADModel:165 - CPN selected for project level
2024-11-20 19:31:52,695 [INFO] CADModel:114 - Register for checkConnection events
2024-11-20 19:31:52,695 [FATAL] Updater:334 - Updater called before beeing initialized
2024-11-20 19:31:52,695 [ERROR] CADModel:125 - Updater not yet initialized, retry later 
2024-11-20 19:31:52,775 [INFO] CADModel:165 - CPN selected for project level
2024-11-20 19:31:52,775 [INFO] CADModel:114 - Register for checkConnection events
2024-11-20 19:31:52,775 [FATAL] Updater:334 - Updater called before beeing initialized
2024-11-20 19:31:52,775 [ERROR] CADModel:125 - Updater not yet initialized, retry later 
2024-11-20 19:31:52,777 [FATAL] Updater:334 - Updater called before beeing initialized
2024-11-20 19:31:52,859 [FATAL] Updater:334 - Updater called before beeing initialized
2024-11-20 19:31:52,862 [INFO] DbMcusAds:53 - JSON generation date=Fri Sep 20 21:04:38 CST 2024 (1726837478367)
2024-11-20 19:31:52,862 [FATAL] Updater:334 - Updater called before beeing initialized
2024-11-20 19:31:52,885 [WARN] DetailPanel:346 - Failed to get advertising image, set to default
2024-11-20 19:31:52,945 [FATAL] Updater:334 - Updater called before beeing initialized
2024-11-20 19:31:52,946 [FATAL] Updater:334 - Updater called before beeing initialized
2024-11-20 19:31:52,946 [FATAL] Updater:334 - Updater called before beeing initialized
2024-11-20 19:31:52,946 [WARN] DetailPanel:346 - Failed to get advertising image, set to default
2024-11-20 19:31:52,947 [FATAL] Updater:334 - Updater called before beeing initialized
2024-11-20 19:31:52,981 [ERROR] Updater:1164 - MainUpdater not yet initialized. External WinMGr cannot be set.
2024-11-20 19:31:52,983 [INFO] Updater:1100 - Updater Version found : 6.12.1
2024-11-20 19:31:53,000 [INFO] ApplicationProperties:184 - Using Application install path: D:\ST\STM32CubeIDE_1.16.1\STM32CubeIDE\plugins\com.st.stm32cube.common.mx_6.12.1.202409122256
2024-11-20 19:31:53,409 [INFO] MainUpdater:2873 - connection check result : 10
2024-11-20 19:31:53,410 [INFO] MainUpdater:290 - Updater Check For Update Now.
2024-11-20 19:31:53,410 [INFO] MicroXplorer:498 - Change Database Version : DB.6.0.121
2024-11-20 19:31:53,413 [INFO] McuFinderGlobals:63 - Set McuFinder mode to 2 (CubeIDE integrated)
2024-11-20 19:31:53,414 [INFO] UserAuth:417 - Internet connection configuration mode: 1
2024-11-20 19:31:53,434 [INFO] JxBrowserEngine:152 - Initiate JxBrowser Engine with user profile folder
2024-11-20 19:31:53,571 [INFO] CheckServerUpdateThread:120 - End of CheckServer Thread
2024-11-20 19:31:53,945 [INFO] WebApp:167 - Instantiating new browser for Auth
2024-11-20 19:31:54,396 [INFO] WebApp:448 - Apply proxy settings
2024-11-20 19:31:54,396 [INFO] WebApp:533 - Chromium requires no authentication
2024-11-20 19:31:54,403 [INFO] WebApp:476 - Direct internet connection detected
2024-11-20 19:31:54,417 [INFO] WebApp:869 - Register for checkConnection events
2024-11-20 19:31:54,417 [INFO] WebApp:448 - Apply proxy settings
2024-11-20 19:31:54,418 [INFO] WebApp:533 - Chromium requires no authentication
2024-11-20 19:31:54,418 [INFO] WebApp:476 - Direct internet connection detected
2024-11-20 19:31:54,512 [INFO] WebApp:220 - Starting web application
2024-11-20 19:31:54,512 [INFO] WebApp:578 - Web application path used D:\ST\STM32CubeIDE_1.16.1\STM32CubeIDE\plugins\com.st.stm32cube.common.mx_6.12.1.202409122256\db\plugins\mcufinder\reactClient1\index.html
2024-11-20 19:31:54,587 [INFO] UserAuth:417 - Internet connection configuration mode: 1
2024-11-20 19:31:55,297 [WARN] PackLoader:240 - Cannot read IP mode file for STMicroelectronics.FP-SNS-MOTENVWB1.1.4.0
2024-11-20 19:31:55,305 [WARN] PackLoader:240 - Cannot read IP mode file for STMicroelectronics.FP-ATR-ASTRA1.2.0.1
2024-11-20 19:31:55,311 [WARN] PackLoader:240 - Cannot read IP mode file for STMicroelectronics.X-CUBE-SMBUS.2.1.0
2024-11-20 19:31:55,331 [WARN] PackLoader:240 - Cannot read IP mode file for STMicroelectronics.X-CUBE-AZRTOS-F7.1.1.0
2024-11-20 19:31:55,339 [WARN] PackLoader:240 - Cannot read IP mode file for STMicroelectronics.FP-SNS-FLIGHT1.5.0.2
2024-11-20 19:31:55,346 [WARN] PackLoader:240 - Cannot read IP mode file for STMicroelectronics.X-CUBE-DISPLAY.3.0.0
2024-11-20 19:31:55,358 [WARN] PackLoader:240 - Cannot read IP mode file for STMicroelectronics.X-CUBE-BLE1.7.0.0
2024-11-20 19:31:55,364 [WARN] PackLoader:240 - Cannot read IP mode file for emotas.I-CUBE-CANOPEN.1.3.0
2024-11-20 19:31:55,374 [WARN] PackLoader:240 - Cannot read IP mode file for STMicroelectronics.X-CUBE-BLEMGR.3.1.0
2024-11-20 19:31:55,380 [WARN] PackLoader:240 - Cannot read IP mode file for STMicroelectronics.FP-SNS-SMARTAG2.1.2.0
2024-11-20 19:31:55,388 [INFO] LogOutputStream:77 - [STDOUT_REDIRECT] 1 : Invalid condition id : UX_CORESTACK_Condition cause : null
2024-11-20 19:31:55,389 [INFO] LogOutputStream:77 - [STDOUT_REDIRECT] 1 : Invalid condition id : UX_CORESTACK_Condition cause : null
2024-11-20 19:31:55,390 [INFO] LogOutputStream:77 - [STDOUT_REDIRECT] 1 : Invalid condition id : UX_CORESTACK_Condition cause : null
2024-11-20 19:31:55,391 [INFO] LogOutputStream:77 - [STDOUT_REDIRECT] 1 : Invalid condition id : UX_CORESTACK_Condition cause : null
2024-11-20 19:31:55,392 [INFO] LogOutputStream:77 - [STDOUT_REDIRECT] 1 : Invalid condition id : UX_CORESTACK_Condition cause : null
2024-11-20 19:31:55,395 [WARN] PackLoader:240 - Cannot read IP mode file for STMicroelectronics.X-CUBE-AZRTOS-WL.2.0.0
2024-11-20 19:31:55,401 [WARN] PackLoader:240 - Cannot read IP mode file for STMicroelectronics.FP-SNS-MOTENV1.5.0.0
2024-11-20 19:31:55,405 [WARN] PackLoader:240 - Cannot read IP mode file for wolfSSL.I-CUBE-wolfMQTT.1.19.0
2024-11-20 19:31:55,409 [WARN] PackLoader:240 - Cannot read IP mode file for STMicroelectronics.X-CUBE-BLE2.3.3.0
2024-11-20 19:31:55,413 [WARN] PackLoader:240 - Cannot read IP mode file for STMicroelectronics.X-CUBE-TCPP.4.1.0
2024-11-20 19:31:55,427 [WARN] PackLoader:240 - Cannot read IP mode file for STMicroelectronics.X-CUBE-AZRTOS-G0.1.1.0
2024-11-20 19:31:55,437 [WARN] PackLoader:240 - Cannot read IP mode file for STMicroelectronics.X-CUBE-SAFEA1.1.2.2
2024-11-20 19:31:55,444 [WARN] PackLoader:240 - Cannot read IP mode file for STMicroelectronics.X-CUBE-NFC4.3.0.0
2024-11-20 19:31:55,454 [WARN] PackLoader:240 - Cannot read IP mode file for EmbeddedOffice.I-CUBE-FS-RTOS.1.0.1
2024-11-20 19:31:55,455 [ERROR] ConditionMgr:805 - Attr not supported : Dmpu
2024-11-20 19:31:55,455 [ERROR] ConditionMgr:805 - Attr not supported : Dmpu
2024-11-20 19:31:55,455 [ERROR] ConditionMgr:805 - Attr not supported : Dmpu
2024-11-20 19:31:55,455 [ERROR] ConditionMgr:805 - Attr not supported : Dmpu
2024-11-20 19:31:55,455 [ERROR] ConditionMgr:805 - Attr not supported : Dmpu
2024-11-20 19:31:55,455 [ERROR] ConditionMgr:805 - Attr not supported : Dmpu
2024-11-20 19:31:55,455 [ERROR] ConditionMgr:805 - Attr not supported : Dmpu
2024-11-20 19:31:55,455 [ERROR] ConditionMgr:805 - Attr not supported : Dmpu
2024-11-20 19:31:55,455 [ERROR] ConditionMgr:805 - Attr not supported : Dmpu
2024-11-20 19:31:55,456 [ERROR] ConditionMgr:805 - Attr not supported : Dmpu
2024-11-20 19:31:55,456 [ERROR] ConditionMgr:805 - Attr not supported : Dmpu
2024-11-20 19:31:55,456 [ERROR] ConditionMgr:805 - Attr not supported : Dmpu
2024-11-20 19:31:55,456 [ERROR] ConditionMgr:805 - Attr not supported : Dmpu
2024-11-20 19:31:55,456 [ERROR] ConditionMgr:805 - Attr not supported : Dmpu
2024-11-20 19:31:55,456 [ERROR] ConditionMgr:805 - Attr not supported : Dmpu
2024-11-20 19:31:55,456 [ERROR] ConditionMgr:805 - Attr not supported : Dmpu
2024-11-20 19:31:55,456 [ERROR] ConditionMgr:805 - Attr not supported : Dmpu
2024-11-20 19:31:55,456 [ERROR] ConditionMgr:805 - Attr not supported : Dmpu
2024-11-20 19:31:55,456 [ERROR] ConditionMgr:805 - Attr not supported : Dmpu
2024-11-20 19:31:55,456 [ERROR] ConditionMgr:805 - Attr not supported : Dmpu
2024-11-20 19:31:55,456 [ERROR] ConditionMgr:805 - Attr not supported : Dmpu
2024-11-20 19:31:55,456 [ERROR] ConditionMgr:805 - Attr not supported : Dmpu
2024-11-20 19:31:55,456 [ERROR] ConditionMgr:805 - Attr not supported : Dmpu
2024-11-20 19:31:55,456 [ERROR] ConditionMgr:805 - Attr not supported : Dmpu
2024-11-20 19:31:55,456 [ERROR] ConditionMgr:805 - Attr not supported : Dmpu
2024-11-20 19:31:55,456 [ERROR] ConditionMgr:805 - Attr not supported : Dmpu
2024-11-20 19:31:55,456 [ERROR] ConditionMgr:805 - Attr not supported : Dmpu
2024-11-20 19:31:55,457 [ERROR] ConditionMgr:805 - Attr not supported : Dmpu
2024-11-20 19:31:55,457 [ERROR] ConditionMgr:805 - Attr not supported : Dmpu
2024-11-20 19:31:55,457 [ERROR] ConditionMgr:805 - Attr not supported : Dmpu
2024-11-20 19:31:55,457 [ERROR] ConditionMgr:805 - Attr not supported : Dmpu
2024-11-20 19:31:55,457 [ERROR] ConditionMgr:805 - Attr not supported : Dmpu
2024-11-20 19:31:55,457 [ERROR] ConditionMgr:805 - Attr not supported : Dmpu
2024-11-20 19:31:55,457 [ERROR] ConditionMgr:805 - Attr not supported : Dmpu
2024-11-20 19:31:55,457 [ERROR] ConditionMgr:805 - Attr not supported : Dmpu
2024-11-20 19:31:55,457 [ERROR] ConditionMgr:805 - Attr not supported : Dmpu
2024-11-20 19:31:55,457 [ERROR] ConditionMgr:805 - Attr not supported : Dmpu
2024-11-20 19:31:55,457 [ERROR] ConditionMgr:805 - Attr not supported : Dmpu
2024-11-20 19:31:55,457 [ERROR] ConditionMgr:805 - Attr not supported : Dmpu
2024-11-20 19:31:55,457 [ERROR] ConditionMgr:805 - Attr not supported : Dmpu
2024-11-20 19:31:55,457 [ERROR] ConditionMgr:805 - Attr not supported : Dmpu
2024-11-20 19:31:55,457 [ERROR] ConditionMgr:805 - Attr not supported : Dmpu
2024-11-20 19:31:55,457 [ERROR] ConditionMgr:805 - Attr not supported : Dmpu
2024-11-20 19:31:55,457 [ERROR] ConditionMgr:805 - Attr not supported : Dmpu
2024-11-20 19:31:55,457 [ERROR] ConditionMgr:805 - Attr not supported : Dmpu
2024-11-20 19:31:55,457 [ERROR] ConditionMgr:805 - Attr not supported : Dmpu
2024-11-20 19:31:55,458 [ERROR] ConditionMgr:805 - Attr not supported : Dmpu
2024-11-20 19:31:55,458 [ERROR] ConditionMgr:805 - Attr not supported : Dmpu
2024-11-20 19:31:55,458 [ERROR] ConditionMgr:805 - Attr not supported : Dmpu
2024-11-20 19:31:55,458 [ERROR] ConditionMgr:805 - Attr not supported : Dmpu
2024-11-20 19:31:55,458 [ERROR] ConditionMgr:805 - Attr not supported : Dmpu
2024-11-20 19:31:55,458 [ERROR] ConditionMgr:805 - Attr not supported : Dmpu
2024-11-20 19:31:55,458 [ERROR] ConditionMgr:805 - Attr not supported : Dmpu
2024-11-20 19:31:55,458 [ERROR] ConditionMgr:805 - Attr not supported : Dmpu
2024-11-20 19:31:55,458 [ERROR] ConditionMgr:805 - Attr not supported : Dmpu
2024-11-20 19:31:55,458 [ERROR] ConditionMgr:805 - Attr not supported : Dmpu
2024-11-20 19:31:55,458 [ERROR] ConditionMgr:805 - Attr not supported : Dmpu
2024-11-20 19:31:55,458 [ERROR] ConditionMgr:805 - Attr not supported : Dmpu
2024-11-20 19:31:55,458 [ERROR] ConditionMgr:805 - Attr not supported : Dmpu
2024-11-20 19:31:55,458 [ERROR] ConditionMgr:805 - Attr not supported : Dmpu
2024-11-20 19:31:55,458 [ERROR] ConditionMgr:805 - Attr not supported : Dmpu
2024-11-20 19:31:55,458 [ERROR] ConditionMgr:805 - Attr not supported : Dmpu
2024-11-20 19:31:55,458 [ERROR] ConditionMgr:805 - Attr not supported : Dmpu
2024-11-20 19:31:55,458 [ERROR] ConditionMgr:805 - Attr not supported : Dmpu
2024-11-20 19:31:55,465 [WARN] PackLoader:240 - Cannot read IP mode file for RealThread.X-CUBE-RT-Thread_Nano.4.1.1
2024-11-20 19:31:55,472 [WARN] PackLoader:240 - Cannot read IP mode file for STMicroelectronics.FP-ATR-SIGFOX1.3.2.0
2024-11-20 19:31:55,477 [WARN] ConditionMgr:438 - getConditionDescription Invalid condition id : Cortex-A Device cause : null
2024-11-20 19:31:55,497 [WARN] ConditionMgr:1039 - genDependencies : Invalid condition id : Cortex-A Device cause : null
2024-11-20 19:31:55,497 [WARN] ConditionMgr:1039 - genDependencies : Invalid condition id : Cortex-A Device cause : null
2024-11-20 19:31:55,497 [WARN] ConditionMgr:1039 - genDependencies : Invalid condition id : Cortex-A Device cause : null
2024-11-20 19:31:55,505 [WARN] PackLoader:240 - Cannot read IP mode file for STMicroelectronics.X-CUBE-EEPRMA1.5.1.0
2024-11-20 19:31:55,516 [WARN] PackLoader:240 - Cannot read IP mode file for ITTIA_DB.I-CUBE-ITTIADB.8.9.0
2024-11-20 19:31:55,559 [WARN] PackLoader:240 - Cannot read IP mode file for SEGGER.I-CUBE-embOS.1.3.1
2024-11-20 19:31:55,619 [WARN] PackLoader:240 - Cannot read IP mode file for STMicroelectronics.X-CUBE-ALGOBUILD.1.4.0
2024-11-20 19:31:55,659 [WARN] PackLoader:240 - Cannot read IP mode file for STMicroelectronics.X-CUBE-AZRTOS-F4.1.1.0
2024-11-20 19:31:55,679 [WARN] PackLoader:240 - Cannot read IP mode file for STMicroelectronics.X-CUBE-FREERTOS.1.2.0
2024-11-20 19:31:55,698 [WARN] PackLoader:240 - Cannot read IP mode file for STMicroelectronics.X-CUBE-AZRTOS-L5.2.0.0
2024-11-20 19:31:55,710 [WARN] PackLoader:240 - Cannot read IP mode file for STMicroelectronics.X-CUBE-NFC6.3.1.0
2024-11-20 19:31:55,720 [WARN] PackLoader:240 - Cannot read IP mode file for STMicroelectronics.X-CUBE-NFC7.1.0.1
2024-11-20 19:31:55,738 [WARN] ConditionMgr:438 - getConditionDescription Invalid condition id : LAN8742 Phy interface Condition cause : null
2024-11-20 19:31:55,738 [WARN] PackLoader:240 - Cannot read IP mode file for STMicroelectronics.X-CUBE-AZRTOS-L4.2.0.0
2024-11-20 19:31:55,740 [WARN] ConditionMgr:1039 - genDependencies : Invalid condition id : LAN8742 Phy interface Condition cause : null
2024-11-20 19:31:55,741 [WARN] ConditionMgr:1039 - genDependencies : Invalid condition id : LAN8742 Phy interface Condition cause : null
2024-11-20 19:31:55,742 [WARN] ConditionMgr:1039 - genDependencies : Invalid condition id : LAN8742 Phy interface Condition cause : null
2024-11-20 19:31:55,750 [WARN] PackLoader:240 - Cannot read IP mode file for STMicroelectronics.X-CUBE-SFXS2LP1.4.0.0
2024-11-20 19:31:55,763 [WARN] ConditionMgr:438 - getConditionDescription Invalid condition id : UX DEVICE CLASS RTOS Condition cause : null
2024-11-20 19:31:55,763 [WARN] ConditionMgr:438 - getConditionDescription Invalid condition id : UX DEVICE CLASS RTOS Condition cause : null
2024-11-20 19:31:55,765 [WARN] PackLoader:240 - Cannot read IP mode file for STMicroelectronics.X-CUBE-AZRTOS-WB.2.0.0
2024-11-20 19:31:55,765 [WARN] ConditionMgr:1039 - genDependencies : Invalid condition id : UX DEVICE CLASS RTOS Condition cause : null
2024-11-20 19:31:55,765 [WARN] ConditionMgr:1039 - genDependencies : Invalid condition id : UX DEVICE CLASS RTOS Condition cause : null
2024-11-20 19:31:55,766 [WARN] ConditionMgr:1039 - genDependencies : Invalid condition id : UX DEVICE CLASS RTOS Condition cause : null
2024-11-20 19:31:55,766 [WARN] ConditionMgr:1039 - genDependencies : Invalid condition id : UX DEVICE CLASS RTOS Condition cause : null
2024-11-20 19:31:55,766 [WARN] ConditionMgr:1039 - genDependencies : Invalid condition id : UX DEVICE CLASS RTOS Condition cause : null
2024-11-20 19:31:55,780 [WARN] PackLoader:240 - Cannot read IP mode file for STMicroelectronics.X-CUBE-SUBG2.5.0.0
2024-11-20 19:31:55,791 [WARN] PackLoader:240 - Cannot read IP mode file for Cesanta.I-CUBE-Mongoose.7.13.0
2024-11-20 19:31:55,818 [WARN] PackLoader:240 - Cannot read IP mode file for STMicroelectronics.X-CUBE-AZRTOS-G4.2.0.0
2024-11-20 19:31:55,824 [WARN] PackLoader:240 - Cannot read IP mode file for STMicroelectronics.X-CUBE-ALS.1.0.2
2024-11-20 19:31:55,829 [WARN] PackLoader:240 - Cannot read IP mode file for wolfSSL.I-CUBE-wolfTPM.3.4.0
2024-11-20 19:31:55,855 [WARN] PackLoader:240 - Cannot read IP mode file for STMicroelectronics.X-CUBE-AZRTOS-H7RS.1.0.0
2024-11-20 19:31:55,862 [WARN] PackLoader:240 - Cannot read IP mode file for STMicroelectronics.FP-ATR-ASTRA1.2.0.0
2024-11-20 19:31:55,882 [WARN] PackLoader:240 - Cannot read IP mode file for Infineon.AIROC-Wi-Fi-Bluetooth-STM32.1.6.1
2024-11-20 19:31:55,892 [WARN] PackLoader:240 - Cannot read IP mode file for wolfSSL.I-CUBE-wolfSSH.1.4.17
2024-11-20 19:31:55,893 [INFO] ThirdParty:978 - Integrity check success = true
2024-11-20 19:31:55,893 [INFO] IntegrityCheckThread:100 - exiting critical section [integrity check]
2024-11-20 19:31:55,893 [INFO] IntegrityCheckThread:103 - End integrity checks thread
2024-11-20 19:34:13,000 [ERROR] LogOutputStream:75 - [STDERR_REDIRECT] 
