14:26:11 **** Incremental Build of configuration Debug for project main_board ****
make -j16 all 
arm-none-eabi-gcc "../Core/Src/OLED.c" -mcpu=cortex-m0 -std=gnu11 -g -DDEBUG -DUSE_HAL_DRIVER -DSTM32F072xB -c -I../Core/Inc -I../Drivers/STM32F0xx_HAL_Driver/Inc -I../Drivers/STM32F0xx_HAL_Driver/Inc/Legacy -I../Drivers/CMSIS/Device/ST/STM32F0xx/Include -I../Drivers/CMSIS/Include -O0 -ffunction-sections -fdata-sections -Wall -fstack-usage -fcyclomatic-complexity -MMD -MP -MF"Core/Src/OLED.d" -MT"Core/Src/OLED.o" --specs=nano.specs -mfloat-abi=soft -mthumb -o "Core/Src/OLED.o"
arm-none-eabi-gcc "../Core/Src/main.c" -mcpu=cortex-m0 -std=gnu11 -g -DDEBUG -DUSE_HAL_DRIVER -DSTM32F072xB -c -I../Core/Inc -I../Drivers/STM32F0xx_HAL_Driver/Inc -I../Drivers/STM32F0xx_HAL_Driver/Inc/Legacy -I../Drivers/CMSIS/Device/ST/STM32F0xx/Include -I../Drivers/CMSIS/Include -O0 -ffunction-sections -fdata-sections -Wall -fstack-usage -fcyclomatic-complexity -MMD -MP -MF"Core/Src/main.d" -MT"Core/Src/main.o" --specs=nano.specs -mfloat-abi=soft -mthumb -o "Core/Src/main.o"
In file included from ../Core/Src/OLED.c:3:
../Core/Inc/OLED_Font.h:7:1: warning: missing braces around initializer [-Wmissing-braces]
    7 | {
      | ^
    8 |         0x00,0x00,0x00,0x00,0x00,0x00,0x00,0x00,
      |         {
    9 |         0x00,0x00,0x00,0x00,0x00,0x00,0x00,0x00,//  0
      |                                                }
   10 | 
   11 |         0x00,0x00,0x00,0xF8,0x00,0x00,0x00,0x00,
      |         {
   12 |         0x00,0x00,0x00,0x33,0x30,0x00,0x00,0x00,//! 1
      |                                                }
   13 | 
   14 |         0x00,0x10,0x0C,0x06,0x10,0x0C,0x06,0x00,
      |         {
   15 |         0x00,0x00,0x00,0x00,0x00,0x00,0x00,0x00,//" 2
      |                                                }
   16 | 
   17 |         0x40,0xC0,0x78,0x40,0xC0,0x78,0x40,0x00,
      |         {
   18 |         0x04,0x3F,0x04,0x04,0x3F,0x04,0x04,0x00,//# 3
      |                                                }
   19 | 
   20 |         0x00,0x70,0x88,0xFC,0x08,0x30,0x00,0x00,
      |         {
   21 |         0x00,0x18,0x20,0xFF,0x21,0x1E,0x00,0x00,//$ 4
      |                                                }
   22 | 
   23 |         0xF0,0x08,0xF0,0x00,0xE0,0x18,0x00,0x00,
      |         {
   24 |         0x00,0x21,0x1C,0x03,0x1E,0x21,0x1E,0x00,//% 5
      |                                                }
   25 | 
   26 |         0x00,0xF0,0x08,0x88,0x70,0x00,0x00,0x00,
      |         {
   27 |         0x1E,0x21,0x23,0x24,0x19,0x27,0x21,0x10,//& 6
      |                                                }
   28 | 
   29 |         0x10,0x16,0x0E,0x00,0x00,0x00,0x00,0x00,
      |         {
   30 |         0x00,0x00,0x00,0x00,0x00,0x00,0x00,0x00,//' 7
      |                                                }
   31 | 
   32 |         0x00,0x00,0x00,0xE0,0x18,0x04,0x02,0x00,
      |         {
   33 |         0x00,0x00,0x00,0x07,0x18,0x20,0x40,0x00,//( 8
      |                                                }
   34 | 
   35 |         0x00,0x02,0x04,0x18,0xE0,0x00,0x00,0x00,
      |         {
   36 |         0x00,0x40,0x20,0x18,0x07,0x00,0x00,0x00,//) 9
      |                                                }
   37 | 
   38 |         0x40,0x40,0x80,0xF0,0x80,0x40,0x40,0x00,
      |         {
   39 |         0x02,0x02,0x01,0x0F,0x01,0x02,0x02,0x00,//* 10
      |                                                }
   40 | 
   41 |         0x00,0x00,0x00,0xF0,0x00,0x00,0x00,0x00,
      |         {
   42 |         0x01,0x01,0x01,0x1F,0x01,0x01,0x01,0x00,//+ 11
      |                                                }
   43 | 
   44 |         0x00,0x00,0x00,0x00,0x00,0x00,0x00,0x00,
      |         {
   45 |         0x80,0xB0,0x70,0x00,0x00,0x00,0x00,0x00,//, 12
      |                                                }
   46 | 
   47 |         0x00,0x00,0x00,0x00,0x00,0x00,0x00,0x00,
      |         {
   48 |         0x00,0x01,0x01,0x01,0x01,0x01,0x01,0x01,//- 13
      |                                                }
   49 | 
   50 |         0x00,0x00,0x00,0x00,0x00,0x00,0x00,0x00,
      |         {
   51 |         0x00,0x30,0x30,0x00,0x00,0x00,0x00,0x00,//. 14
      |                                                }
   52 | 
   53 |         0x00,0x00,0x00,0x00,0x80,0x60,0x18,0x04,
      |         {
   54 |         0x00,0x60,0x18,0x06,0x01,0x00,0x00,0x00,/// 15
      |                                                }
   55 | 
   56 |         0x00,0xE0,0x10,0x08,0x08,0x10,0xE0,0x00,
      |         {
   57 |         0x00,0x0F,0x10,0x20,0x20,0x10,0x0F,0x00,//0 16
      |                                                }
   58 | 
   59 |         0x00,0x10,0x10,0xF8,0x00,0x00,0x00,0x00,
      |         {
   60 |         0x00,0x20,0x20,0x3F,0x20,0x20,0x00,0x00,//1 17
      |                                                }
   61 | 
   62 |         0x00,0x70,0x08,0x08,0x08,0x88,0x70,0x00,
      |         {
   63 |         0x00,0x30,0x28,0x24,0x22,0x21,0x30,0x00,//2 18
      |                                                }
   64 | 
   65 |         0x00,0x30,0x08,0x88,0x88,0x48,0x30,0x00,
      |         {
   66 |         0x00,0x18,0x20,0x20,0x20,0x11,0x0E,0x00,//3 19
      |                                                }
   67 | 
   68 |         0x00,0x00,0xC0,0x20,0x10,0xF8,0x00,0x00,
      |         {
   69 |         0x00,0x07,0x04,0x24,0x24,0x3F,0x24,0x00,//4 20
      |                                                }
   70 | 
   71 |         0x00,0xF8,0x08,0x88,0x88,0x08,0x08,0x00,
      |         {
   72 |         0x00,0x19,0x21,0x20,0x20,0x11,0x0E,0x00,//5 21
      |                                                }
   73 | 
   74 |         0x00,0xE0,0x10,0x88,0x88,0x18,0x00,0x00,
      |         {
   75 |         0x00,0x0F,0x11,0x20,0x20,0x11,0x0E,0x00,//6 22
      |                                                }
   76 | 
   77 |         0x00,0x38,0x08,0x08,0xC8,0x38,0x08,0x00,
      |         {
   78 |         0x00,0x00,0x00,0x3F,0x00,0x00,0x00,0x00,//7 23
      |                                                }
   79 | 
   80 |         0x00,0x70,0x88,0x08,0x08,0x88,0x70,0x00,
      |         {
   81 |         0x00,0x1C,0x22,0x21,0x21,0x22,0x1C,0x00,//8 24
      |                                                }
   82 | 
   83 |         0x00,0xE0,0x10,0x08,0x08,0x10,0xE0,0x00,
      |         {
   84 |         0x00,0x00,0x31,0x22,0x22,0x11,0x0F,0x00,//9 25
      |                                                }
   85 | 
   86 |         0x00,0x00,0x00,0xC0,0xC0,0x00,0x00,0x00,
      |         {
   87 |         0x00,0x00,0x00,0x30,0x30,0x00,0x00,0x00,//: 26
      |                                                }
   88 | 
   89 |         0x00,0x00,0x00,0x80,0x00,0x00,0x00,0x00,
      |         {
   90 |         0x00,0x00,0x80,0x60,0x00,0x00,0x00,0x00,//; 27
      |                                                }
   91 | 
   92 |         0x00,0x00,0x80,0x40,0x20,0x10,0x08,0x00,
      |         {
   93 |         0x00,0x01,0x02,0x04,0x08,0x10,0x20,0x00,//< 28
      |                                                }
   94 | 
   95 |         0x40,0x40,0x40,0x40,0x40,0x40,0x40,0x00,
      |         {
   96 |         0x04,0x04,0x04,0x04,0x04,0x04,0x04,0x00,//= 29
      |                                                }
   97 | 
   98 |         0x00,0x08,0x10,0x20,0x40,0x80,0x00,0x00,
      |         {
   99 |         0x00,0x20,0x10,0x08,0x04,0x02,0x01,0x00,//> 30
      |                                                }
  100 | 
  101 |         0x00,0x70,0x48,0x08,0x08,0x08,0xF0,0x00,
      |         {
  102 |         0x00,0x00,0x00,0x30,0x36,0x01,0x00,0x00,//? 31
      |                                                }
  103 | 
  104 |         0xC0,0x30,0xC8,0x28,0xE8,0x10,0xE0,0x00,
      |         {
  105 |         0x07,0x18,0x27,0x24,0x23,0x14,0x0B,0x00,//@ 32
      |                                                }
  106 | 
  107 |         0x00,0x00,0xC0,0x38,0xE0,0x00,0x00,0x00,
      |         {
  108 |         0x20,0x3C,0x23,0x02,0x02,0x27,0x38,0x20,//A 33
      |                                                }
  109 | 
  110 |         0x08,0xF8,0x88,0x88,0x88,0x70,0x00,0x00,
      |         {
  111 |         0x20,0x3F,0x20,0x20,0x20,0x11,0x0E,0x00,//B 34
      |                                                }
  112 | 
  113 |         0xC0,0x30,0x08,0x08,0x08,0x08,0x38,0x00,
      |         {
  114 |         0x07,0x18,0x20,0x20,0x20,0x10,0x08,0x00,//C 35
      |                                                }
  115 | 
  116 |         0x08,0xF8,0x08,0x08,0x08,0x10,0xE0,0x00,
      |         {
  117 |         0x20,0x3F,0x20,0x20,0x20,0x10,0x0F,0x00,//D 36
      |                                                }
  118 | 
  119 |         0x08,0xF8,0x88,0x88,0xE8,0x08,0x10,0x00,
      |         {
  120 |         0x20,0x3F,0x20,0x20,0x23,0x20,0x18,0x00,//E 37
      |                                                }
  121 | 
  122 |         0x08,0xF8,0x88,0x88,0xE8,0x08,0x10,0x00,
      |         {
  123 |         0x20,0x3F,0x20,0x00,0x03,0x00,0x00,0x00,//F 38
      |                                                }
  124 | 
  125 |         0xC0,0x30,0x08,0x08,0x08,0x38,0x00,0x00,
      |         {
  126 |         0x07,0x18,0x20,0x20,0x22,0x1E,0x02,0x00,//G 39
      |                                                }
  127 | 
  128 |         0x08,0xF8,0x08,0x00,0x00,0x08,0xF8,0x08,
      |         {
  129 |         0x20,0x3F,0x21,0x01,0x01,0x21,0x3F,0x20,//H 40
      |                                                }
  130 | 
  131 |         0x00,0x08,0x08,0xF8,0x08,0x08,0x00,0x00,
      |         {
  132 |         0x00,0x20,0x20,0x3F,0x20,0x20,0x00,0x00,//I 41
      |                                                }
  133 | 
  134 |         0x00,0x00,0x08,0x08,0xF8,0x08,0x08,0x00,
      |         {
  135 |         0xC0,0x80,0x80,0x80,0x7F,0x00,0x00,0x00,//J 42
      |                                                }
  136 | 
  137 |         0x08,0xF8,0x88,0xC0,0x28,0x18,0x08,0x00,
      |         {
  138 |         0x20,0x3F,0x20,0x01,0x26,0x38,0x20,0x00,//K 43
      |                                                }
  139 | 
  140 |         0x08,0xF8,0x08,0x00,0x00,0x00,0x00,0x00,
      |         {
  141 |         0x20,0x3F,0x20,0x20,0x20,0x20,0x30,0x00,//L 44
      |                                                }
  142 | 
  143 |         0x08,0xF8,0xF8,0x00,0xF8,0xF8,0x08,0x00,
      |         {
  144 |         0x20,0x3F,0x00,0x3F,0x00,0x3F,0x20,0x00,//M 45
      |                                                }
  145 | 
  146 |         0x08,0xF8,0x30,0xC0,0x00,0x08,0xF8,0x08,
      |         {
  147 |         0x20,0x3F,0x20,0x00,0x07,0x18,0x3F,0x00,//N 46
      |                                                }
  148 | 
  149 |         0xE0,0x10,0x08,0x08,0x08,0x10,0xE0,0x00,
      |         {
  150 |         0x0F,0x10,0x20,0x20,0x20,0x10,0x0F,0x00,//O 47
      |                                                }
  151 | 
  152 |         0x08,0xF8,0x08,0x08,0x08,0x08,0xF0,0x00,
      |         {
  153 |         0x20,0x3F,0x21,0x01,0x01,0x01,0x00,0x00,//P 48
      |                                                }
  154 | 
  155 |         0xE0,0x10,0x08,0x08,0x08,0x10,0xE0,0x00,
      |         {
  156 |         0x0F,0x18,0x24,0x24,0x38,0x50,0x4F,0x00,//Q 49
      |                                                }
  157 | 
  158 |         0x08,0xF8,0x88,0x88,0x88,0x88,0x70,0x00,
      |         {
  159 |         0x20,0x3F,0x20,0x00,0x03,0x0C,0x30,0x20,//R 50
      |                                                }
  160 | 
  161 |         0x00,0x70,0x88,0x08,0x08,0x08,0x38,0x00,
      |         {
  162 |         0x00,0x38,0x20,0x21,0x21,0x22,0x1C,0x00,//S 51
      |                                                }
  163 | 
  164 |         0x18,0x08,0x08,0xF8,0x08,0x08,0x18,0x00,
      |         {
  165 |         0x00,0x00,0x20,0x3F,0x20,0x00,0x00,0x00,//T 52
      |                                                }
  166 | 
  167 |         0x08,0xF8,0x08,0x00,0x00,0x08,0xF8,0x08,
      |         {
  168 |         0x00,0x1F,0x20,0x20,0x20,0x20,0x1F,0x00,//U 53
      |                                                }
  169 | 
  170 |         0x08,0x78,0x88,0x00,0x00,0xC8,0x38,0x08,
      |         {
  171 |         0x00,0x00,0x07,0x38,0x0E,0x01,0x00,0x00,//V 54
      |                                                }
  172 | 
  173 |         0xF8,0x08,0x00,0xF8,0x00,0x08,0xF8,0x00,
      |         {
  174 |         0x03,0x3C,0x07,0x00,0x07,0x3C,0x03,0x00,//W 55
      |                                                }
  175 | 
  176 |         0x08,0x18,0x68,0x80,0x80,0x68,0x18,0x08,
      |         {
  177 |         0x20,0x30,0x2C,0x03,0x03,0x2C,0x30,0x20,//X 56
      |                                                }
  178 | 
  179 |         0x08,0x38,0xC8,0x00,0xC8,0x38,0x08,0x00,
      |         {
  180 |         0x00,0x00,0x20,0x3F,0x20,0x00,0x00,0x00,//Y 57
      |                                                }
  181 | 
  182 |         0x10,0x08,0x08,0x08,0xC8,0x38,0x08,0x00,
      |         {
  183 |         0x20,0x38,0x26,0x21,0x20,0x20,0x18,0x00,//Z 58
      |                                                }
  184 | 
  185 |         0x00,0x00,0x00,0xFE,0x02,0x02,0x02,0x00,
      |         {
  186 |         0x00,0x00,0x00,0x7F,0x40,0x40,0x40,0x00,//[ 59
      |                                                }
  187 | 
  188 |         0x00,0x0C,0x30,0xC0,0x00,0x00,0x00,0x00,
      |         {
  189 |         0x00,0x00,0x00,0x01,0x06,0x38,0xC0,0x00,//\ 60
      |                                                }
  190 | 
  191 |         0x00,0x02,0x02,0x02,0xFE,0x00,0x00,0x00,
      |         {
  192 |         0x00,0x40,0x40,0x40,0x7F,0x00,0x00,0x00,//] 61
      |                                                }
  193 | 
  194 |         0x00,0x00,0x04,0x02,0x02,0x02,0x04,0x00,
      |         {
  195 |         0x00,0x00,0x00,0x00,0x00,0x00,0x00,0x00,//^ 62
      |                                                }
  196 | 
  197 |         0x00,0x00,0x00,0x00,0x00,0x00,0x00,0x00,
      |         {
  198 |         0x80,0x80,0x80,0x80,0x80,0x80,0x80,0x80,//_ 63
      |                                                }
  199 | 
  200 |         0x00,0x02,0x02,0x04,0x00,0x00,0x00,0x00,
      |         {
  201 |         0x00,0x00,0x00,0x00,0x00,0x00,0x00,0x00,//` 64
      |                                                }
  202 | 
  203 |         0x00,0x00,0x80,0x80,0x80,0x80,0x00,0x00,
      |         {
  204 |         0x00,0x19,0x24,0x22,0x22,0x22,0x3F,0x20,//a 65
      |                                                }
  205 | 
  206 |         0x08,0xF8,0x00,0x80,0x80,0x00,0x00,0x00,
      |         {
  207 |         0x00,0x3F,0x11,0x20,0x20,0x11,0x0E,0x00,//b 66
      |                                                }
  208 | 
  209 |         0x00,0x00,0x00,0x80,0x80,0x80,0x00,0x00,
      |         {
  210 |         0x00,0x0E,0x11,0x20,0x20,0x20,0x11,0x00,//c 67
      |                                                }
  211 | 
  212 |         0x00,0x00,0x00,0x80,0x80,0x88,0xF8,0x00,
      |         {
  213 |         0x00,0x0E,0x11,0x20,0x20,0x10,0x3F,0x20,//d 68
      |                                                }
  214 | 
  215 |         0x00,0x00,0x80,0x80,0x80,0x80,0x00,0x00,
      |         {
  216 |         0x00,0x1F,0x22,0x22,0x22,0x22,0x13,0x00,//e 69
      |                                                }
  217 | 
  218 |         0x00,0x80,0x80,0xF0,0x88,0x88,0x88,0x18,
      |         {
  219 |         0x00,0x20,0x20,0x3F,0x20,0x20,0x00,0x00,//f 70
      |                                                }
  220 | 
  221 |         0x00,0x00,0x80,0x80,0x80,0x80,0x80,0x00,
      |         {
  222 |         0x00,0x6B,0x94,0x94,0x94,0x93,0x60,0x00,//g 71
      |                                                }
  223 | 
  224 |         0x08,0xF8,0x00,0x80,0x80,0x80,0x00,0x00,
      |         {
  225 |         0x20,0x3F,0x21,0x00,0x00,0x20,0x3F,0x20,//h 72
      |                                                }
  226 | 
  227 |         0x00,0x80,0x98,0x98,0x00,0x00,0x00,0x00,
      |         {
  228 |         0x00,0x20,0x20,0x3F,0x20,0x20,0x00,0x00,//i 73
      |                                                }
  229 | 
  230 |         0x00,0x00,0x00,0x80,0x98,0x98,0x00,0x00,
      |         {
  231 |         0x00,0xC0,0x80,0x80,0x80,0x7F,0x00,0x00,//j 74
      |                                                }
  232 | 
  233 |         0x08,0xF8,0x00,0x00,0x80,0x80,0x80,0x00,
      |         {
  234 |         0x20,0x3F,0x24,0x02,0x2D,0x30,0x20,0x00,//k 75
      |                                                }
  235 | 
  236 |         0x00,0x08,0x08,0xF8,0x00,0x00,0x00,0x00,
      |         {
  237 |         0x00,0x20,0x20,0x3F,0x20,0x20,0x00,0x00,//l 76
      |                                                }
  238 | 
  239 |         0x80,0x80,0x80,0x80,0x80,0x80,0x80,0x00,
      |         {
  240 |         0x20,0x3F,0x20,0x00,0x3F,0x20,0x00,0x3F,//m 77
      |                                                }
  241 | 
  242 |         0x80,0x80,0x00,0x80,0x80,0x80,0x00,0x00,
      |         {
  243 |         0x20,0x3F,0x21,0x00,0x00,0x20,0x3F,0x20,//n 78
      |                                                }
  244 | 
  245 |         0x00,0x00,0x80,0x80,0x80,0x80,0x00,0x00,
      |         {
  246 |         0x00,0x1F,0x20,0x20,0x20,0x20,0x1F,0x00,//o 79
      |                                                }
  247 | 
  248 |         0x80,0x80,0x00,0x80,0x80,0x00,0x00,0x00,
      |         {
  249 |         0x80,0xFF,0xA1,0x20,0x20,0x11,0x0E,0x00,//p 80
      |                                                }
  250 | 
  251 |         0x00,0x00,0x00,0x80,0x80,0x80,0x80,0x00,
      |         {
  252 |         0x00,0x0E,0x11,0x20,0x20,0xA0,0xFF,0x80,//q 81
      |                                                }
  253 | 
  254 |         0x80,0x80,0x80,0x00,0x80,0x80,0x80,0x00,
      |         {
  255 |         0x20,0x20,0x3F,0x21,0x20,0x00,0x01,0x00,//r 82
      |                                                }
  256 | 
  257 |         0x00,0x00,0x80,0x80,0x80,0x80,0x80,0x00,
      |         {
  258 |         0x00,0x33,0x24,0x24,0x24,0x24,0x19,0x00,//s 83
      |                                                }
  259 | 
  260 |         0x00,0x80,0x80,0xE0,0x80,0x80,0x00,0x00,
      |         {
  261 |         0x00,0x00,0x00,0x1F,0x20,0x20,0x00,0x00,//t 84
      |                                                }
  262 | 
  263 |         0x80,0x80,0x00,0x00,0x00,0x80,0x80,0x00,
      |         {
  264 |         0x00,0x1F,0x20,0x20,0x20,0x10,0x3F,0x20,//u 85
      |                                                }
  265 | 
  266 |         0x80,0x80,0x80,0x00,0x00,0x80,0x80,0x80,
      |         {
  267 |         0x00,0x01,0x0E,0x30,0x08,0x06,0x01,0x00,//v 86
      |                                                }
  268 | 
  269 |         0x80,0x80,0x00,0x80,0x00,0x80,0x80,0x80,
      |         {
  270 |         0x0F,0x30,0x0C,0x03,0x0C,0x30,0x0F,0x00,//w 87
      |                                                }
  271 | 
  272 |         0x00,0x80,0x80,0x00,0x80,0x80,0x80,0x00,
      |         {
  273 |         0x00,0x20,0x31,0x2E,0x0E,0x31,0x20,0x00,//x 88
      |                                                }
  274 | 
  275 |         0x80,0x80,0x80,0x00,0x00,0x80,0x80,0x80,
      |         {
  276 |         0x80,0x81,0x8E,0x70,0x18,0x06,0x01,0x00,//y 89
      |                                                }
  277 | 
  278 |         0x00,0x80,0x80,0x80,0x80,0x80,0x80,0x00,
      |         {
  279 |         0x00,0x21,0x30,0x2C,0x22,0x21,0x30,0x00,//z 90
      |                                                }
  280 | 
  281 |         0x00,0x00,0x00,0x00,0x80,0x7C,0x02,0x02,
      |         {
  282 |         0x00,0x00,0x00,0x00,0x00,0x3F,0x40,0x40,//{ 91
      |                                                }
  283 | 
  284 |         0x00,0x00,0x00,0x00,0xFF,0x00,0x00,0x00,
      |         {
  285 |         0x00,0x00,0x00,0x00,0xFF,0x00,0x00,0x00,//| 92
      |                                                }
  286 | 
  287 |         0x00,0x02,0x02,0x7C,0x80,0x00,0x00,0x00,
      |         {
  288 |         0x00,0x40,0x40,0x3F,0x00,0x00,0x00,0x00,//} 93
      |                                                }
  289 | 
  290 |         0x00,0x06,0x01,0x01,0x02,0x02,0x04,0x04,
      |         {
  291 |         0x00,0x00,0x00,0x00,0x00,0x00,0x00,0x00,//~ 94
  292 | };
      | }
../Core/Src/OLED.c:4:10: fatal error: gpio.h: No such file or directory
    4 | #include "gpio.h"
      |          ^~~~~~~~
compilation terminated.
In file included from ../Core/Src/main.c:25:
../Core/Inc/oled.h:6:32: error: conflicting types for 'uint32_t'; have 'unsigned int'
    6 | typedef unsigned           int uint32_t;
      |                                ^~~~~~~~
make: *** [Core/Src/subdir.mk:55: Core/Src/OLED.o] Error 1
make: *** Waiting for unfinished jobs....
In file included from D:\ST\STM32CubeIDE_1.16.1\STM32CubeIDE\plugins\com.st.stm32cube.ide.mcu.externaltools.gnu-tools-for-stm32.12.3.rel1.win32_1.0.200.202406191623\tools\bin/../lib/gcc/arm-none-eabi/12.3.1/../../../../arm-none-eabi/include/stdint.h:14,
                 from D:\ST\STM32CubeIDE_1.16.1\STM32CubeIDE\plugins\com.st.stm32cube.ide.mcu.externaltools.gnu-tools-for-stm32.12.3.rel1.win32_1.0.200.202406191623\tools\bin/../lib/gcc/arm-none-eabi/12.3.1/include/stdint.h:9,
                 from ../Drivers/CMSIS/Include/core_cm0.h:34,
                 from ../Drivers/CMSIS/Device/ST/STM32F0xx/Include/stm32f072xb.h:114,
                 from ../Drivers/CMSIS/Device/ST/STM32F0xx/Include/stm32f0xx.h:147,
                 from ../Drivers/STM32F0xx_HAL_Driver/Inc/stm32f0xx_hal_def.h:29,
                 from ../Drivers/STM32F0xx_HAL_Driver/Inc/stm32f0xx_hal_rcc.h:27,
                 from ../Core/Inc/stm32f0xx_hal_conf.h:193,
                 from ../Drivers/STM32F0xx_HAL_Driver/Inc/stm32f0xx_hal.h:29,
                 from ../Core/Inc/main.h:30,
                 from ../Core/Src/main.c:20:
D:\ST\STM32CubeIDE_1.16.1\STM32CubeIDE\plugins\com.st.stm32cube.ide.mcu.externaltools.gnu-tools-for-stm32.12.3.rel1.win32_1.0.200.202406191623\tools\bin/../lib/gcc/arm-none-eabi/12.3.1/../../../../arm-none-eabi/include/sys/_stdint.h:48:20: note: previous declaration of 'uint32_t' with type 'uint32_t' {aka 'long unsigned int'}
   48 | typedef __uint32_t uint32_t ;
      |                    ^~~~~~~~
../Core/Inc/oled.h:7:32: error: conflicting types for 'int32_t'; have 'int'
    7 | typedef   signed           int int32_t;
      |                                ^~~~~~~
D:\ST\STM32CubeIDE_1.16.1\STM32CubeIDE\plugins\com.st.stm32cube.ide.mcu.externaltools.gnu-tools-for-stm32.12.3.rel1.win32_1.0.200.202406191623\tools\bin/../lib/gcc/arm-none-eabi/12.3.1/../../../../arm-none-eabi/include/sys/_stdint.h:44:19: note: previous declaration of 'int32_t' with type 'int32_t' {aka 'long int'}
   44 | typedef __int32_t int32_t ;
      |                   ^~~~~~~
../Core/Src/main.c: In function 'main':
../Core/Src/main.c:105:3: warning: implicit declaration of function 'OLED_ShowCHinese'; did you mean 'OLED_ShowBinNum'? [-Wimplicit-function-declaration]
  105 |   OLED_ShowCHinese(0,0,0);
      |   ^~~~~~~~~~~~~~~~
      |   OLED_ShowBinNum
../Core/Src/main.c: At top level:
../Core/Src/main.c:236:13: warning: 'MX_I2C2_Init' defined but not used [-Wunused-function]
  236 | static void MX_I2C2_Init(void)
      |             ^~~~~~~~~~~~
make: *** [Core/Src/subdir.mk:55: Core/Src/main.o] Error 1
"make -j16 all" terminated with exit code 2. Build might be incomplete.

14:26:12 Build Failed. 6 errors, 3 warnings. (took 581ms)

